{
  "uid" : "1a587a566e267dd4",
  "name" : "Add employee",
  "fullName" : "tests.feature_profile_test.TestProfileFeature#test_add_employee",
  "historyId" : "7cc231a3811eb8493b8be6f2ed2e7892",
  "time" : {
    "start" : 1708968946525,
    "stop" : 1708968962897,
    "duration" : 16372
  },
  "status" : "broken",
  "statusMessage" : "selenium.common.exceptions.TimeoutException: Message:",
  "statusTrace" : "self = <feature_profile_test.TestProfileFeature object at 0x7f195e97cb60>\n\n    @allure.title(\"Add employee\")\n    @allure.severity(\"Critical\")\n    def test_add_employee(self):\n        self.login_page.open()\n        self.login_page.enter_login(self.data.LOGIN)\n        self.login_page.enter_password(self.data.PASSWORD)\n        self.login_page.click_submit_button()\n        self.dashboard_page.is_opened()\n        self.dashboard_page.click_pim()\n        self.pim_page.is_opened()\n        self.pim_page.click_add_emloyee()\n>       self.pim_page.fill_fields(\"Luis\",\"Suarez\")\n\ntests/feature_profile_test.py:70: \n_ _ _ _ _ _ _ _ _ _ _ _ _ _ _ _ _ _ _ _ _ _ _ _ _ _ _ _ _ _ _ _ _ _ _ _ _ _ _ _ \npages/pim_page.py:25: in fill_fields\n    first_name_field = self.wait.until(EC.element_to_be_clickable(self.FIRST_NAME_FIELD))\n_ _ _ _ _ _ _ _ _ _ _ _ _ _ _ _ _ _ _ _ _ _ _ _ _ _ _ _ _ _ _ _ _ _ _ _ _ _ _ _ \n\nself = <selenium.webdriver.support.wait.WebDriverWait (session=\"5478841c79964e5b5406d578c4c47a1b\")>\nmethod = <function element_to_be_clickable.<locals>._predicate at 0x7f195e4db240>\nmessage = ''\n\n    def until(self, method: Callable[[WebDriver], Union[Literal[False], T]], message: str = \"\") -> T:\n        \"\"\"Calls the method provided with the driver as an argument until the \\\n        return value does not evaluate to ``False``.\n    \n        :param method: callable(WebDriver)\n        :param message: optional message for :exc:`TimeoutException`\n        :returns: the result of the last call to `method`\n        :raises: :exc:`selenium.common.exceptions.TimeoutException` if timeout occurs\n        \"\"\"\n        screen = None\n        stacktrace = None\n    \n        end_time = time.monotonic() + self._timeout\n        while True:\n            try:\n                value = method(self._driver)\n                if value:\n                    return value\n            except self._ignored_exceptions as exc:\n                screen = getattr(exc, \"screen\", None)\n                stacktrace = getattr(exc, \"stacktrace\", None)\n            time.sleep(self._poll)\n            if time.monotonic() > end_time:\n                break\n>       raise TimeoutException(message, screen, stacktrace)\nE       selenium.common.exceptions.TimeoutException: Message:\n\n../local/lib/python3.12/site-packages/selenium/webdriver/support/wait.py:101: TimeoutException",
  "flaky" : false,
  "newFailed" : false,
  "beforeStages" : [ {
    "name" : "driver",
    "time" : {
      "start" : 1708968945712,
      "stop" : 1708968946524,
      "duration" : 812
    },
    "status" : "passed",
    "steps" : [ ],
    "attachments" : [ ],
    "parameters" : [ ],
    "attachmentsCount" : 0,
    "shouldDisplayMessage" : false,
    "stepsCount" : 0,
    "hasContent" : false
  }, {
    "name" : "setup",
    "time" : {
      "start" : 1708968946524,
      "stop" : 1708968946525,
      "duration" : 1
    },
    "status" : "passed",
    "steps" : [ ],
    "attachments" : [ ],
    "parameters" : [ ],
    "attachmentsCount" : 0,
    "shouldDisplayMessage" : false,
    "stepsCount" : 0,
    "hasContent" : false
  } ],
  "testStage" : {
    "status" : "broken",
    "statusMessage" : "selenium.common.exceptions.TimeoutException: Message:",
    "statusTrace" : "self = <feature_profile_test.TestProfileFeature object at 0x7f195e97cb60>\n\n    @allure.title(\"Add employee\")\n    @allure.severity(\"Critical\")\n    def test_add_employee(self):\n        self.login_page.open()\n        self.login_page.enter_login(self.data.LOGIN)\n        self.login_page.enter_password(self.data.PASSWORD)\n        self.login_page.click_submit_button()\n        self.dashboard_page.is_opened()\n        self.dashboard_page.click_pim()\n        self.pim_page.is_opened()\n        self.pim_page.click_add_emloyee()\n>       self.pim_page.fill_fields(\"Luis\",\"Suarez\")\n\ntests/feature_profile_test.py:70: \n_ _ _ _ _ _ _ _ _ _ _ _ _ _ _ _ _ _ _ _ _ _ _ _ _ _ _ _ _ _ _ _ _ _ _ _ _ _ _ _ \npages/pim_page.py:25: in fill_fields\n    first_name_field = self.wait.until(EC.element_to_be_clickable(self.FIRST_NAME_FIELD))\n_ _ _ _ _ _ _ _ _ _ _ _ _ _ _ _ _ _ _ _ _ _ _ _ _ _ _ _ _ _ _ _ _ _ _ _ _ _ _ _ \n\nself = <selenium.webdriver.support.wait.WebDriverWait (session=\"5478841c79964e5b5406d578c4c47a1b\")>\nmethod = <function element_to_be_clickable.<locals>._predicate at 0x7f195e4db240>\nmessage = ''\n\n    def until(self, method: Callable[[WebDriver], Union[Literal[False], T]], message: str = \"\") -> T:\n        \"\"\"Calls the method provided with the driver as an argument until the \\\n        return value does not evaluate to ``False``.\n    \n        :param method: callable(WebDriver)\n        :param message: optional message for :exc:`TimeoutException`\n        :returns: the result of the last call to `method`\n        :raises: :exc:`selenium.common.exceptions.TimeoutException` if timeout occurs\n        \"\"\"\n        screen = None\n        stacktrace = None\n    \n        end_time = time.monotonic() + self._timeout\n        while True:\n            try:\n                value = method(self._driver)\n                if value:\n                    return value\n            except self._ignored_exceptions as exc:\n                screen = getattr(exc, \"screen\", None)\n                stacktrace = getattr(exc, \"stacktrace\", None)\n            time.sleep(self._poll)\n            if time.monotonic() > end_time:\n                break\n>       raise TimeoutException(message, screen, stacktrace)\nE       selenium.common.exceptions.TimeoutException: Message:\n\n../local/lib/python3.12/site-packages/selenium/webdriver/support/wait.py:101: TimeoutException",
    "steps" : [ {
      "name" : "Open https://opensource-demo.orangehrmlive.com/web/index.php/auth/login page",
      "time" : {
        "start" : 1708968946525,
        "stop" : 1708968947902,
        "duration" : 1377
      },
      "status" : "passed",
      "steps" : [ ],
      "attachments" : [ ],
      "parameters" : [ ],
      "attachmentsCount" : 0,
      "shouldDisplayMessage" : false,
      "stepsCount" : 0,
      "hasContent" : false
    }, {
      "name" : "Enter login",
      "time" : {
        "start" : 1708968947902,
        "stop" : 1708968948955,
        "duration" : 1053
      },
      "status" : "passed",
      "steps" : [ ],
      "attachments" : [ ],
      "parameters" : [ {
        "name" : "login",
        "value" : "'Admin'"
      } ],
      "attachmentsCount" : 0,
      "shouldDisplayMessage" : false,
      "stepsCount" : 0,
      "hasContent" : true
    }, {
      "name" : "Enter password",
      "time" : {
        "start" : 1708968948955,
        "stop" : 1708968949021,
        "duration" : 66
      },
      "status" : "passed",
      "steps" : [ ],
      "attachments" : [ ],
      "parameters" : [ {
        "name" : "password",
        "value" : "'admin123'"
      } ],
      "attachmentsCount" : 0,
      "shouldDisplayMessage" : false,
      "stepsCount" : 0,
      "hasContent" : true
    }, {
      "name" : "Click submit",
      "time" : {
        "start" : 1708968949021,
        "stop" : 1708968949066,
        "duration" : 45
      },
      "status" : "passed",
      "steps" : [ ],
      "attachments" : [ ],
      "parameters" : [ ],
      "attachmentsCount" : 0,
      "shouldDisplayMessage" : false,
      "stepsCount" : 0,
      "hasContent" : false
    }, {
      "name" : "Open https://opensource-demo.orangehrmlive.com/web/index.php/dashboard/index is opened",
      "time" : {
        "start" : 1708968949066,
        "stop" : 1708968949908,
        "duration" : 842
      },
      "status" : "passed",
      "steps" : [ ],
      "attachments" : [ ],
      "parameters" : [ ],
      "attachmentsCount" : 0,
      "shouldDisplayMessage" : false,
      "stepsCount" : 0,
      "hasContent" : false
    }, {
      "name" : "Click on 'Pim' link",
      "time" : {
        "start" : 1708968949908,
        "stop" : 1708968951487,
        "duration" : 1579
      },
      "status" : "passed",
      "steps" : [ ],
      "attachments" : [ ],
      "parameters" : [ ],
      "attachmentsCount" : 0,
      "shouldDisplayMessage" : false,
      "stepsCount" : 0,
      "hasContent" : false
    }, {
      "name" : "Open https://opensource-demo.orangehrmlive.com/web/index.php/pim/viewEmployeeList is opened",
      "time" : {
        "start" : 1708968951487,
        "stop" : 1708968951490,
        "duration" : 3
      },
      "status" : "passed",
      "steps" : [ ],
      "attachments" : [ ],
      "parameters" : [ ],
      "attachmentsCount" : 0,
      "shouldDisplayMessage" : false,
      "stepsCount" : 0,
      "hasContent" : false
    }, {
      "name" : "Click click add emloyee",
      "time" : {
        "start" : 1708968951490,
        "stop" : 1708968952836,
        "duration" : 1346
      },
      "status" : "passed",
      "steps" : [ ],
      "attachments" : [ ],
      "parameters" : [ ],
      "attachmentsCount" : 0,
      "shouldDisplayMessage" : false,
      "stepsCount" : 0,
      "hasContent" : false
    }, {
      "name" : "Fill fields",
      "time" : {
        "start" : 1708968952836,
        "stop" : 1708968962896,
        "duration" : 10060
      },
      "status" : "broken",
      "statusMessage" : "selenium.common.exceptions.TimeoutException: Message: \n\n",
      "statusTrace" : "  File \"/usr/local/lib/python3.12/site-packages/allure_commons/_allure.py\", line 192, in impl\n    return func(*a, **kw)\n           ^^^^^^^^^^^^^^\n  File \"/usr/workspace/pages/pim_page.py\", line 25, in fill_fields\n    first_name_field = self.wait.until(EC.element_to_be_clickable(self.FIRST_NAME_FIELD))\n                       ^^^^^^^^^^^^^^^^^^^^^^^^^^^^^^^^^^^^^^^^^^^^^^^^^^^^^^^^^^^^^^^^^^\n  File \"/usr/local/lib/python3.12/site-packages/selenium/webdriver/support/wait.py\", line 101, in until\n    raise TimeoutException(message, screen, stacktrace)\n",
      "steps" : [ ],
      "attachments" : [ ],
      "parameters" : [ {
        "name" : "new_value_fir",
        "value" : "'Luis'"
      }, {
        "name" : "new_value_sec",
        "value" : "'Suarez'"
      } ],
      "attachmentsCount" : 0,
      "shouldDisplayMessage" : true,
      "stepsCount" : 0,
      "hasContent" : true
    } ],
    "attachments" : [ ],
    "parameters" : [ ],
    "attachmentsCount" : 0,
    "shouldDisplayMessage" : true,
    "stepsCount" : 9,
    "hasContent" : true
  },
  "afterStages" : [ {
    "name" : "driver::0",
    "time" : {
      "start" : 1708968962925,
      "stop" : 1708968962982,
      "duration" : 57
    },
    "status" : "passed",
    "steps" : [ ],
    "attachments" : [ ],
    "parameters" : [ ],
    "attachmentsCount" : 0,
    "shouldDisplayMessage" : false,
    "stepsCount" : 0,
    "hasContent" : false
  } ],
  "labels" : [ {
    "name" : "severity",
    "value" : "Critical"
  }, {
    "name" : "feature",
    "value" : "Profile Functionaloty"
  }, {
    "name" : "parentSuite",
    "value" : "tests"
  }, {
    "name" : "suite",
    "value" : "feature_profile_test"
  }, {
    "name" : "subSuite",
    "value" : "TestProfileFeature"
  }, {
    "name" : "host",
    "value" : "732edcf4b2b0"
  }, {
    "name" : "thread",
    "value" : "1-MainThread"
  }, {
    "name" : "framework",
    "value" : "pytest"
  }, {
    "name" : "language",
    "value" : "cpython3"
  }, {
    "name" : "package",
    "value" : "tests.feature_profile_test"
  }, {
    "name" : "resultFormat",
    "value" : "allure2"
  } ],
  "parameters" : [ ],
  "links" : [ ],
  "hidden" : false,
  "retry" : false,
  "extra" : {
    "severity" : "critical",
    "retries" : [ ],
    "categories" : [ {
      "name" : "Test defects",
      "matchedStatuses" : [ ],
      "flaky" : false
    } ],
    "history" : {
      "statistic" : {
        "failed" : 0,
        "broken" : 41,
        "skipped" : 0,
        "passed" : 407,
        "unknown" : 0,
        "total" : 448
      },
      "items" : [ {
        "uid" : "a656828f2543b63c",
        "status" : "passed",
        "time" : {
          "start" : 1708965457753,
          "stop" : 1708965470752,
          "duration" : 12999
        }
      }, {
        "uid" : "b7501057d831307d",
        "status" : "passed",
        "time" : {
          "start" : 1708961781934,
          "stop" : 1708961794844,
          "duration" : 12910
        }
      }, {
        "uid" : "3680ffabff3c2520",
        "status" : "passed",
        "time" : {
          "start" : 1708958130510,
          "stop" : 1708958143884,
          "duration" : 13374
        }
      }, {
        "uid" : "78e8df1ce2dddefb",
        "status" : "passed",
        "time" : {
          "start" : 1708954560350,
          "stop" : 1708954573253,
          "duration" : 12903
        }
      }, {
        "uid" : "aa530dcef9e83675",
        "status" : "passed",
        "time" : {
          "start" : 1708951596527,
          "stop" : 1708951610666,
          "duration" : 14139
        }
      }, {
        "uid" : "6a74981d15e51c77",
        "status" : "broken",
        "statusDetails" : "selenium.common.exceptions.TimeoutException: Message:",
        "time" : {
          "start" : 1708709734945,
          "stop" : 1708709745427,
          "duration" : 10482
        }
      }, {
        "uid" : "a098abc892cc6b58",
        "status" : "broken",
        "statusDetails" : "selenium.common.exceptions.TimeoutException: Message:",
        "time" : {
          "start" : 1708706189947,
          "stop" : 1708706200516,
          "duration" : 10569
        }
      }, {
        "uid" : "b36fbe39205f829b",
        "status" : "broken",
        "statusDetails" : "selenium.common.exceptions.TimeoutException: Message:",
        "time" : {
          "start" : 1708702563805,
          "stop" : 1708702574470,
          "duration" : 10665
        }
      }, {
        "uid" : "6d1c89b2bcae10ba",
        "status" : "broken",
        "statusDetails" : "selenium.common.exceptions.TimeoutException: Message:",
        "time" : {
          "start" : 1708698943258,
          "stop" : 1708698953709,
          "duration" : 10451
        }
      }, {
        "uid" : "5a0c0cd70185b7c4",
        "status" : "broken",
        "statusDetails" : "selenium.common.exceptions.TimeoutException: Message:",
        "time" : {
          "start" : 1708695344916,
          "stop" : 1708695355350,
          "duration" : 10434
        }
      }, {
        "uid" : "a74c89511c65a65d",
        "status" : "broken",
        "statusDetails" : "selenium.common.exceptions.TimeoutException: Message:",
        "time" : {
          "start" : 1708692337097,
          "stop" : 1708692347728,
          "duration" : 10631
        }
      }, {
        "uid" : "5cf25da656a44c97",
        "status" : "broken",
        "statusDetails" : "selenium.common.exceptions.TimeoutException: Message:",
        "time" : {
          "start" : 1708623337346,
          "stop" : 1708623347779,
          "duration" : 10433
        }
      }, {
        "uid" : "8736afb13fd2327b",
        "status" : "broken",
        "statusDetails" : "selenium.common.exceptions.TimeoutException: Message:",
        "time" : {
          "start" : 1708619858485,
          "stop" : 1708619868933,
          "duration" : 10448
        }
      }, {
        "uid" : "2bb7b94546c491db",
        "status" : "broken",
        "statusDetails" : "selenium.common.exceptions.TimeoutException: Message:",
        "time" : {
          "start" : 1708616172026,
          "stop" : 1708616182610,
          "duration" : 10584
        }
      }, {
        "uid" : "763a2b3a63b5e976",
        "status" : "broken",
        "statusDetails" : "selenium.common.exceptions.TimeoutException: Message:",
        "time" : {
          "start" : 1708612533635,
          "stop" : 1708612544071,
          "duration" : 10436
        }
      }, {
        "uid" : "9a82a81fc19778b1",
        "status" : "broken",
        "statusDetails" : "selenium.common.exceptions.TimeoutException: Message:",
        "time" : {
          "start" : 1708608980715,
          "stop" : 1708608991358,
          "duration" : 10643
        }
      }, {
        "uid" : "80d5c9fdd7c283f8",
        "status" : "broken",
        "statusDetails" : "selenium.common.exceptions.TimeoutException: Message:",
        "time" : {
          "start" : 1708605976182,
          "stop" : 1708605986680,
          "duration" : 10498
        }
      }, {
        "uid" : "ede07b32880f5c4e",
        "status" : "passed",
        "time" : {
          "start" : 1708536960007,
          "stop" : 1708536973424,
          "duration" : 13417
        }
      }, {
        "uid" : "4cb3d503ec2aa2ca",
        "status" : "passed",
        "time" : {
          "start" : 1708533459712,
          "stop" : 1708533473001,
          "duration" : 13289
        }
      }, {
        "uid" : "8052c77235fc8db8",
        "status" : "passed",
        "time" : {
          "start" : 1708529784634,
          "stop" : 1708529797658,
          "duration" : 13024
        }
      } ]
    },
    "tags" : [ ]
  },
  "source" : "1a587a566e267dd4.json",
  "parameterValues" : [ ]
}