{
  "uid" : "1ae88c7935b114c8",
  "name" : "Post random information",
  "fullName" : "tests.feature_profile_test.TestProfileFeature#test_post",
  "historyId" : "028bb0f23aa13d60158934f7f2b84f0f",
  "time" : {
    "start" : 1701876958845,
    "stop" : 1701876969177,
    "duration" : 10332
  },
  "status" : "broken",
  "statusMessage" : "selenium.common.exceptions.TimeoutException: Message:",
  "statusTrace" : "self = <feature_profile_test.TestProfileFeature object at 0x7f9ca36288c0>\n\n    @allure.title(\"Post random information\")\n    @allure.severity(\"Critical\")\n    def test_post(self):\n        self.login_page.open()\n>       self.login_page.enter_login(self.data.LOGIN)\n\ntests/feature_profile_test.py:47: \n_ _ _ _ _ _ _ _ _ _ _ _ _ _ _ _ _ _ _ _ _ _ _ _ _ _ _ _ _ _ _ _ _ _ _ _ _ _ _ _ \npages/login_page.py:15: in enter_login\n    self.wait.until(EC.element_to_be_clickable(self.USERNAME_FIELD)).send_keys(login)\n_ _ _ _ _ _ _ _ _ _ _ _ _ _ _ _ _ _ _ _ _ _ _ _ _ _ _ _ _ _ _ _ _ _ _ _ _ _ _ _ \n\nself = <selenium.webdriver.support.wait.WebDriverWait (session=\"5bbf4ea51c585b1ef96a4bc1b01a8d36\")>\nmethod = <function element_to_be_clickable.<locals>._predicate at 0x7f9ca31a49a0>\nmessage = ''\n\n    def until(self, method: Callable[[WebDriver], Union[Literal[False], T]], message: str = \"\") -> T:\n        \"\"\"Calls the method provided with the driver as an argument until the \\\n        return value does not evaluate to ``False``.\n    \n        :param method: callable(WebDriver)\n        :param message: optional message for :exc:`TimeoutException`\n        :returns: the result of the last call to `method`\n        :raises: :exc:`selenium.common.exceptions.TimeoutException` if timeout occurs\n        \"\"\"\n        screen = None\n        stacktrace = None\n    \n        end_time = time.monotonic() + self._timeout\n        while True:\n            try:\n                value = method(self._driver)\n                if value:\n                    return value\n            except self._ignored_exceptions as exc:\n                screen = getattr(exc, \"screen\", None)\n                stacktrace = getattr(exc, \"stacktrace\", None)\n            time.sleep(self._poll)\n            if time.monotonic() > end_time:\n                break\n>       raise TimeoutException(message, screen, stacktrace)\nE       selenium.common.exceptions.TimeoutException: Message:\n\n../local/lib/python3.12/site-packages/selenium/webdriver/support/wait.py:101: TimeoutException",
  "flaky" : false,
  "newFailed" : false,
  "beforeStages" : [ {
    "name" : "driver",
    "time" : {
      "start" : 1701876958026,
      "stop" : 1701876958844,
      "duration" : 818
    },
    "status" : "passed",
    "steps" : [ ],
    "attachments" : [ ],
    "parameters" : [ ],
    "attachmentsCount" : 0,
    "shouldDisplayMessage" : false,
    "stepsCount" : 0,
    "hasContent" : false
  }, {
    "name" : "setup",
    "time" : {
      "start" : 1701876958844,
      "stop" : 1701876958844,
      "duration" : 0
    },
    "status" : "passed",
    "steps" : [ ],
    "attachments" : [ ],
    "parameters" : [ ],
    "attachmentsCount" : 0,
    "shouldDisplayMessage" : false,
    "stepsCount" : 0,
    "hasContent" : false
  } ],
  "testStage" : {
    "status" : "broken",
    "statusMessage" : "selenium.common.exceptions.TimeoutException: Message:",
    "statusTrace" : "self = <feature_profile_test.TestProfileFeature object at 0x7f9ca36288c0>\n\n    @allure.title(\"Post random information\")\n    @allure.severity(\"Critical\")\n    def test_post(self):\n        self.login_page.open()\n>       self.login_page.enter_login(self.data.LOGIN)\n\ntests/feature_profile_test.py:47: \n_ _ _ _ _ _ _ _ _ _ _ _ _ _ _ _ _ _ _ _ _ _ _ _ _ _ _ _ _ _ _ _ _ _ _ _ _ _ _ _ \npages/login_page.py:15: in enter_login\n    self.wait.until(EC.element_to_be_clickable(self.USERNAME_FIELD)).send_keys(login)\n_ _ _ _ _ _ _ _ _ _ _ _ _ _ _ _ _ _ _ _ _ _ _ _ _ _ _ _ _ _ _ _ _ _ _ _ _ _ _ _ \n\nself = <selenium.webdriver.support.wait.WebDriverWait (session=\"5bbf4ea51c585b1ef96a4bc1b01a8d36\")>\nmethod = <function element_to_be_clickable.<locals>._predicate at 0x7f9ca31a49a0>\nmessage = ''\n\n    def until(self, method: Callable[[WebDriver], Union[Literal[False], T]], message: str = \"\") -> T:\n        \"\"\"Calls the method provided with the driver as an argument until the \\\n        return value does not evaluate to ``False``.\n    \n        :param method: callable(WebDriver)\n        :param message: optional message for :exc:`TimeoutException`\n        :returns: the result of the last call to `method`\n        :raises: :exc:`selenium.common.exceptions.TimeoutException` if timeout occurs\n        \"\"\"\n        screen = None\n        stacktrace = None\n    \n        end_time = time.monotonic() + self._timeout\n        while True:\n            try:\n                value = method(self._driver)\n                if value:\n                    return value\n            except self._ignored_exceptions as exc:\n                screen = getattr(exc, \"screen\", None)\n                stacktrace = getattr(exc, \"stacktrace\", None)\n            time.sleep(self._poll)\n            if time.monotonic() > end_time:\n                break\n>       raise TimeoutException(message, screen, stacktrace)\nE       selenium.common.exceptions.TimeoutException: Message:\n\n../local/lib/python3.12/site-packages/selenium/webdriver/support/wait.py:101: TimeoutException",
    "steps" : [ {
      "name" : "Open https://opensource-demo.orangehrmlive.com/web/index.php/auth/login page",
      "time" : {
        "start" : 1701876958845,
        "stop" : 1701876959113,
        "duration" : 268
      },
      "status" : "passed",
      "steps" : [ ],
      "attachments" : [ ],
      "parameters" : [ ],
      "attachmentsCount" : 0,
      "shouldDisplayMessage" : false,
      "stepsCount" : 0,
      "hasContent" : false
    }, {
      "name" : "Enter login",
      "time" : {
        "start" : 1701876959113,
        "stop" : 1701876969176,
        "duration" : 10063
      },
      "status" : "broken",
      "statusMessage" : "selenium.common.exceptions.TimeoutException: Message: \n\n",
      "statusTrace" : "  File \"/usr/local/lib/python3.12/site-packages/allure_commons/_allure.py\", line 192, in impl\n    return func(*a, **kw)\n           ^^^^^^^^^^^^^^\n  File \"/usr/workspace/pages/login_page.py\", line 15, in enter_login\n    self.wait.until(EC.element_to_be_clickable(self.USERNAME_FIELD)).send_keys(login)\n    ^^^^^^^^^^^^^^^^^^^^^^^^^^^^^^^^^^^^^^^^^^^^^^^^^^^^^^^^^^^^^^^^\n  File \"/usr/local/lib/python3.12/site-packages/selenium/webdriver/support/wait.py\", line 101, in until\n    raise TimeoutException(message, screen, stacktrace)\n",
      "steps" : [ ],
      "attachments" : [ ],
      "parameters" : [ {
        "name" : "login",
        "value" : "'Admin'"
      } ],
      "attachmentsCount" : 0,
      "shouldDisplayMessage" : true,
      "stepsCount" : 0,
      "hasContent" : true
    } ],
    "attachments" : [ ],
    "parameters" : [ ],
    "attachmentsCount" : 0,
    "shouldDisplayMessage" : true,
    "stepsCount" : 2,
    "hasContent" : true
  },
  "afterStages" : [ {
    "name" : "driver::0",
    "time" : {
      "start" : 1701876969182,
      "stop" : 1701876969237,
      "duration" : 55
    },
    "status" : "passed",
    "steps" : [ ],
    "attachments" : [ ],
    "parameters" : [ ],
    "attachmentsCount" : 0,
    "shouldDisplayMessage" : false,
    "stepsCount" : 0,
    "hasContent" : false
  } ],
  "labels" : [ {
    "name" : "feature",
    "value" : "Profile Functionaloty"
  }, {
    "name" : "severity",
    "value" : "Critical"
  }, {
    "name" : "parentSuite",
    "value" : "tests"
  }, {
    "name" : "suite",
    "value" : "feature_profile_test"
  }, {
    "name" : "subSuite",
    "value" : "TestProfileFeature"
  }, {
    "name" : "host",
    "value" : "8bb4cddc05d9"
  }, {
    "name" : "thread",
    "value" : "1-MainThread"
  }, {
    "name" : "framework",
    "value" : "pytest"
  }, {
    "name" : "language",
    "value" : "cpython3"
  }, {
    "name" : "package",
    "value" : "tests.feature_profile_test"
  }, {
    "name" : "resultFormat",
    "value" : "allure2"
  } ],
  "parameters" : [ ],
  "links" : [ ],
  "hidden" : false,
  "retry" : false,
  "extra" : {
    "severity" : "critical",
    "retries" : [ ],
    "categories" : [ {
      "name" : "Test defects",
      "matchedStatuses" : [ ],
      "flaky" : false
    } ],
    "history" : {
      "statistic" : {
        "failed" : 0,
        "broken" : 17,
        "skipped" : 0,
        "passed" : 116,
        "unknown" : 0,
        "total" : 133
      },
      "items" : [ {
        "uid" : "f5e9ad10ecf2bfba",
        "status" : "broken",
        "statusDetails" : "selenium.common.exceptions.TimeoutException: Message:",
        "time" : {
          "start" : 1701873388788,
          "stop" : 1701873399133,
          "duration" : 10345
        }
      }, {
        "uid" : "cec55187e765b92",
        "status" : "broken",
        "statusDetails" : "selenium.common.exceptions.TimeoutException: Message:",
        "time" : {
          "start" : 1701869760659,
          "stop" : 1701869771144,
          "duration" : 10485
        }
      }, {
        "uid" : "46ac365a3056eaa0",
        "status" : "broken",
        "statusDetails" : "selenium.common.exceptions.TimeoutException: Message:",
        "time" : {
          "start" : 1701867089919,
          "stop" : 1701867100242,
          "duration" : 10323
        }
      }, {
        "uid" : "a7255a5afe6deb67",
        "status" : "passed",
        "time" : {
          "start" : 1701797738537,
          "stop" : 1701797746769,
          "duration" : 8232
        }
      }, {
        "uid" : "5bc5a2687c13380d",
        "status" : "passed",
        "time" : {
          "start" : 1701794414357,
          "stop" : 1701794422439,
          "duration" : 8082
        }
      }, {
        "uid" : "e93a44c33b55fba7",
        "status" : "passed",
        "time" : {
          "start" : 1701790580931,
          "stop" : 1701790589090,
          "duration" : 8159
        }
      }, {
        "uid" : "1bb1755453e79296",
        "status" : "passed",
        "time" : {
          "start" : 1701787021946,
          "stop" : 1701787030467,
          "duration" : 8521
        }
      }, {
        "uid" : "db7538d99d2fba90",
        "status" : "passed",
        "time" : {
          "start" : 1701783347945,
          "stop" : 1701783356161,
          "duration" : 8216
        }
      }, {
        "uid" : "6ae74f6c69f29832",
        "status" : "passed",
        "time" : {
          "start" : 1701780681481,
          "stop" : 1701780690041,
          "duration" : 8560
        }
      }, {
        "uid" : "d488be5442696865",
        "status" : "passed",
        "time" : {
          "start" : 1701711491252,
          "stop" : 1701711508513,
          "duration" : 17261
        }
      }, {
        "uid" : "161fb23ae61fa4dd",
        "status" : "broken",
        "statusDetails" : "selenium.common.exceptions.StaleElementReferenceException: Message: stale element reference: element is not attached to the page document\n  (Session info: headless chrome=112.0.5615.165); For documentation on this error, please visit: https://www.selenium.dev/documentation/webdriver/troubleshooting/errors#stale-element-reference-exception",
        "time" : {
          "start" : 1701707980591,
          "stop" : 1701707987701,
          "duration" : 7110
        }
      }, {
        "uid" : "2398eac997e4c54",
        "status" : "passed",
        "time" : {
          "start" : 1701704179099,
          "stop" : 1701704187271,
          "duration" : 8172
        }
      }, {
        "uid" : "c3429d567460e050",
        "status" : "passed",
        "time" : {
          "start" : 1701700647700,
          "stop" : 1701700655910,
          "duration" : 8210
        }
      }, {
        "uid" : "cffeb5031dd7754",
        "status" : "passed",
        "time" : {
          "start" : 1701696945827,
          "stop" : 1701696955021,
          "duration" : 9194
        }
      }, {
        "uid" : "82bb6fff1c6f8a7",
        "status" : "passed",
        "time" : {
          "start" : 1701694267775,
          "stop" : 1701694277071,
          "duration" : 9296
        }
      }, {
        "uid" : "b83214bc3feb520d",
        "status" : "passed",
        "time" : {
          "start" : 1701452145764,
          "stop" : 1701452153940,
          "duration" : 8176
        }
      }, {
        "uid" : "a0b0b96273e3bac0",
        "status" : "passed",
        "time" : {
          "start" : 1701448757915,
          "stop" : 1701448766267,
          "duration" : 8352
        }
      }, {
        "uid" : "176f44250b9b1d0b",
        "status" : "passed",
        "time" : {
          "start" : 1701444971354,
          "stop" : 1701444979382,
          "duration" : 8028
        }
      }, {
        "uid" : "4d1f6f6836e63f9f",
        "status" : "passed",
        "time" : {
          "start" : 1701441359703,
          "stop" : 1701441367983,
          "duration" : 8280
        }
      }, {
        "uid" : "5eff1cdb31910353",
        "status" : "passed",
        "time" : {
          "start" : 1701437740408,
          "stop" : 1701437748710,
          "duration" : 8302
        }
      } ]
    },
    "tags" : [ ]
  },
  "source" : "1ae88c7935b114c8.json",
  "parameterValues" : [ ]
}