{
  "uid" : "27041ff6fa7d0276",
  "name" : "Post random information",
  "fullName" : "tests.feature_profile_test.TestProfileFeature#test_post",
  "historyId" : "028bb0f23aa13d60158934f7f2b84f0f",
  "time" : {
    "start" : 1706117750112,
    "stop" : 1706117757236,
    "duration" : 7124
  },
  "status" : "broken",
  "statusMessage" : "selenium.common.exceptions.StaleElementReferenceException: Message: stale element reference: element is not attached to the page document\n  (Session info: headless chrome=112.0.5615.165); For documentation on this error, please visit: https://www.selenium.dev/documentation/webdriver/troubleshooting/errors#stale-element-reference-exception",
  "statusTrace" : "self = <feature_profile_test.TestProfileFeature object at 0x7f3ad5de2150>\n\n    @allure.title(\"Post random information\")\n    @allure.severity(\"Critical\")\n    def test_post(self):\n        self.login_page.open()\n        self.login_page.enter_login(self.data.LOGIN)\n        self.login_page.enter_password(self.data.PASSWORD)\n        self.login_page.click_submit_button()\n        self.dashboard_page.is_opened()\n        self.dashboard_page.click_buzz()\n        self.buzz_page.is_opened()\n        self.buzz_page.click_post_area(f\"Test text {random.randint(1, 100)}\")\n>       self.buzz_page.click_post_btn()\n\ntests/feature_profile_test.py:54: \n_ _ _ _ _ _ _ _ _ _ _ _ _ _ _ _ _ _ _ _ _ _ _ _ _ _ _ _ _ _ _ _ _ _ _ _ _ _ _ _ \npages/buzz_page.py:39: in click_post_btn\n    self.wait.until(EC.element_to_be_clickable(self.POST_BTN)).click()\n../local/lib/python3.12/site-packages/selenium/webdriver/remote/webelement.py:93: in click\n    self._execute(Command.CLICK_ELEMENT)\n../local/lib/python3.12/site-packages/selenium/webdriver/remote/webelement.py:394: in _execute\n    return self._parent.execute(command, params)\n../local/lib/python3.12/site-packages/selenium/webdriver/remote/webdriver.py:346: in execute\n    self.error_handler.check_response(response)\n_ _ _ _ _ _ _ _ _ _ _ _ _ _ _ _ _ _ _ _ _ _ _ _ _ _ _ _ _ _ _ _ _ _ _ _ _ _ _ _ \n\nself = <selenium.webdriver.remote.errorhandler.ErrorHandler object at 0x7f3ad5de13a0>\nresponse = {'status': 404, 'value': '{\"value\":{\"error\":\"stale element reference\",\"message\":\"stale element reference: element is not attached to the page document\\\\n  (Session info: headless chrome=112.0.5615.165)\",\"stacktrace\":\"\"}}'}\n\n    def check_response(self, response: Dict[str, Any]) -> None:\n        \"\"\"Checks that a JSON response from the WebDriver does not have an\n        error.\n    \n        :Args:\n         - response - The JSON response from the WebDriver server as a dictionary\n           object.\n    \n        :Raises: If the response contains an error message.\n        \"\"\"\n        status = response.get(\"status\", None)\n        if not status or status == ErrorCode.SUCCESS:\n            return\n        value = None\n        message = response.get(\"message\", \"\")\n        screen: str = response.get(\"screen\", \"\")\n        stacktrace = None\n        if isinstance(status, int):\n            value_json = response.get(\"value\", None)\n            if value_json and isinstance(value_json, str):\n                import json\n    \n                try:\n                    value = json.loads(value_json)\n                    if len(value) == 1:\n                        value = value[\"value\"]\n                    status = value.get(\"error\", None)\n                    if not status:\n                        status = value.get(\"status\", ErrorCode.UNKNOWN_ERROR)\n                        message = value.get(\"value\") or value.get(\"message\")\n                        if not isinstance(message, str):\n                            value = message\n                            message = message.get(\"message\")\n                    else:\n                        message = value.get(\"message\", None)\n                except ValueError:\n                    pass\n    \n        exception_class: Type[WebDriverException]\n        e = ErrorCode()\n        error_codes = [item for item in dir(e) if not item.startswith(\"__\")]\n        for error_code in error_codes:\n            error_info = getattr(ErrorCode, error_code)\n            if isinstance(error_info, list) and status in error_info:\n                exception_class = getattr(ExceptionMapping, error_code, WebDriverException)\n                break\n        else:\n            exception_class = WebDriverException\n    \n        if not value:\n            value = response[\"value\"]\n        if isinstance(value, str):\n            raise exception_class(value)\n        if message == \"\" and \"message\" in value:\n            message = value[\"message\"]\n    \n        screen = None  # type: ignore[assignment]\n        if \"screen\" in value:\n            screen = value[\"screen\"]\n    \n        stacktrace = None\n        st_value = value.get(\"stackTrace\") or value.get(\"stacktrace\")\n        if st_value:\n            if isinstance(st_value, str):\n                stacktrace = st_value.split(\"\\n\")\n            else:\n                stacktrace = []\n                try:\n                    for frame in st_value:\n                        line = frame.get(\"lineNumber\", \"\")\n                        file = frame.get(\"fileName\", \"<anonymous>\")\n                        if line:\n                            file = f\"{file}:{line}\"\n                        meth = frame.get(\"methodName\", \"<anonymous>\")\n                        if \"className\" in frame:\n                            meth = f\"{frame['className']}.{meth}\"\n                        msg = \"    at %s (%s)\"\n                        msg = msg % (meth, file)\n                        stacktrace.append(msg)\n                except TypeError:\n                    pass\n        if exception_class == UnexpectedAlertPresentException:\n            alert_text = None\n            if \"data\" in value:\n                alert_text = value[\"data\"].get(\"text\")\n            elif \"alert\" in value:\n                alert_text = value[\"alert\"].get(\"text\")\n            raise exception_class(message, screen, stacktrace, alert_text)  # type: ignore[call-arg]  # mypy is not smart enough here\n>       raise exception_class(message, screen, stacktrace)\nE       selenium.common.exceptions.StaleElementReferenceException: Message: stale element reference: element is not attached to the page document\nE         (Session info: headless chrome=112.0.5615.165); For documentation on this error, please visit: https://www.selenium.dev/documentation/webdriver/troubleshooting/errors#stale-element-reference-exception\n\n../local/lib/python3.12/site-packages/selenium/webdriver/remote/errorhandler.py:229: StaleElementReferenceException",
  "flaky" : false,
  "newFailed" : false,
  "beforeStages" : [ {
    "name" : "driver",
    "time" : {
      "start" : 1706117749289,
      "stop" : 1706117750111,
      "duration" : 822
    },
    "status" : "passed",
    "steps" : [ ],
    "attachments" : [ ],
    "parameters" : [ ],
    "attachmentsCount" : 0,
    "stepsCount" : 0,
    "hasContent" : false,
    "shouldDisplayMessage" : false
  }, {
    "name" : "setup",
    "time" : {
      "start" : 1706117750112,
      "stop" : 1706117750112,
      "duration" : 0
    },
    "status" : "passed",
    "steps" : [ ],
    "attachments" : [ ],
    "parameters" : [ ],
    "attachmentsCount" : 0,
    "stepsCount" : 0,
    "hasContent" : false,
    "shouldDisplayMessage" : false
  } ],
  "testStage" : {
    "status" : "broken",
    "statusMessage" : "selenium.common.exceptions.StaleElementReferenceException: Message: stale element reference: element is not attached to the page document\n  (Session info: headless chrome=112.0.5615.165); For documentation on this error, please visit: https://www.selenium.dev/documentation/webdriver/troubleshooting/errors#stale-element-reference-exception",
    "statusTrace" : "self = <feature_profile_test.TestProfileFeature object at 0x7f3ad5de2150>\n\n    @allure.title(\"Post random information\")\n    @allure.severity(\"Critical\")\n    def test_post(self):\n        self.login_page.open()\n        self.login_page.enter_login(self.data.LOGIN)\n        self.login_page.enter_password(self.data.PASSWORD)\n        self.login_page.click_submit_button()\n        self.dashboard_page.is_opened()\n        self.dashboard_page.click_buzz()\n        self.buzz_page.is_opened()\n        self.buzz_page.click_post_area(f\"Test text {random.randint(1, 100)}\")\n>       self.buzz_page.click_post_btn()\n\ntests/feature_profile_test.py:54: \n_ _ _ _ _ _ _ _ _ _ _ _ _ _ _ _ _ _ _ _ _ _ _ _ _ _ _ _ _ _ _ _ _ _ _ _ _ _ _ _ \npages/buzz_page.py:39: in click_post_btn\n    self.wait.until(EC.element_to_be_clickable(self.POST_BTN)).click()\n../local/lib/python3.12/site-packages/selenium/webdriver/remote/webelement.py:93: in click\n    self._execute(Command.CLICK_ELEMENT)\n../local/lib/python3.12/site-packages/selenium/webdriver/remote/webelement.py:394: in _execute\n    return self._parent.execute(command, params)\n../local/lib/python3.12/site-packages/selenium/webdriver/remote/webdriver.py:346: in execute\n    self.error_handler.check_response(response)\n_ _ _ _ _ _ _ _ _ _ _ _ _ _ _ _ _ _ _ _ _ _ _ _ _ _ _ _ _ _ _ _ _ _ _ _ _ _ _ _ \n\nself = <selenium.webdriver.remote.errorhandler.ErrorHandler object at 0x7f3ad5de13a0>\nresponse = {'status': 404, 'value': '{\"value\":{\"error\":\"stale element reference\",\"message\":\"stale element reference: element is not attached to the page document\\\\n  (Session info: headless chrome=112.0.5615.165)\",\"stacktrace\":\"\"}}'}\n\n    def check_response(self, response: Dict[str, Any]) -> None:\n        \"\"\"Checks that a JSON response from the WebDriver does not have an\n        error.\n    \n        :Args:\n         - response - The JSON response from the WebDriver server as a dictionary\n           object.\n    \n        :Raises: If the response contains an error message.\n        \"\"\"\n        status = response.get(\"status\", None)\n        if not status or status == ErrorCode.SUCCESS:\n            return\n        value = None\n        message = response.get(\"message\", \"\")\n        screen: str = response.get(\"screen\", \"\")\n        stacktrace = None\n        if isinstance(status, int):\n            value_json = response.get(\"value\", None)\n            if value_json and isinstance(value_json, str):\n                import json\n    \n                try:\n                    value = json.loads(value_json)\n                    if len(value) == 1:\n                        value = value[\"value\"]\n                    status = value.get(\"error\", None)\n                    if not status:\n                        status = value.get(\"status\", ErrorCode.UNKNOWN_ERROR)\n                        message = value.get(\"value\") or value.get(\"message\")\n                        if not isinstance(message, str):\n                            value = message\n                            message = message.get(\"message\")\n                    else:\n                        message = value.get(\"message\", None)\n                except ValueError:\n                    pass\n    \n        exception_class: Type[WebDriverException]\n        e = ErrorCode()\n        error_codes = [item for item in dir(e) if not item.startswith(\"__\")]\n        for error_code in error_codes:\n            error_info = getattr(ErrorCode, error_code)\n            if isinstance(error_info, list) and status in error_info:\n                exception_class = getattr(ExceptionMapping, error_code, WebDriverException)\n                break\n        else:\n            exception_class = WebDriverException\n    \n        if not value:\n            value = response[\"value\"]\n        if isinstance(value, str):\n            raise exception_class(value)\n        if message == \"\" and \"message\" in value:\n            message = value[\"message\"]\n    \n        screen = None  # type: ignore[assignment]\n        if \"screen\" in value:\n            screen = value[\"screen\"]\n    \n        stacktrace = None\n        st_value = value.get(\"stackTrace\") or value.get(\"stacktrace\")\n        if st_value:\n            if isinstance(st_value, str):\n                stacktrace = st_value.split(\"\\n\")\n            else:\n                stacktrace = []\n                try:\n                    for frame in st_value:\n                        line = frame.get(\"lineNumber\", \"\")\n                        file = frame.get(\"fileName\", \"<anonymous>\")\n                        if line:\n                            file = f\"{file}:{line}\"\n                        meth = frame.get(\"methodName\", \"<anonymous>\")\n                        if \"className\" in frame:\n                            meth = f\"{frame['className']}.{meth}\"\n                        msg = \"    at %s (%s)\"\n                        msg = msg % (meth, file)\n                        stacktrace.append(msg)\n                except TypeError:\n                    pass\n        if exception_class == UnexpectedAlertPresentException:\n            alert_text = None\n            if \"data\" in value:\n                alert_text = value[\"data\"].get(\"text\")\n            elif \"alert\" in value:\n                alert_text = value[\"alert\"].get(\"text\")\n            raise exception_class(message, screen, stacktrace, alert_text)  # type: ignore[call-arg]  # mypy is not smart enough here\n>       raise exception_class(message, screen, stacktrace)\nE       selenium.common.exceptions.StaleElementReferenceException: Message: stale element reference: element is not attached to the page document\nE         (Session info: headless chrome=112.0.5615.165); For documentation on this error, please visit: https://www.selenium.dev/documentation/webdriver/troubleshooting/errors#stale-element-reference-exception\n\n../local/lib/python3.12/site-packages/selenium/webdriver/remote/errorhandler.py:229: StaleElementReferenceException",
    "steps" : [ {
      "name" : "Open https://opensource-demo.orangehrmlive.com/web/index.php/auth/login page",
      "time" : {
        "start" : 1706117750112,
        "stop" : 1706117752311,
        "duration" : 2199
      },
      "status" : "passed",
      "steps" : [ ],
      "attachments" : [ ],
      "parameters" : [ ],
      "attachmentsCount" : 0,
      "stepsCount" : 0,
      "hasContent" : false,
      "shouldDisplayMessage" : false
    }, {
      "name" : "Enter login",
      "time" : {
        "start" : 1706117752311,
        "stop" : 1706117753367,
        "duration" : 1056
      },
      "status" : "passed",
      "steps" : [ ],
      "attachments" : [ ],
      "parameters" : [ {
        "name" : "login",
        "value" : "'Admin'"
      } ],
      "attachmentsCount" : 0,
      "stepsCount" : 0,
      "hasContent" : true,
      "shouldDisplayMessage" : false
    }, {
      "name" : "Enter password",
      "time" : {
        "start" : 1706117753368,
        "stop" : 1706117753431,
        "duration" : 63
      },
      "status" : "passed",
      "steps" : [ ],
      "attachments" : [ ],
      "parameters" : [ {
        "name" : "password",
        "value" : "'admin123'"
      } ],
      "attachmentsCount" : 0,
      "stepsCount" : 0,
      "hasContent" : true,
      "shouldDisplayMessage" : false
    }, {
      "name" : "Click submit",
      "time" : {
        "start" : 1706117753431,
        "stop" : 1706117753479,
        "duration" : 48
      },
      "status" : "passed",
      "steps" : [ ],
      "attachments" : [ ],
      "parameters" : [ ],
      "attachmentsCount" : 0,
      "stepsCount" : 0,
      "hasContent" : false,
      "shouldDisplayMessage" : false
    }, {
      "name" : "Open https://opensource-demo.orangehrmlive.com/web/index.php/dashboard/index is opened",
      "time" : {
        "start" : 1706117753479,
        "stop" : 1706117754483,
        "duration" : 1004
      },
      "status" : "passed",
      "steps" : [ ],
      "attachments" : [ ],
      "parameters" : [ ],
      "attachmentsCount" : 0,
      "stepsCount" : 0,
      "hasContent" : false,
      "shouldDisplayMessage" : false
    }, {
      "name" : "Click on 'Buzz' link",
      "time" : {
        "start" : 1706117754483,
        "stop" : 1706117756055,
        "duration" : 1572
      },
      "status" : "passed",
      "steps" : [ ],
      "attachments" : [ ],
      "parameters" : [ ],
      "attachmentsCount" : 0,
      "stepsCount" : 0,
      "hasContent" : false,
      "shouldDisplayMessage" : false
    }, {
      "name" : "Open https://opensource-demo.orangehrmlive.com/web/index.php/buzz/viewBuzz is opened",
      "time" : {
        "start" : 1706117756055,
        "stop" : 1706117756058,
        "duration" : 3
      },
      "status" : "passed",
      "steps" : [ ],
      "attachments" : [ ],
      "parameters" : [ ],
      "attachmentsCount" : 0,
      "stepsCount" : 0,
      "hasContent" : false,
      "shouldDisplayMessage" : false
    }, {
      "name" : "Click on Post area",
      "time" : {
        "start" : 1706117756058,
        "stop" : 1706117757133,
        "duration" : 1075
      },
      "status" : "passed",
      "steps" : [ ],
      "attachments" : [ ],
      "parameters" : [ {
        "name" : "new_value",
        "value" : "'Test text 42'"
      } ],
      "attachmentsCount" : 0,
      "stepsCount" : 0,
      "hasContent" : true,
      "shouldDisplayMessage" : false
    }, {
      "name" : "Click on Post button",
      "time" : {
        "start" : 1706117757133,
        "stop" : 1706117757234,
        "duration" : 101
      },
      "status" : "broken",
      "statusMessage" : "selenium.common.exceptions.StaleElementReferenceException: Message: stale element reference: element is not attached to the page document\n  (Session info: headless chrome=112.0.5615.165); For documentation on this error, please visit: https://www.selenium.dev/documentation/webdriver/troubleshooting/errors#stale-element-reference-exception\n\n",
      "statusTrace" : "  File \"/usr/local/lib/python3.12/site-packages/allure_commons/_allure.py\", line 192, in impl\n    return func(*a, **kw)\n           ^^^^^^^^^^^^^^\n  File \"/usr/workspace/pages/buzz_page.py\", line 39, in click_post_btn\n    self.wait.until(EC.element_to_be_clickable(self.POST_BTN)).click()\n  File \"/usr/local/lib/python3.12/site-packages/selenium/webdriver/remote/webelement.py\", line 93, in click\n    self._execute(Command.CLICK_ELEMENT)\n  File \"/usr/local/lib/python3.12/site-packages/selenium/webdriver/remote/webelement.py\", line 394, in _execute\n    return self._parent.execute(command, params)\n           ^^^^^^^^^^^^^^^^^^^^^^^^^^^^^^^^^^^^^\n  File \"/usr/local/lib/python3.12/site-packages/selenium/webdriver/remote/webdriver.py\", line 346, in execute\n    self.error_handler.check_response(response)\n  File \"/usr/local/lib/python3.12/site-packages/selenium/webdriver/remote/errorhandler.py\", line 229, in check_response\n    raise exception_class(message, screen, stacktrace)\n",
      "steps" : [ ],
      "attachments" : [ ],
      "parameters" : [ ],
      "attachmentsCount" : 0,
      "stepsCount" : 0,
      "hasContent" : true,
      "shouldDisplayMessage" : true
    } ],
    "attachments" : [ ],
    "parameters" : [ ],
    "attachmentsCount" : 0,
    "stepsCount" : 9,
    "hasContent" : true,
    "shouldDisplayMessage" : true
  },
  "afterStages" : [ {
    "name" : "driver::0",
    "time" : {
      "start" : 1706117757287,
      "stop" : 1706117757344,
      "duration" : 57
    },
    "status" : "passed",
    "steps" : [ ],
    "attachments" : [ ],
    "parameters" : [ ],
    "attachmentsCount" : 0,
    "stepsCount" : 0,
    "hasContent" : false,
    "shouldDisplayMessage" : false
  } ],
  "labels" : [ {
    "name" : "severity",
    "value" : "Critical"
  }, {
    "name" : "feature",
    "value" : "Profile Functionaloty"
  }, {
    "name" : "parentSuite",
    "value" : "tests"
  }, {
    "name" : "suite",
    "value" : "feature_profile_test"
  }, {
    "name" : "subSuite",
    "value" : "TestProfileFeature"
  }, {
    "name" : "host",
    "value" : "0f2e0d0ff9cb"
  }, {
    "name" : "thread",
    "value" : "1-MainThread"
  }, {
    "name" : "framework",
    "value" : "pytest"
  }, {
    "name" : "language",
    "value" : "cpython3"
  }, {
    "name" : "package",
    "value" : "tests.feature_profile_test"
  }, {
    "name" : "resultFormat",
    "value" : "allure2"
  } ],
  "parameters" : [ ],
  "links" : [ ],
  "hidden" : false,
  "retry" : false,
  "extra" : {
    "severity" : "critical",
    "retries" : [ ],
    "categories" : [ {
      "name" : "Test defects",
      "matchedStatuses" : [ ],
      "flaky" : false
    } ],
    "history" : {
      "statistic" : {
        "failed" : 0,
        "broken" : 47,
        "skipped" : 0,
        "passed" : 297,
        "unknown" : 0,
        "total" : 344
      },
      "items" : [ {
        "uid" : "6857aab6f6f7ba0c",
        "status" : "passed",
        "time" : {
          "start" : 1706114456202,
          "stop" : 1706114465719,
          "duration" : 9517
        }
      }, {
        "uid" : "96f1b3373b7a2ab3",
        "status" : "passed",
        "time" : {
          "start" : 1706110558340,
          "stop" : 1706110566593,
          "duration" : 8253
        }
      }, {
        "uid" : "726cff039d75be81",
        "status" : "passed",
        "time" : {
          "start" : 1706107035372,
          "stop" : 1706107043751,
          "duration" : 8379
        }
      }, {
        "uid" : "3d4b44d87aaea79d",
        "status" : "passed",
        "time" : {
          "start" : 1706103341024,
          "stop" : 1706103349355,
          "duration" : 8331
        }
      }, {
        "uid" : "9e9c2a8f86bed713",
        "status" : "passed",
        "time" : {
          "start" : 1706100733495,
          "stop" : 1706100742923,
          "duration" : 9428
        }
      }, {
        "uid" : "cef8492db06d2c19",
        "status" : "passed",
        "time" : {
          "start" : 1706031354699,
          "stop" : 1706031363056,
          "duration" : 8357
        }
      }, {
        "uid" : "aabf0aa5d181580e",
        "status" : "passed",
        "time" : {
          "start" : 1706028102709,
          "stop" : 1706028110953,
          "duration" : 8244
        }
      }, {
        "uid" : "79296d7385253bae",
        "status" : "passed",
        "time" : {
          "start" : 1706024200348,
          "stop" : 1706024208810,
          "duration" : 8462
        }
      }, {
        "uid" : "828250fbf9fddf",
        "status" : "passed",
        "time" : {
          "start" : 1706020633823,
          "stop" : 1706020642301,
          "duration" : 8478
        }
      }, {
        "uid" : "973e85530c165aef",
        "status" : "passed",
        "time" : {
          "start" : 1706016943674,
          "stop" : 1706016952609,
          "duration" : 8935
        }
      }, {
        "uid" : "c8b88bd23b095dee",
        "status" : "passed",
        "time" : {
          "start" : 1706014325817,
          "stop" : 1706014334781,
          "duration" : 8964
        }
      }, {
        "uid" : "2b7a64ee60c1fbd4",
        "status" : "passed",
        "time" : {
          "start" : 1705944959893,
          "stop" : 1705944969564,
          "duration" : 9671
        }
      }, {
        "uid" : "3abe5cc8443d04f7",
        "status" : "passed",
        "time" : {
          "start" : 1705941587540,
          "stop" : 1705941595753,
          "duration" : 8213
        }
      }, {
        "uid" : "a73b5ec0fab23fb",
        "status" : "passed",
        "time" : {
          "start" : 1705937779660,
          "stop" : 1705937787895,
          "duration" : 8235
        }
      }, {
        "uid" : "caa627600cb37af7",
        "status" : "passed",
        "time" : {
          "start" : 1705934243911,
          "stop" : 1705934252492,
          "duration" : 8581
        }
      }, {
        "uid" : "71c64d9693549e8a",
        "status" : "broken",
        "statusDetails" : "selenium.common.exceptions.StaleElementReferenceException: Message: stale element reference: element is not attached to the page document\n  (Session info: headless chrome=112.0.5615.165); For documentation on this error, please visit: https://www.selenium.dev/documentation/webdriver/troubleshooting/errors#stale-element-reference-exception",
        "time" : {
          "start" : 1705930546499,
          "stop" : 1705930553662,
          "duration" : 7163
        }
      }, {
        "uid" : "3d4619c2847edb23",
        "status" : "passed",
        "time" : {
          "start" : 1705927987950,
          "stop" : 1705927997416,
          "duration" : 9466
        }
      }, {
        "uid" : "89c714326641116",
        "status" : "passed",
        "time" : {
          "start" : 1705685752386,
          "stop" : 1705685760803,
          "duration" : 8417
        }
      }, {
        "uid" : "d886f3704bd84daf",
        "status" : "passed",
        "time" : {
          "start" : 1705682429461,
          "stop" : 1705682437662,
          "duration" : 8201
        }
      }, {
        "uid" : "2f88a8efff1803d9",
        "status" : "passed",
        "time" : {
          "start" : 1705678577744,
          "stop" : 1705678586074,
          "duration" : 8330
        }
      } ]
    },
    "tags" : [ ]
  },
  "source" : "27041ff6fa7d0276.json",
  "parameterValues" : [ ]
}