{
  "uid" : "2f85b9aa541bbea0",
  "name" : "Change profile name",
  "fullName" : "tests.feature_profile_test.TestProfileFeature#test_change_profile_name",
  "historyId" : "42b4a115007c35c622675a0baedb491a",
  "time" : {
    "start" : 1708011316729,
    "stop" : 1708011330577,
    "duration" : 13848
  },
  "status" : "broken",
  "statusMessage" : "selenium.common.exceptions.TimeoutException: Message:",
  "statusTrace" : "self = <feature_profile_test.TestProfileFeature object at 0x7fcb13124530>\n\n    @allure.title(\"Change profile name\")\n    @allure.severity(\"Critical\")\n    # @pytest.mark.smoke\n    def test_change_profile_name(self):\n        self.login_page.open()\n        self.login_page.enter_login(self.data.LOGIN)\n        self.login_page.enter_password(self.data.PASSWORD)\n        self.login_page.click_submit_button()\n        self.dashboard_page.is_opened()\n>       self.dashboard_page.click_my_info()\n\ntests/feature_profile_test.py:23: \n_ _ _ _ _ _ _ _ _ _ _ _ _ _ _ _ _ _ _ _ _ _ _ _ _ _ _ _ _ _ _ _ _ _ _ _ _ _ _ _ \npages/dashboard_page.py:17: in click_my_info\n    self.wait.until(EC.element_to_be_clickable(self.MY_INFO_BUTTON)).click()\n_ _ _ _ _ _ _ _ _ _ _ _ _ _ _ _ _ _ _ _ _ _ _ _ _ _ _ _ _ _ _ _ _ _ _ _ _ _ _ _ \n\nself = <selenium.webdriver.support.wait.WebDriverWait (session=\"6971341aa0ba3bbd5cdb06dfc4cea5a2\")>\nmethod = <function element_to_be_clickable.<locals>._predicate at 0x7fcb1315bba0>\nmessage = ''\n\n    def until(self, method: Callable[[WebDriver], Union[Literal[False], T]], message: str = \"\") -> T:\n        \"\"\"Calls the method provided with the driver as an argument until the \\\n        return value does not evaluate to ``False``.\n    \n        :param method: callable(WebDriver)\n        :param message: optional message for :exc:`TimeoutException`\n        :returns: the result of the last call to `method`\n        :raises: :exc:`selenium.common.exceptions.TimeoutException` if timeout occurs\n        \"\"\"\n        screen = None\n        stacktrace = None\n    \n        end_time = time.monotonic() + self._timeout\n        while True:\n            try:\n                value = method(self._driver)\n                if value:\n                    return value\n            except self._ignored_exceptions as exc:\n                screen = getattr(exc, \"screen\", None)\n                stacktrace = getattr(exc, \"stacktrace\", None)\n            time.sleep(self._poll)\n            if time.monotonic() > end_time:\n                break\n>       raise TimeoutException(message, screen, stacktrace)\nE       selenium.common.exceptions.TimeoutException: Message:\n\n../local/lib/python3.12/site-packages/selenium/webdriver/support/wait.py:101: TimeoutException",
  "flaky" : false,
  "newFailed" : false,
  "beforeStages" : [ {
    "name" : "driver",
    "time" : {
      "start" : 1708011315788,
      "stop" : 1708011316728,
      "duration" : 940
    },
    "status" : "passed",
    "steps" : [ ],
    "attachments" : [ ],
    "parameters" : [ ],
    "attachmentsCount" : 0,
    "shouldDisplayMessage" : false,
    "stepsCount" : 0,
    "hasContent" : false
  }, {
    "name" : "setup",
    "time" : {
      "start" : 1708011316728,
      "stop" : 1708011316728,
      "duration" : 0
    },
    "status" : "passed",
    "steps" : [ ],
    "attachments" : [ ],
    "parameters" : [ ],
    "attachmentsCount" : 0,
    "shouldDisplayMessage" : false,
    "stepsCount" : 0,
    "hasContent" : false
  } ],
  "testStage" : {
    "status" : "broken",
    "statusMessage" : "selenium.common.exceptions.TimeoutException: Message:",
    "statusTrace" : "self = <feature_profile_test.TestProfileFeature object at 0x7fcb13124530>\n\n    @allure.title(\"Change profile name\")\n    @allure.severity(\"Critical\")\n    # @pytest.mark.smoke\n    def test_change_profile_name(self):\n        self.login_page.open()\n        self.login_page.enter_login(self.data.LOGIN)\n        self.login_page.enter_password(self.data.PASSWORD)\n        self.login_page.click_submit_button()\n        self.dashboard_page.is_opened()\n>       self.dashboard_page.click_my_info()\n\ntests/feature_profile_test.py:23: \n_ _ _ _ _ _ _ _ _ _ _ _ _ _ _ _ _ _ _ _ _ _ _ _ _ _ _ _ _ _ _ _ _ _ _ _ _ _ _ _ \npages/dashboard_page.py:17: in click_my_info\n    self.wait.until(EC.element_to_be_clickable(self.MY_INFO_BUTTON)).click()\n_ _ _ _ _ _ _ _ _ _ _ _ _ _ _ _ _ _ _ _ _ _ _ _ _ _ _ _ _ _ _ _ _ _ _ _ _ _ _ _ \n\nself = <selenium.webdriver.support.wait.WebDriverWait (session=\"6971341aa0ba3bbd5cdb06dfc4cea5a2\")>\nmethod = <function element_to_be_clickable.<locals>._predicate at 0x7fcb1315bba0>\nmessage = ''\n\n    def until(self, method: Callable[[WebDriver], Union[Literal[False], T]], message: str = \"\") -> T:\n        \"\"\"Calls the method provided with the driver as an argument until the \\\n        return value does not evaluate to ``False``.\n    \n        :param method: callable(WebDriver)\n        :param message: optional message for :exc:`TimeoutException`\n        :returns: the result of the last call to `method`\n        :raises: :exc:`selenium.common.exceptions.TimeoutException` if timeout occurs\n        \"\"\"\n        screen = None\n        stacktrace = None\n    \n        end_time = time.monotonic() + self._timeout\n        while True:\n            try:\n                value = method(self._driver)\n                if value:\n                    return value\n            except self._ignored_exceptions as exc:\n                screen = getattr(exc, \"screen\", None)\n                stacktrace = getattr(exc, \"stacktrace\", None)\n            time.sleep(self._poll)\n            if time.monotonic() > end_time:\n                break\n>       raise TimeoutException(message, screen, stacktrace)\nE       selenium.common.exceptions.TimeoutException: Message:\n\n../local/lib/python3.12/site-packages/selenium/webdriver/support/wait.py:101: TimeoutException",
    "steps" : [ {
      "name" : "Open https://opensource-demo.orangehrmlive.com/web/index.php/auth/login page",
      "time" : {
        "start" : 1708011316729,
        "stop" : 1708011318381,
        "duration" : 1652
      },
      "status" : "passed",
      "steps" : [ ],
      "attachments" : [ ],
      "parameters" : [ ],
      "attachmentsCount" : 0,
      "shouldDisplayMessage" : false,
      "stepsCount" : 0,
      "hasContent" : false
    }, {
      "name" : "Enter login",
      "time" : {
        "start" : 1708011318381,
        "stop" : 1708011319437,
        "duration" : 1056
      },
      "status" : "passed",
      "steps" : [ ],
      "attachments" : [ ],
      "parameters" : [ {
        "name" : "login",
        "value" : "'Admin'"
      } ],
      "attachmentsCount" : 0,
      "shouldDisplayMessage" : false,
      "stepsCount" : 0,
      "hasContent" : true
    }, {
      "name" : "Enter password",
      "time" : {
        "start" : 1708011319437,
        "stop" : 1708011319508,
        "duration" : 71
      },
      "status" : "passed",
      "steps" : [ ],
      "attachments" : [ ],
      "parameters" : [ {
        "name" : "password",
        "value" : "'admin123'"
      } ],
      "attachmentsCount" : 0,
      "shouldDisplayMessage" : false,
      "stepsCount" : 0,
      "hasContent" : true
    }, {
      "name" : "Click submit",
      "time" : {
        "start" : 1708011319508,
        "stop" : 1708011319550,
        "duration" : 42
      },
      "status" : "passed",
      "steps" : [ ],
      "attachments" : [ ],
      "parameters" : [ ],
      "attachmentsCount" : 0,
      "shouldDisplayMessage" : false,
      "stepsCount" : 0,
      "hasContent" : false
    }, {
      "name" : "Open https://opensource-demo.orangehrmlive.com/web/index.php/dashboard/index is opened",
      "time" : {
        "start" : 1708011319550,
        "stop" : 1708011320514,
        "duration" : 964
      },
      "status" : "passed",
      "steps" : [ ],
      "attachments" : [ ],
      "parameters" : [ ],
      "attachmentsCount" : 0,
      "shouldDisplayMessage" : false,
      "stepsCount" : 0,
      "hasContent" : false
    }, {
      "name" : "Click on 'My info' link",
      "time" : {
        "start" : 1708011320514,
        "stop" : 1708011330576,
        "duration" : 10062
      },
      "status" : "broken",
      "statusMessage" : "selenium.common.exceptions.TimeoutException: Message: \n\n",
      "statusTrace" : "  File \"/usr/local/lib/python3.12/site-packages/allure_commons/_allure.py\", line 192, in impl\n    return func(*a, **kw)\n           ^^^^^^^^^^^^^^\n  File \"/usr/workspace/pages/dashboard_page.py\", line 17, in click_my_info\n    self.wait.until(EC.element_to_be_clickable(self.MY_INFO_BUTTON)).click()\n    ^^^^^^^^^^^^^^^^^^^^^^^^^^^^^^^^^^^^^^^^^^^^^^^^^^^^^^^^^^^^^^^^\n  File \"/usr/local/lib/python3.12/site-packages/selenium/webdriver/support/wait.py\", line 101, in until\n    raise TimeoutException(message, screen, stacktrace)\n",
      "steps" : [ ],
      "attachments" : [ ],
      "parameters" : [ ],
      "attachmentsCount" : 0,
      "shouldDisplayMessage" : true,
      "stepsCount" : 0,
      "hasContent" : true
    } ],
    "attachments" : [ ],
    "parameters" : [ ],
    "attachmentsCount" : 0,
    "shouldDisplayMessage" : true,
    "stepsCount" : 6,
    "hasContent" : true
  },
  "afterStages" : [ {
    "name" : "driver::0",
    "time" : {
      "start" : 1708011330607,
      "stop" : 1708011330692,
      "duration" : 85
    },
    "status" : "passed",
    "steps" : [ ],
    "attachments" : [ ],
    "parameters" : [ ],
    "attachmentsCount" : 0,
    "shouldDisplayMessage" : false,
    "stepsCount" : 0,
    "hasContent" : false
  } ],
  "labels" : [ {
    "name" : "severity",
    "value" : "Critical"
  }, {
    "name" : "feature",
    "value" : "Profile Functionaloty"
  }, {
    "name" : "parentSuite",
    "value" : "tests"
  }, {
    "name" : "suite",
    "value" : "feature_profile_test"
  }, {
    "name" : "subSuite",
    "value" : "TestProfileFeature"
  }, {
    "name" : "host",
    "value" : "b86ff43e9897"
  }, {
    "name" : "thread",
    "value" : "1-MainThread"
  }, {
    "name" : "framework",
    "value" : "pytest"
  }, {
    "name" : "language",
    "value" : "cpython3"
  }, {
    "name" : "package",
    "value" : "tests.feature_profile_test"
  }, {
    "name" : "resultFormat",
    "value" : "allure2"
  } ],
  "parameters" : [ ],
  "links" : [ ],
  "hidden" : false,
  "retry" : false,
  "extra" : {
    "severity" : "critical",
    "retries" : [ ],
    "categories" : [ {
      "name" : "Test defects",
      "matchedStatuses" : [ ],
      "flaky" : false
    } ],
    "history" : {
      "statistic" : {
        "failed" : 0,
        "broken" : 51,
        "skipped" : 0,
        "passed" : 353,
        "unknown" : 0,
        "total" : 404
      },
      "items" : [ {
        "uid" : "f2bc5614025af64d",
        "status" : "passed",
        "time" : {
          "start" : 1708007723301,
          "stop" : 1708007736487,
          "duration" : 13186
        }
      }, {
        "uid" : "39797c92db2a7982",
        "status" : "passed",
        "time" : {
          "start" : 1708004157063,
          "stop" : 1708004169463,
          "duration" : 12400
        }
      }, {
        "uid" : "f9d430132684e938",
        "status" : "passed",
        "time" : {
          "start" : 1708001138971,
          "stop" : 1708001152007,
          "duration" : 13036
        }
      }, {
        "uid" : "3af2a3c1f38e2f15",
        "status" : "broken",
        "statusDetails" : "selenium.common.exceptions.TimeoutException: Message:",
        "time" : {
          "start" : 1707933904559,
          "stop" : 1707933925657,
          "duration" : 21098
        }
      }, {
        "uid" : "84d2cad7c7aaa2e0",
        "status" : "passed",
        "time" : {
          "start" : 1707309940447,
          "stop" : 1707309953258,
          "duration" : 12811
        }
      }, {
        "uid" : "d03433730aeeee15",
        "status" : "passed",
        "time" : {
          "start" : 1707240902903,
          "stop" : 1707240915579,
          "duration" : 12676
        }
      }, {
        "uid" : "671fbe5ec62900e2",
        "status" : "passed",
        "time" : {
          "start" : 1707237388295,
          "stop" : 1707237400268,
          "duration" : 11973
        }
      }, {
        "uid" : "28c3bb59be007e4e",
        "status" : "passed",
        "time" : {
          "start" : 1707233733185,
          "stop" : 1707233746454,
          "duration" : 13269
        }
      }, {
        "uid" : "f1392ba232dc031c",
        "status" : "passed",
        "time" : {
          "start" : 1707230113237,
          "stop" : 1707230124808,
          "duration" : 11571
        }
      }, {
        "uid" : "5943c8b88c42d416",
        "status" : "passed",
        "time" : {
          "start" : 1707226516057,
          "stop" : 1707226529168,
          "duration" : 13111
        }
      }, {
        "uid" : "e8715308a0ca7f6f",
        "status" : "passed",
        "time" : {
          "start" : 1707223562821,
          "stop" : 1707223575769,
          "duration" : 12948
        }
      }, {
        "uid" : "67c2291bb0ab56d5",
        "status" : "passed",
        "time" : {
          "start" : 1707154532699,
          "stop" : 1707154544710,
          "duration" : 12011
        }
      }, {
        "uid" : "18c3d79e4ad01dc3",
        "status" : "passed",
        "time" : {
          "start" : 1707150971062,
          "stop" : 1707150982928,
          "duration" : 11866
        }
      }, {
        "uid" : "ba8147cdee1eec62",
        "status" : "broken",
        "statusDetails" : "selenium.common.exceptions.ElementClickInterceptedException: Message: element click intercepted: Element <button type=\"submit\" class=\"oxd-button oxd-button--medium oxd-button--secondary orangehrm-left-space\" data-v-10d463b7=\"\" data-v-b6d78ace=\"\">...</button> is not clickable at point (1789, 976). Other element would receive the click: <div class=\"oxd-form-loader\" data-v-d5bfe35b=\"\">...</div>\n  (Session info: headless chrome=112.0.5615.165)",
        "time" : {
          "start" : 1707147304186,
          "stop" : 1707147313066,
          "duration" : 8880
        }
      }, {
        "uid" : "e1802625c4809dbf",
        "status" : "broken",
        "statusDetails" : "selenium.common.exceptions.ElementClickInterceptedException: Message: element click intercepted: Element <button type=\"submit\" class=\"oxd-button oxd-button--medium oxd-button--secondary orangehrm-left-space\" data-v-10d463b7=\"\" data-v-b6d78ace=\"\">...</button> is not clickable at point (1789, 976). Other element would receive the click: <div class=\"oxd-form-loader\" data-v-d5bfe35b=\"\">...</div>\n  (Session info: headless chrome=112.0.5615.165)",
        "time" : {
          "start" : 1707143701585,
          "stop" : 1707143710527,
          "duration" : 8942
        }
      }, {
        "uid" : "3c15a0697708dfd4",
        "status" : "passed",
        "time" : {
          "start" : 1707140120781,
          "stop" : 1707140132613,
          "duration" : 11832
        }
      }, {
        "uid" : "20f634192c0917fe",
        "status" : "passed",
        "time" : {
          "start" : 1707137195601,
          "stop" : 1707137207980,
          "duration" : 12379
        }
      }, {
        "uid" : "a3d95d2a1a2644b9",
        "status" : "passed",
        "time" : {
          "start" : 1706895302356,
          "stop" : 1706895315944,
          "duration" : 13588
        }
      }, {
        "uid" : "dc49747f88f47b80",
        "status" : "passed",
        "time" : {
          "start" : 1706891724739,
          "stop" : 1706891737384,
          "duration" : 12645
        }
      }, {
        "uid" : "80721683f10d0ad1",
        "status" : "passed",
        "time" : {
          "start" : 1706888177614,
          "stop" : 1706888190512,
          "duration" : 12898
        }
      } ]
    },
    "tags" : [ ]
  },
  "source" : "2f85b9aa541bbea0.json",
  "parameterValues" : [ ]
}