{
  "uid" : "3710b7055283adf1",
  "name" : "Click on sections Most",
  "fullName" : "tests.feature_profile_test.TestProfileFeature#test_click_on_sections",
  "historyId" : "1e73cf01028610115da99db372cf3815",
  "time" : {
    "start" : 1708709712170,
    "stop" : 1708709722710,
    "duration" : 10540
  },
  "status" : "broken",
  "statusMessage" : "selenium.common.exceptions.TimeoutException: Message:",
  "statusTrace" : "self = <feature_profile_test.TestProfileFeature object at 0x7fea9f0a08c0>\n\n    @allure.title(\"Click on sections Most\")\n    @allure.severity(\"Critical\")\n    def test_click_on_sections(self):\n        self.login_page.open()\n>       self.login_page.enter_login(self.data.LOGIN)\n\ntests/feature_profile_test.py:35: \n_ _ _ _ _ _ _ _ _ _ _ _ _ _ _ _ _ _ _ _ _ _ _ _ _ _ _ _ _ _ _ _ _ _ _ _ _ _ _ _ \npages/login_page.py:15: in enter_login\n    self.wait.until(EC.element_to_be_clickable(self.USERNAME_FIELD)).send_keys(login)\n_ _ _ _ _ _ _ _ _ _ _ _ _ _ _ _ _ _ _ _ _ _ _ _ _ _ _ _ _ _ _ _ _ _ _ _ _ _ _ _ \n\nself = <selenium.webdriver.support.wait.WebDriverWait (session=\"cb82eeec2bf40b6bcb1d89c55baceb99\")>\nmethod = <function element_to_be_clickable.<locals>._predicate at 0x7fea9f1447c0>\nmessage = ''\n\n    def until(self, method: Callable[[WebDriver], Union[Literal[False], T]], message: str = \"\") -> T:\n        \"\"\"Calls the method provided with the driver as an argument until the \\\n        return value does not evaluate to ``False``.\n    \n        :param method: callable(WebDriver)\n        :param message: optional message for :exc:`TimeoutException`\n        :returns: the result of the last call to `method`\n        :raises: :exc:`selenium.common.exceptions.TimeoutException` if timeout occurs\n        \"\"\"\n        screen = None\n        stacktrace = None\n    \n        end_time = time.monotonic() + self._timeout\n        while True:\n            try:\n                value = method(self._driver)\n                if value:\n                    return value\n            except self._ignored_exceptions as exc:\n                screen = getattr(exc, \"screen\", None)\n                stacktrace = getattr(exc, \"stacktrace\", None)\n            time.sleep(self._poll)\n            if time.monotonic() > end_time:\n                break\n>       raise TimeoutException(message, screen, stacktrace)\nE       selenium.common.exceptions.TimeoutException: Message:\n\n../local/lib/python3.12/site-packages/selenium/webdriver/support/wait.py:101: TimeoutException",
  "flaky" : false,
  "newFailed" : false,
  "beforeStages" : [ {
    "name" : "setup",
    "time" : {
      "start" : 1708709712169,
      "stop" : 1708709712169,
      "duration" : 0
    },
    "status" : "passed",
    "steps" : [ ],
    "attachments" : [ ],
    "parameters" : [ ],
    "attachmentsCount" : 0,
    "shouldDisplayMessage" : false,
    "stepsCount" : 0,
    "hasContent" : false
  }, {
    "name" : "driver",
    "time" : {
      "start" : 1708709711360,
      "stop" : 1708709712169,
      "duration" : 809
    },
    "status" : "passed",
    "steps" : [ ],
    "attachments" : [ ],
    "parameters" : [ ],
    "attachmentsCount" : 0,
    "shouldDisplayMessage" : false,
    "stepsCount" : 0,
    "hasContent" : false
  } ],
  "testStage" : {
    "status" : "broken",
    "statusMessage" : "selenium.common.exceptions.TimeoutException: Message:",
    "statusTrace" : "self = <feature_profile_test.TestProfileFeature object at 0x7fea9f0a08c0>\n\n    @allure.title(\"Click on sections Most\")\n    @allure.severity(\"Critical\")\n    def test_click_on_sections(self):\n        self.login_page.open()\n>       self.login_page.enter_login(self.data.LOGIN)\n\ntests/feature_profile_test.py:35: \n_ _ _ _ _ _ _ _ _ _ _ _ _ _ _ _ _ _ _ _ _ _ _ _ _ _ _ _ _ _ _ _ _ _ _ _ _ _ _ _ \npages/login_page.py:15: in enter_login\n    self.wait.until(EC.element_to_be_clickable(self.USERNAME_FIELD)).send_keys(login)\n_ _ _ _ _ _ _ _ _ _ _ _ _ _ _ _ _ _ _ _ _ _ _ _ _ _ _ _ _ _ _ _ _ _ _ _ _ _ _ _ \n\nself = <selenium.webdriver.support.wait.WebDriverWait (session=\"cb82eeec2bf40b6bcb1d89c55baceb99\")>\nmethod = <function element_to_be_clickable.<locals>._predicate at 0x7fea9f1447c0>\nmessage = ''\n\n    def until(self, method: Callable[[WebDriver], Union[Literal[False], T]], message: str = \"\") -> T:\n        \"\"\"Calls the method provided with the driver as an argument until the \\\n        return value does not evaluate to ``False``.\n    \n        :param method: callable(WebDriver)\n        :param message: optional message for :exc:`TimeoutException`\n        :returns: the result of the last call to `method`\n        :raises: :exc:`selenium.common.exceptions.TimeoutException` if timeout occurs\n        \"\"\"\n        screen = None\n        stacktrace = None\n    \n        end_time = time.monotonic() + self._timeout\n        while True:\n            try:\n                value = method(self._driver)\n                if value:\n                    return value\n            except self._ignored_exceptions as exc:\n                screen = getattr(exc, \"screen\", None)\n                stacktrace = getattr(exc, \"stacktrace\", None)\n            time.sleep(self._poll)\n            if time.monotonic() > end_time:\n                break\n>       raise TimeoutException(message, screen, stacktrace)\nE       selenium.common.exceptions.TimeoutException: Message:\n\n../local/lib/python3.12/site-packages/selenium/webdriver/support/wait.py:101: TimeoutException",
    "steps" : [ {
      "name" : "Open https://opensource-demo.orangehrmlive.com/web/index.php/auth/login page",
      "time" : {
        "start" : 1708709712170,
        "stop" : 1708709712655,
        "duration" : 485
      },
      "status" : "passed",
      "steps" : [ ],
      "attachments" : [ ],
      "parameters" : [ ],
      "attachmentsCount" : 0,
      "shouldDisplayMessage" : false,
      "stepsCount" : 0,
      "hasContent" : false
    }, {
      "name" : "Enter login",
      "time" : {
        "start" : 1708709712655,
        "stop" : 1708709722710,
        "duration" : 10055
      },
      "status" : "broken",
      "statusMessage" : "selenium.common.exceptions.TimeoutException: Message: \n\n",
      "statusTrace" : "  File \"/usr/local/lib/python3.12/site-packages/allure_commons/_allure.py\", line 192, in impl\n    return func(*a, **kw)\n           ^^^^^^^^^^^^^^\n  File \"/usr/workspace/pages/login_page.py\", line 15, in enter_login\n    self.wait.until(EC.element_to_be_clickable(self.USERNAME_FIELD)).send_keys(login)\n    ^^^^^^^^^^^^^^^^^^^^^^^^^^^^^^^^^^^^^^^^^^^^^^^^^^^^^^^^^^^^^^^^\n  File \"/usr/local/lib/python3.12/site-packages/selenium/webdriver/support/wait.py\", line 101, in until\n    raise TimeoutException(message, screen, stacktrace)\n",
      "steps" : [ ],
      "attachments" : [ ],
      "parameters" : [ {
        "name" : "login",
        "value" : "'Admin'"
      } ],
      "attachmentsCount" : 0,
      "shouldDisplayMessage" : true,
      "stepsCount" : 0,
      "hasContent" : true
    } ],
    "attachments" : [ ],
    "parameters" : [ ],
    "attachmentsCount" : 0,
    "shouldDisplayMessage" : true,
    "stepsCount" : 2,
    "hasContent" : true
  },
  "afterStages" : [ {
    "name" : "driver::0",
    "time" : {
      "start" : 1708709722717,
      "stop" : 1708709722772,
      "duration" : 55
    },
    "status" : "passed",
    "steps" : [ ],
    "attachments" : [ ],
    "parameters" : [ ],
    "attachmentsCount" : 0,
    "shouldDisplayMessage" : false,
    "stepsCount" : 0,
    "hasContent" : false
  } ],
  "labels" : [ {
    "name" : "feature",
    "value" : "Profile Functionaloty"
  }, {
    "name" : "severity",
    "value" : "Critical"
  }, {
    "name" : "parentSuite",
    "value" : "tests"
  }, {
    "name" : "suite",
    "value" : "feature_profile_test"
  }, {
    "name" : "subSuite",
    "value" : "TestProfileFeature"
  }, {
    "name" : "host",
    "value" : "22379b24248f"
  }, {
    "name" : "thread",
    "value" : "1-MainThread"
  }, {
    "name" : "framework",
    "value" : "pytest"
  }, {
    "name" : "language",
    "value" : "cpython3"
  }, {
    "name" : "package",
    "value" : "tests.feature_profile_test"
  }, {
    "name" : "resultFormat",
    "value" : "allure2"
  } ],
  "parameters" : [ ],
  "links" : [ ],
  "hidden" : false,
  "retry" : false,
  "extra" : {
    "severity" : "critical",
    "retries" : [ ],
    "categories" : [ {
      "name" : "Test defects",
      "matchedStatuses" : [ ],
      "flaky" : false
    } ],
    "history" : {
      "statistic" : {
        "failed" : 0,
        "broken" : 22,
        "skipped" : 0,
        "passed" : 420,
        "unknown" : 0,
        "total" : 442
      },
      "items" : [ {
        "uid" : "c22c460ea6f3f245",
        "status" : "broken",
        "statusDetails" : "selenium.common.exceptions.TimeoutException: Message:",
        "time" : {
          "start" : 1708706167040,
          "stop" : 1708706177608,
          "duration" : 10568
        }
      }, {
        "uid" : "83ffe94f7490f848",
        "status" : "broken",
        "statusDetails" : "selenium.common.exceptions.TimeoutException: Message:",
        "time" : {
          "start" : 1708702540723,
          "stop" : 1708702551382,
          "duration" : 10659
        }
      }, {
        "uid" : "ca33b94669c22773",
        "status" : "broken",
        "statusDetails" : "selenium.common.exceptions.TimeoutException: Message:",
        "time" : {
          "start" : 1708698920584,
          "stop" : 1708698931049,
          "duration" : 10465
        }
      }, {
        "uid" : "4b48b6e471db2159",
        "status" : "broken",
        "statusDetails" : "selenium.common.exceptions.TimeoutException: Message:",
        "time" : {
          "start" : 1708695322279,
          "stop" : 1708695332722,
          "duration" : 10443
        }
      }, {
        "uid" : "d0c62c53f3a57bf6",
        "status" : "broken",
        "statusDetails" : "selenium.common.exceptions.TimeoutException: Message:",
        "time" : {
          "start" : 1708692314079,
          "stop" : 1708692324713,
          "duration" : 10634
        }
      }, {
        "uid" : "6fa82bcbc3d52e15",
        "status" : "broken",
        "statusDetails" : "selenium.common.exceptions.TimeoutException: Message:",
        "time" : {
          "start" : 1708623314717,
          "stop" : 1708623325153,
          "duration" : 10436
        }
      }, {
        "uid" : "8e5da5ae24bd944c",
        "status" : "broken",
        "statusDetails" : "selenium.common.exceptions.TimeoutException: Message:",
        "time" : {
          "start" : 1708619835836,
          "stop" : 1708619846281,
          "duration" : 10445
        }
      }, {
        "uid" : "e346a6f3f3cbddd0",
        "status" : "broken",
        "statusDetails" : "selenium.common.exceptions.TimeoutException: Message:",
        "time" : {
          "start" : 1708616149128,
          "stop" : 1708616159706,
          "duration" : 10578
        }
      }, {
        "uid" : "c13b108af27fb0a7",
        "status" : "broken",
        "statusDetails" : "selenium.common.exceptions.TimeoutException: Message:",
        "time" : {
          "start" : 1708612510955,
          "stop" : 1708612521422,
          "duration" : 10467
        }
      }, {
        "uid" : "bc338c82e24bce49",
        "status" : "broken",
        "statusDetails" : "selenium.common.exceptions.TimeoutException: Message:",
        "time" : {
          "start" : 1708608957646,
          "stop" : 1708608968313,
          "duration" : 10667
        }
      }, {
        "uid" : "aa492b0918e4be7",
        "status" : "broken",
        "statusDetails" : "selenium.common.exceptions.TimeoutException: Message:",
        "time" : {
          "start" : 1708605953436,
          "stop" : 1708605963929,
          "duration" : 10493
        }
      }, {
        "uid" : "c83f9672773e69da",
        "status" : "passed",
        "time" : {
          "start" : 1708536937091,
          "stop" : 1708536949866,
          "duration" : 12775
        }
      }, {
        "uid" : "83157c0156c6b066",
        "status" : "passed",
        "time" : {
          "start" : 1708533436368,
          "stop" : 1708533449527,
          "duration" : 13159
        }
      }, {
        "uid" : "3c07731b506b2c0c",
        "status" : "passed",
        "time" : {
          "start" : 1708529761197,
          "stop" : 1708529774251,
          "duration" : 13054
        }
      }, {
        "uid" : "b1048403a78e119",
        "status" : "passed",
        "time" : {
          "start" : 1708526150097,
          "stop" : 1708526164881,
          "duration" : 14784
        }
      }, {
        "uid" : "f966672aab9b0e14",
        "status" : "passed",
        "time" : {
          "start" : 1708522523815,
          "stop" : 1708522536542,
          "duration" : 12727
        }
      }, {
        "uid" : "f2a237783878af72",
        "status" : "passed",
        "time" : {
          "start" : 1708519585547,
          "stop" : 1708519599500,
          "duration" : 13953
        }
      }, {
        "uid" : "fc00059d752f120c",
        "status" : "passed",
        "time" : {
          "start" : 1708450527276,
          "stop" : 1708450539775,
          "duration" : 12499
        }
      }, {
        "uid" : "9315d0534b9c56f6",
        "status" : "passed",
        "time" : {
          "start" : 1708447015443,
          "stop" : 1708447028182,
          "duration" : 12739
        }
      }, {
        "uid" : "61773b954d2d6500",
        "status" : "passed",
        "time" : {
          "start" : 1708443334065,
          "stop" : 1708443346704,
          "duration" : 12639
        }
      } ]
    },
    "tags" : [ ]
  },
  "source" : "3710b7055283adf1.json",
  "parameterValues" : [ ]
}