{
  "uid" : "3daa40d2de7a89ae",
  "name" : "Change profile name",
  "fullName" : "tests.feature_profile_test.TestProfileFeature#test_change_profile_name",
  "historyId" : "42b4a115007c35c622675a0baedb491a",
  "time" : {
    "start" : 1704119702959,
    "stop" : 1704119726876,
    "duration" : 23917
  },
  "status" : "broken",
  "statusMessage" : "selenium.common.exceptions.TimeoutException: Message:",
  "statusTrace" : "self = <feature_profile_test.TestProfileFeature object at 0x7f4ffef284d0>\n\n    @allure.title(\"Change profile name\")\n    @allure.severity(\"Critical\")\n    # @pytest.mark.smoke\n    def test_change_profile_name(self):\n        self.login_page.open()\n        self.login_page.enter_login(self.data.LOGIN)\n        self.login_page.enter_password(self.data.PASSWORD)\n        self.login_page.click_submit_button()\n        self.dashboard_page.is_opened()\n        self.dashboard_page.click_my_info()\n        self.personal_page.is_opened()\n        self.personal_page.change_name(f\"Test {random.randint(1,100)}\")\n        self.personal_page.save_changes()\n>       self.personal_page.is_changes_saved()\n\ntests/feature_profile_test.py:27: \n_ _ _ _ _ _ _ _ _ _ _ _ _ _ _ _ _ _ _ _ _ _ _ _ _ _ _ _ _ _ _ _ _ _ _ _ _ _ _ _ \npages/personal_page.py:34: in is_changes_saved\n    self.wait.until(EC.text_to_be_present_in_element_value(self.FIRST_NAME_FIELD,self.name))\n_ _ _ _ _ _ _ _ _ _ _ _ _ _ _ _ _ _ _ _ _ _ _ _ _ _ _ _ _ _ _ _ _ _ _ _ _ _ _ _ \n\nself = <selenium.webdriver.support.wait.WebDriverWait (session=\"fc4755a038790087e67ec89f633eb643\")>\nmethod = <function text_to_be_present_in_element_value.<locals>._predicate at 0x7f4ffefb40e0>\nmessage = ''\n\n    def until(self, method: Callable[[WebDriver], Union[Literal[False], T]], message: str = \"\") -> T:\n        \"\"\"Calls the method provided with the driver as an argument until the \\\n        return value does not evaluate to ``False``.\n    \n        :param method: callable(WebDriver)\n        :param message: optional message for :exc:`TimeoutException`\n        :returns: the result of the last call to `method`\n        :raises: :exc:`selenium.common.exceptions.TimeoutException` if timeout occurs\n        \"\"\"\n        screen = None\n        stacktrace = None\n    \n        end_time = time.monotonic() + self._timeout\n        while True:\n            try:\n                value = method(self._driver)\n                if value:\n                    return value\n            except self._ignored_exceptions as exc:\n                screen = getattr(exc, \"screen\", None)\n                stacktrace = getattr(exc, \"stacktrace\", None)\n            time.sleep(self._poll)\n            if time.monotonic() > end_time:\n                break\n>       raise TimeoutException(message, screen, stacktrace)\nE       selenium.common.exceptions.TimeoutException: Message:\n\n../local/lib/python3.12/site-packages/selenium/webdriver/support/wait.py:101: TimeoutException",
  "flaky" : false,
  "newFailed" : false,
  "beforeStages" : [ {
    "name" : "driver",
    "time" : {
      "start" : 1704119701972,
      "stop" : 1704119702958,
      "duration" : 986
    },
    "status" : "passed",
    "steps" : [ ],
    "attachments" : [ ],
    "parameters" : [ ],
    "attachmentsCount" : 0,
    "shouldDisplayMessage" : false,
    "stepsCount" : 0,
    "hasContent" : false
  }, {
    "name" : "setup",
    "time" : {
      "start" : 1704119702958,
      "stop" : 1704119702958,
      "duration" : 0
    },
    "status" : "passed",
    "steps" : [ ],
    "attachments" : [ ],
    "parameters" : [ ],
    "attachmentsCount" : 0,
    "shouldDisplayMessage" : false,
    "stepsCount" : 0,
    "hasContent" : false
  } ],
  "testStage" : {
    "status" : "broken",
    "statusMessage" : "selenium.common.exceptions.TimeoutException: Message:",
    "statusTrace" : "self = <feature_profile_test.TestProfileFeature object at 0x7f4ffef284d0>\n\n    @allure.title(\"Change profile name\")\n    @allure.severity(\"Critical\")\n    # @pytest.mark.smoke\n    def test_change_profile_name(self):\n        self.login_page.open()\n        self.login_page.enter_login(self.data.LOGIN)\n        self.login_page.enter_password(self.data.PASSWORD)\n        self.login_page.click_submit_button()\n        self.dashboard_page.is_opened()\n        self.dashboard_page.click_my_info()\n        self.personal_page.is_opened()\n        self.personal_page.change_name(f\"Test {random.randint(1,100)}\")\n        self.personal_page.save_changes()\n>       self.personal_page.is_changes_saved()\n\ntests/feature_profile_test.py:27: \n_ _ _ _ _ _ _ _ _ _ _ _ _ _ _ _ _ _ _ _ _ _ _ _ _ _ _ _ _ _ _ _ _ _ _ _ _ _ _ _ \npages/personal_page.py:34: in is_changes_saved\n    self.wait.until(EC.text_to_be_present_in_element_value(self.FIRST_NAME_FIELD,self.name))\n_ _ _ _ _ _ _ _ _ _ _ _ _ _ _ _ _ _ _ _ _ _ _ _ _ _ _ _ _ _ _ _ _ _ _ _ _ _ _ _ \n\nself = <selenium.webdriver.support.wait.WebDriverWait (session=\"fc4755a038790087e67ec89f633eb643\")>\nmethod = <function text_to_be_present_in_element_value.<locals>._predicate at 0x7f4ffefb40e0>\nmessage = ''\n\n    def until(self, method: Callable[[WebDriver], Union[Literal[False], T]], message: str = \"\") -> T:\n        \"\"\"Calls the method provided with the driver as an argument until the \\\n        return value does not evaluate to ``False``.\n    \n        :param method: callable(WebDriver)\n        :param message: optional message for :exc:`TimeoutException`\n        :returns: the result of the last call to `method`\n        :raises: :exc:`selenium.common.exceptions.TimeoutException` if timeout occurs\n        \"\"\"\n        screen = None\n        stacktrace = None\n    \n        end_time = time.monotonic() + self._timeout\n        while True:\n            try:\n                value = method(self._driver)\n                if value:\n                    return value\n            except self._ignored_exceptions as exc:\n                screen = getattr(exc, \"screen\", None)\n                stacktrace = getattr(exc, \"stacktrace\", None)\n            time.sleep(self._poll)\n            if time.monotonic() > end_time:\n                break\n>       raise TimeoutException(message, screen, stacktrace)\nE       selenium.common.exceptions.TimeoutException: Message:\n\n../local/lib/python3.12/site-packages/selenium/webdriver/support/wait.py:101: TimeoutException",
    "steps" : [ {
      "name" : "Open https://opensource-demo.orangehrmlive.com/web/index.php/auth/login page",
      "time" : {
        "start" : 1704119702959,
        "stop" : 1704119705275,
        "duration" : 2316
      },
      "status" : "passed",
      "steps" : [ ],
      "attachments" : [ ],
      "parameters" : [ ],
      "attachmentsCount" : 0,
      "shouldDisplayMessage" : false,
      "stepsCount" : 0,
      "hasContent" : false
    }, {
      "name" : "Enter login",
      "time" : {
        "start" : 1704119705275,
        "stop" : 1704119706331,
        "duration" : 1056
      },
      "status" : "passed",
      "steps" : [ ],
      "attachments" : [ ],
      "parameters" : [ {
        "name" : "login",
        "value" : "'Admin'"
      } ],
      "attachmentsCount" : 0,
      "shouldDisplayMessage" : false,
      "stepsCount" : 0,
      "hasContent" : true
    }, {
      "name" : "Enter password",
      "time" : {
        "start" : 1704119706331,
        "stop" : 1704119706394,
        "duration" : 63
      },
      "status" : "passed",
      "steps" : [ ],
      "attachments" : [ ],
      "parameters" : [ {
        "name" : "password",
        "value" : "'admin123'"
      } ],
      "attachmentsCount" : 0,
      "shouldDisplayMessage" : false,
      "stepsCount" : 0,
      "hasContent" : true
    }, {
      "name" : "Click submit",
      "time" : {
        "start" : 1704119706394,
        "stop" : 1704119706443,
        "duration" : 49
      },
      "status" : "passed",
      "steps" : [ ],
      "attachments" : [ ],
      "parameters" : [ ],
      "attachmentsCount" : 0,
      "shouldDisplayMessage" : false,
      "stepsCount" : 0,
      "hasContent" : false
    }, {
      "name" : "Open https://opensource-demo.orangehrmlive.com/web/index.php/dashboard/index is opened",
      "time" : {
        "start" : 1704119706443,
        "stop" : 1704119707681,
        "duration" : 1238
      },
      "status" : "passed",
      "steps" : [ ],
      "attachments" : [ ],
      "parameters" : [ ],
      "attachmentsCount" : 0,
      "shouldDisplayMessage" : false,
      "stepsCount" : 0,
      "hasContent" : false
    }, {
      "name" : "Click on 'My info' link",
      "time" : {
        "start" : 1704119707682,
        "stop" : 1704119710645,
        "duration" : 2963
      },
      "status" : "passed",
      "steps" : [ ],
      "attachments" : [ ],
      "parameters" : [ ],
      "attachmentsCount" : 0,
      "shouldDisplayMessage" : false,
      "stepsCount" : 0,
      "hasContent" : false
    }, {
      "name" : "Open https://opensource-demo.orangehrmlive.com/web/index.php/pim/viewPersonalDetails/empNumber/7 is opened",
      "time" : {
        "start" : 1704119710645,
        "stop" : 1704119710648,
        "duration" : 3
      },
      "status" : "passed",
      "steps" : [ ],
      "attachments" : [ ],
      "parameters" : [ ],
      "attachmentsCount" : 0,
      "shouldDisplayMessage" : false,
      "stepsCount" : 0,
      "hasContent" : false
    }, {
      "name" : "Change name",
      "time" : {
        "start" : 1704119710648,
        "stop" : 1704119711737,
        "duration" : 1089
      },
      "status" : "passed",
      "steps" : [ {
        "name" : "Change name on 'Test 55'",
        "time" : {
          "start" : 1704119710648,
          "stop" : 1704119711737,
          "duration" : 1089
        },
        "status" : "passed",
        "steps" : [ ],
        "attachments" : [ ],
        "parameters" : [ ],
        "attachmentsCount" : 0,
        "shouldDisplayMessage" : false,
        "stepsCount" : 0,
        "hasContent" : false
      } ],
      "attachments" : [ ],
      "parameters" : [ {
        "name" : "new_name",
        "value" : "'Test 55'"
      } ],
      "attachmentsCount" : 0,
      "shouldDisplayMessage" : false,
      "stepsCount" : 1,
      "hasContent" : true
    }, {
      "name" : "Save name",
      "time" : {
        "start" : 1704119711738,
        "stop" : 1704119712696,
        "duration" : 958
      },
      "status" : "passed",
      "steps" : [ ],
      "attachments" : [ ],
      "parameters" : [ ],
      "attachmentsCount" : 0,
      "shouldDisplayMessage" : false,
      "stepsCount" : 0,
      "hasContent" : false
    }, {
      "name" : "Check changes",
      "time" : {
        "start" : 1704119712696,
        "stop" : 1704119726875,
        "duration" : 14179
      },
      "status" : "broken",
      "statusMessage" : "selenium.common.exceptions.TimeoutException: Message: \n\n",
      "statusTrace" : "  File \"/usr/local/lib/python3.12/site-packages/allure_commons/_allure.py\", line 192, in impl\n    return func(*a, **kw)\n           ^^^^^^^^^^^^^^\n  File \"/usr/workspace/pages/personal_page.py\", line 34, in is_changes_saved\n    self.wait.until(EC.text_to_be_present_in_element_value(self.FIRST_NAME_FIELD,self.name))\n  File \"/usr/local/lib/python3.12/site-packages/selenium/webdriver/support/wait.py\", line 101, in until\n    raise TimeoutException(message, screen, stacktrace)\n",
      "steps" : [ ],
      "attachments" : [ ],
      "parameters" : [ ],
      "attachmentsCount" : 0,
      "shouldDisplayMessage" : true,
      "stepsCount" : 0,
      "hasContent" : true
    } ],
    "attachments" : [ ],
    "parameters" : [ ],
    "attachmentsCount" : 0,
    "shouldDisplayMessage" : true,
    "stepsCount" : 11,
    "hasContent" : true
  },
  "afterStages" : [ {
    "name" : "driver::0",
    "time" : {
      "start" : 1704119726905,
      "stop" : 1704119726993,
      "duration" : 88
    },
    "status" : "passed",
    "steps" : [ ],
    "attachments" : [ ],
    "parameters" : [ ],
    "attachmentsCount" : 0,
    "shouldDisplayMessage" : false,
    "stepsCount" : 0,
    "hasContent" : false
  } ],
  "labels" : [ {
    "name" : "feature",
    "value" : "Profile Functionaloty"
  }, {
    "name" : "severity",
    "value" : "Critical"
  }, {
    "name" : "parentSuite",
    "value" : "tests"
  }, {
    "name" : "suite",
    "value" : "feature_profile_test"
  }, {
    "name" : "subSuite",
    "value" : "TestProfileFeature"
  }, {
    "name" : "host",
    "value" : "9105a4f34d24"
  }, {
    "name" : "thread",
    "value" : "1-MainThread"
  }, {
    "name" : "framework",
    "value" : "pytest"
  }, {
    "name" : "language",
    "value" : "cpython3"
  }, {
    "name" : "package",
    "value" : "tests.feature_profile_test"
  }, {
    "name" : "resultFormat",
    "value" : "allure2"
  } ],
  "parameters" : [ ],
  "links" : [ ],
  "hidden" : false,
  "retry" : false,
  "extra" : {
    "severity" : "critical",
    "retries" : [ ],
    "categories" : [ {
      "name" : "Test defects",
      "matchedStatuses" : [ ],
      "flaky" : false
    } ],
    "history" : {
      "statistic" : {
        "failed" : 0,
        "broken" : 26,
        "skipped" : 0,
        "passed" : 214,
        "unknown" : 0,
        "total" : 240
      },
      "items" : [ {
        "uid" : "f9128df4750f6875",
        "status" : "passed",
        "time" : {
          "start" : 1704116116735,
          "stop" : 1704116129489,
          "duration" : 12754
        }
      }, {
        "uid" : "bd622c3bd19f1c4b",
        "status" : "passed",
        "time" : {
          "start" : 1704113321751,
          "stop" : 1704113333900,
          "duration" : 12149
        }
      }, {
        "uid" : "480e79c8b754133",
        "status" : "passed",
        "time" : {
          "start" : 1703871294731,
          "stop" : 1703871306825,
          "duration" : 12094
        }
      }, {
        "uid" : "42b649e5fbe3984a",
        "status" : "passed",
        "time" : {
          "start" : 1703867950677,
          "stop" : 1703867963749,
          "duration" : 13072
        }
      }, {
        "uid" : "3440665e399dc2b4",
        "status" : "passed",
        "time" : {
          "start" : 1703864162430,
          "stop" : 1703864174177,
          "duration" : 11747
        }
      }, {
        "uid" : "bddca1b0e769ebe4",
        "status" : "broken",
        "statusDetails" : "selenium.common.exceptions.TimeoutException: Message:",
        "time" : {
          "start" : 1703860511775,
          "stop" : 1703860533106,
          "duration" : 21331
        }
      }, {
        "uid" : "33a9650e632832d0",
        "status" : "passed",
        "time" : {
          "start" : 1703856907853,
          "stop" : 1703856920177,
          "duration" : 12324
        }
      }, {
        "uid" : "8832779b5c8491d4",
        "status" : "passed",
        "time" : {
          "start" : 1703854041445,
          "stop" : 1703854053207,
          "duration" : 11762
        }
      }, {
        "uid" : "bf75ffa8d82d5cd2",
        "status" : "passed",
        "time" : {
          "start" : 1703784909619,
          "stop" : 1703784921759,
          "duration" : 12140
        }
      }, {
        "uid" : "86ad39566ab86d0a",
        "status" : "passed",
        "time" : {
          "start" : 1703781552047,
          "stop" : 1703781565117,
          "duration" : 13070
        }
      }, {
        "uid" : "eeb8b0c22526c03f",
        "status" : "passed",
        "time" : {
          "start" : 1703777743020,
          "stop" : 1703777754865,
          "duration" : 11845
        }
      }, {
        "uid" : "2b93f346ab144068",
        "status" : "passed",
        "time" : {
          "start" : 1703774125408,
          "stop" : 1703774137439,
          "duration" : 12031
        }
      }, {
        "uid" : "8ea926dc9445d1f0",
        "status" : "passed",
        "time" : {
          "start" : 1703770498312,
          "stop" : 1703770510439,
          "duration" : 12127
        }
      }, {
        "uid" : "13e339dac5431a4",
        "status" : "passed",
        "time" : {
          "start" : 1703767680848,
          "stop" : 1703767694054,
          "duration" : 13206
        }
      }, {
        "uid" : "aecbf878f918a7eb",
        "status" : "passed",
        "time" : {
          "start" : 1703698525618,
          "stop" : 1703698537820,
          "duration" : 12202
        }
      }, {
        "uid" : "6de24bc4e67b095",
        "status" : "passed",
        "time" : {
          "start" : 1703695146200,
          "stop" : 1703695158244,
          "duration" : 12044
        }
      }, {
        "uid" : "221b810a2b2ff1ef",
        "status" : "broken",
        "statusDetails" : "selenium.common.exceptions.TimeoutException: Message:",
        "time" : {
          "start" : 1703691335369,
          "stop" : 1703691356124,
          "duration" : 20755
        }
      }, {
        "uid" : "4f0fdbcedfaca6a8",
        "status" : "passed",
        "time" : {
          "start" : 1703687720438,
          "stop" : 1703687732638,
          "duration" : 12200
        }
      }, {
        "uid" : "b97ed8645b6183c8",
        "status" : "passed",
        "time" : {
          "start" : 1703684103744,
          "stop" : 1703684115703,
          "duration" : 11959
        }
      }, {
        "uid" : "4b515ca7d1ded320",
        "status" : "passed",
        "time" : {
          "start" : 1703681269489,
          "stop" : 1703681282176,
          "duration" : 12687
        }
      } ]
    },
    "tags" : [ ]
  },
  "source" : "3daa40d2de7a89ae.json",
  "parameterValues" : [ ]
}