{
  "uid" : "64d73a3f89e3ff6a",
  "name" : "Post random information",
  "fullName" : "tests.feature_profile_test.TestProfileFeature#test_post",
  "historyId" : "028bb0f23aa13d60158934f7f2b84f0f",
  "time" : {
    "start" : 1708605964809,
    "stop" : 1708605975304,
    "duration" : 10495
  },
  "status" : "broken",
  "statusMessage" : "selenium.common.exceptions.TimeoutException: Message:",
  "statusTrace" : "self = <feature_profile_test.TestProfileFeature object at 0x7fd3f8babdd0>\n\n    @allure.title(\"Post random information\")\n    @allure.severity(\"Critical\")\n    def test_post(self):\n        self.login_page.open()\n>       self.login_page.enter_login(self.data.LOGIN)\n\ntests/feature_profile_test.py:47: \n_ _ _ _ _ _ _ _ _ _ _ _ _ _ _ _ _ _ _ _ _ _ _ _ _ _ _ _ _ _ _ _ _ _ _ _ _ _ _ _ \npages/login_page.py:15: in enter_login\n    self.wait.until(EC.element_to_be_clickable(self.USERNAME_FIELD)).send_keys(login)\n_ _ _ _ _ _ _ _ _ _ _ _ _ _ _ _ _ _ _ _ _ _ _ _ _ _ _ _ _ _ _ _ _ _ _ _ _ _ _ _ \n\nself = <selenium.webdriver.support.wait.WebDriverWait (session=\"54eb5dd8843dcec28b44d83237fe1797\")>\nmethod = <function element_to_be_clickable.<locals>._predicate at 0x7fd3f8c4c9a0>\nmessage = ''\n\n    def until(self, method: Callable[[WebDriver], Union[Literal[False], T]], message: str = \"\") -> T:\n        \"\"\"Calls the method provided with the driver as an argument until the \\\n        return value does not evaluate to ``False``.\n    \n        :param method: callable(WebDriver)\n        :param message: optional message for :exc:`TimeoutException`\n        :returns: the result of the last call to `method`\n        :raises: :exc:`selenium.common.exceptions.TimeoutException` if timeout occurs\n        \"\"\"\n        screen = None\n        stacktrace = None\n    \n        end_time = time.monotonic() + self._timeout\n        while True:\n            try:\n                value = method(self._driver)\n                if value:\n                    return value\n            except self._ignored_exceptions as exc:\n                screen = getattr(exc, \"screen\", None)\n                stacktrace = getattr(exc, \"stacktrace\", None)\n            time.sleep(self._poll)\n            if time.monotonic() > end_time:\n                break\n>       raise TimeoutException(message, screen, stacktrace)\nE       selenium.common.exceptions.TimeoutException: Message:\n\n../local/lib/python3.12/site-packages/selenium/webdriver/support/wait.py:101: TimeoutException",
  "flaky" : false,
  "newFailed" : false,
  "beforeStages" : [ {
    "name" : "setup",
    "time" : {
      "start" : 1708605964808,
      "stop" : 1708605964808,
      "duration" : 0
    },
    "status" : "passed",
    "steps" : [ ],
    "attachments" : [ ],
    "parameters" : [ ],
    "attachmentsCount" : 0,
    "shouldDisplayMessage" : false,
    "stepsCount" : 0,
    "hasContent" : false
  }, {
    "name" : "driver",
    "time" : {
      "start" : 1708605963992,
      "stop" : 1708605964808,
      "duration" : 816
    },
    "status" : "passed",
    "steps" : [ ],
    "attachments" : [ ],
    "parameters" : [ ],
    "attachmentsCount" : 0,
    "shouldDisplayMessage" : false,
    "stepsCount" : 0,
    "hasContent" : false
  } ],
  "testStage" : {
    "status" : "broken",
    "statusMessage" : "selenium.common.exceptions.TimeoutException: Message:",
    "statusTrace" : "self = <feature_profile_test.TestProfileFeature object at 0x7fd3f8babdd0>\n\n    @allure.title(\"Post random information\")\n    @allure.severity(\"Critical\")\n    def test_post(self):\n        self.login_page.open()\n>       self.login_page.enter_login(self.data.LOGIN)\n\ntests/feature_profile_test.py:47: \n_ _ _ _ _ _ _ _ _ _ _ _ _ _ _ _ _ _ _ _ _ _ _ _ _ _ _ _ _ _ _ _ _ _ _ _ _ _ _ _ \npages/login_page.py:15: in enter_login\n    self.wait.until(EC.element_to_be_clickable(self.USERNAME_FIELD)).send_keys(login)\n_ _ _ _ _ _ _ _ _ _ _ _ _ _ _ _ _ _ _ _ _ _ _ _ _ _ _ _ _ _ _ _ _ _ _ _ _ _ _ _ \n\nself = <selenium.webdriver.support.wait.WebDriverWait (session=\"54eb5dd8843dcec28b44d83237fe1797\")>\nmethod = <function element_to_be_clickable.<locals>._predicate at 0x7fd3f8c4c9a0>\nmessage = ''\n\n    def until(self, method: Callable[[WebDriver], Union[Literal[False], T]], message: str = \"\") -> T:\n        \"\"\"Calls the method provided with the driver as an argument until the \\\n        return value does not evaluate to ``False``.\n    \n        :param method: callable(WebDriver)\n        :param message: optional message for :exc:`TimeoutException`\n        :returns: the result of the last call to `method`\n        :raises: :exc:`selenium.common.exceptions.TimeoutException` if timeout occurs\n        \"\"\"\n        screen = None\n        stacktrace = None\n    \n        end_time = time.monotonic() + self._timeout\n        while True:\n            try:\n                value = method(self._driver)\n                if value:\n                    return value\n            except self._ignored_exceptions as exc:\n                screen = getattr(exc, \"screen\", None)\n                stacktrace = getattr(exc, \"stacktrace\", None)\n            time.sleep(self._poll)\n            if time.monotonic() > end_time:\n                break\n>       raise TimeoutException(message, screen, stacktrace)\nE       selenium.common.exceptions.TimeoutException: Message:\n\n../local/lib/python3.12/site-packages/selenium/webdriver/support/wait.py:101: TimeoutException",
    "steps" : [ {
      "name" : "Open https://opensource-demo.orangehrmlive.com/web/index.php/auth/login page",
      "time" : {
        "start" : 1708605964809,
        "stop" : 1708605965241,
        "duration" : 432
      },
      "status" : "passed",
      "steps" : [ ],
      "attachments" : [ ],
      "parameters" : [ ],
      "attachmentsCount" : 0,
      "shouldDisplayMessage" : false,
      "stepsCount" : 0,
      "hasContent" : false
    }, {
      "name" : "Enter login",
      "time" : {
        "start" : 1708605965242,
        "stop" : 1708605975303,
        "duration" : 10061
      },
      "status" : "broken",
      "statusMessage" : "selenium.common.exceptions.TimeoutException: Message: \n\n",
      "statusTrace" : "  File \"/usr/local/lib/python3.12/site-packages/allure_commons/_allure.py\", line 192, in impl\n    return func(*a, **kw)\n           ^^^^^^^^^^^^^^\n  File \"/usr/workspace/pages/login_page.py\", line 15, in enter_login\n    self.wait.until(EC.element_to_be_clickable(self.USERNAME_FIELD)).send_keys(login)\n    ^^^^^^^^^^^^^^^^^^^^^^^^^^^^^^^^^^^^^^^^^^^^^^^^^^^^^^^^^^^^^^^^\n  File \"/usr/local/lib/python3.12/site-packages/selenium/webdriver/support/wait.py\", line 101, in until\n    raise TimeoutException(message, screen, stacktrace)\n",
      "steps" : [ ],
      "attachments" : [ ],
      "parameters" : [ {
        "name" : "login",
        "value" : "'Admin'"
      } ],
      "attachmentsCount" : 0,
      "shouldDisplayMessage" : true,
      "stepsCount" : 0,
      "hasContent" : true
    } ],
    "attachments" : [ ],
    "parameters" : [ ],
    "attachmentsCount" : 0,
    "shouldDisplayMessage" : true,
    "stepsCount" : 2,
    "hasContent" : true
  },
  "afterStages" : [ {
    "name" : "driver::0",
    "time" : {
      "start" : 1708605975309,
      "stop" : 1708605975364,
      "duration" : 55
    },
    "status" : "passed",
    "steps" : [ ],
    "attachments" : [ ],
    "parameters" : [ ],
    "attachmentsCount" : 0,
    "shouldDisplayMessage" : false,
    "stepsCount" : 0,
    "hasContent" : false
  } ],
  "labels" : [ {
    "name" : "severity",
    "value" : "Critical"
  }, {
    "name" : "feature",
    "value" : "Profile Functionaloty"
  }, {
    "name" : "parentSuite",
    "value" : "tests"
  }, {
    "name" : "suite",
    "value" : "feature_profile_test"
  }, {
    "name" : "subSuite",
    "value" : "TestProfileFeature"
  }, {
    "name" : "host",
    "value" : "fb8191b1d9e4"
  }, {
    "name" : "thread",
    "value" : "1-MainThread"
  }, {
    "name" : "framework",
    "value" : "pytest"
  }, {
    "name" : "language",
    "value" : "cpython3"
  }, {
    "name" : "package",
    "value" : "tests.feature_profile_test"
  }, {
    "name" : "resultFormat",
    "value" : "allure2"
  } ],
  "parameters" : [ ],
  "links" : [ ],
  "hidden" : false,
  "retry" : false,
  "extra" : {
    "severity" : "critical",
    "retries" : [ ],
    "categories" : [ {
      "name" : "Test defects",
      "matchedStatuses" : [ ],
      "flaky" : false
    } ],
    "history" : {
      "statistic" : {
        "failed" : 0,
        "broken" : 63,
        "skipped" : 0,
        "passed" : 368,
        "unknown" : 0,
        "total" : 431
      },
      "items" : [ {
        "uid" : "7e5685edbbd0acdf",
        "status" : "passed",
        "time" : {
          "start" : 1708536950748,
          "stop" : 1708536959136,
          "duration" : 8388
        }
      }, {
        "uid" : "3a2063df592cb0e9",
        "status" : "passed",
        "time" : {
          "start" : 1708533450399,
          "stop" : 1708533458835,
          "duration" : 8436
        }
      }, {
        "uid" : "e452d231ef652802",
        "status" : "passed",
        "time" : {
          "start" : 1708529775138,
          "stop" : 1708529783749,
          "duration" : 8611
        }
      }, {
        "uid" : "63a28c761ea67517",
        "status" : "passed",
        "time" : {
          "start" : 1708526165757,
          "stop" : 1708526174323,
          "duration" : 8566
        }
      }, {
        "uid" : "9904164ef436e7ea",
        "status" : "passed",
        "time" : {
          "start" : 1708522537417,
          "stop" : 1708522545849,
          "duration" : 8432
        }
      }, {
        "uid" : "932157c603d6fec7",
        "status" : "broken",
        "statusDetails" : "selenium.common.exceptions.StaleElementReferenceException: Message: stale element reference: element is not attached to the page document\n  (Session info: headless chrome=112.0.5615.165); For documentation on this error, please visit: https://www.selenium.dev/documentation/webdriver/troubleshooting/errors#stale-element-reference-exception",
        "time" : {
          "start" : 1708519600375,
          "stop" : 1708519607887,
          "duration" : 7512
        }
      }, {
        "uid" : "7eceb30a75da1db4",
        "status" : "passed",
        "time" : {
          "start" : 1708450540646,
          "stop" : 1708450548824,
          "duration" : 8178
        }
      }, {
        "uid" : "bfee6eac8219f0c",
        "status" : "passed",
        "time" : {
          "start" : 1708447029057,
          "stop" : 1708447037583,
          "duration" : 8526
        }
      }, {
        "uid" : "8dec1421bacde617",
        "status" : "passed",
        "time" : {
          "start" : 1708443347590,
          "stop" : 1708443355723,
          "duration" : 8133
        }
      }, {
        "uid" : "556ebaed7b180fa2",
        "status" : "broken",
        "statusDetails" : "selenium.common.exceptions.StaleElementReferenceException: Message: stale element reference: element is not attached to the page document\n  (Session info: headless chrome=112.0.5615.165); For documentation on this error, please visit: https://www.selenium.dev/documentation/webdriver/troubleshooting/errors#stale-element-reference-exception",
        "time" : {
          "start" : 1708439728622,
          "stop" : 1708439735736,
          "duration" : 7114
        }
      }, {
        "uid" : "c98b7f949847da66",
        "status" : "broken",
        "statusDetails" : "selenium.common.exceptions.StaleElementReferenceException: Message: stale element reference: element is not attached to the page document\n  (Session info: headless chrome=112.0.5615.165); For documentation on this error, please visit: https://www.selenium.dev/documentation/webdriver/troubleshooting/errors#stale-element-reference-exception",
        "time" : {
          "start" : 1708436153085,
          "stop" : 1708436159738,
          "duration" : 6653
        }
      }, {
        "uid" : "9b84aa952fa23d62",
        "status" : "passed",
        "time" : {
          "start" : 1708433122277,
          "stop" : 1708433130376,
          "duration" : 8099
        }
      }, {
        "uid" : "618a3c64dc052c24",
        "status" : "passed",
        "time" : {
          "start" : 1708364140882,
          "stop" : 1708364149845,
          "duration" : 8963
        }
      }, {
        "uid" : "3a602e21ba79062e",
        "status" : "broken",
        "statusDetails" : "selenium.common.exceptions.StaleElementReferenceException: Message: stale element reference: element is not attached to the page document\n  (Session info: headless chrome=112.0.5615.165); For documentation on this error, please visit: https://www.selenium.dev/documentation/webdriver/troubleshooting/errors#stale-element-reference-exception",
        "time" : {
          "start" : 1708360761576,
          "stop" : 1708360768390,
          "duration" : 6814
        }
      }, {
        "uid" : "d488a8757c35ffda",
        "status" : "passed",
        "time" : {
          "start" : 1708357008315,
          "stop" : 1708357016791,
          "duration" : 8476
        }
      }, {
        "uid" : "c7cf0eafcc7a0f85",
        "status" : "passed",
        "time" : {
          "start" : 1708353359763,
          "stop" : 1708353369914,
          "duration" : 10151
        }
      }, {
        "uid" : "c0a49f041d578dcf",
        "status" : "passed",
        "time" : {
          "start" : 1708349750967,
          "stop" : 1708349759377,
          "duration" : 8410
        }
      }, {
        "uid" : "d891f40b90d7b12e",
        "status" : "passed",
        "time" : {
          "start" : 1708346860593,
          "stop" : 1708346869620,
          "duration" : 9027
        }
      }, {
        "uid" : "b70f2f78311d6401",
        "status" : "passed",
        "time" : {
          "start" : 1708104925753,
          "stop" : 1708104933687,
          "duration" : 7934
        }
      }, {
        "uid" : "c1b0dce834fa92c2",
        "status" : "passed",
        "time" : {
          "start" : 1708101410856,
          "stop" : 1708101418999,
          "duration" : 8143
        }
      } ]
    },
    "tags" : [ ]
  },
  "source" : "64d73a3f89e3ff6a.json",
  "parameterValues" : [ ]
}