{
  "uid" : "68211e890d5cead",
  "name" : "Post random information",
  "fullName" : "tests.feature_profile_test.TestProfileFeature#test_post",
  "historyId" : "028bb0f23aa13d60158934f7f2b84f0f",
  "time" : {
    "start" : 1703163006071,
    "stop" : 1703163012773,
    "duration" : 6702
  },
  "status" : "broken",
  "statusMessage" : "selenium.common.exceptions.ElementNotInteractableException: Message: element not interactable\n  (Session info: headless chrome=112.0.5615.165)",
  "statusTrace" : "self = <feature_profile_test.TestProfileFeature object at 0x7f366f848a70>\n\n    @allure.title(\"Post random information\")\n    @allure.severity(\"Critical\")\n    def test_post(self):\n        self.login_page.open()\n        self.login_page.enter_login(self.data.LOGIN)\n        self.login_page.enter_password(self.data.PASSWORD)\n        self.login_page.click_submit_button()\n        self.dashboard_page.is_opened()\n        self.dashboard_page.click_buzz()\n        self.buzz_page.is_opened()\n>       self.buzz_page.click_post_area(f\"Test text {random.randint(1, 100)}\")\n\ntests/feature_profile_test.py:53: \n_ _ _ _ _ _ _ _ _ _ _ _ _ _ _ _ _ _ _ _ _ _ _ _ _ _ _ _ _ _ _ _ _ _ _ _ _ _ _ _ \npages/buzz_page.py:34: in click_post_area\n    post_area_field.send_keys(new_value)\n../local/lib/python3.12/site-packages/selenium/webdriver/remote/webelement.py:230: in send_keys\n    self._execute(\n../local/lib/python3.12/site-packages/selenium/webdriver/remote/webelement.py:394: in _execute\n    return self._parent.execute(command, params)\n../local/lib/python3.12/site-packages/selenium/webdriver/remote/webdriver.py:346: in execute\n    self.error_handler.check_response(response)\n_ _ _ _ _ _ _ _ _ _ _ _ _ _ _ _ _ _ _ _ _ _ _ _ _ _ _ _ _ _ _ _ _ _ _ _ _ _ _ _ \n\nself = <selenium.webdriver.remote.errorhandler.ErrorHandler object at 0x7f366f84af30>\nresponse = {'status': 400, 'value': '{\"value\":{\"error\":\"element not interactable\",\"message\":\"element not interactable\\\\n  (Session info: headless chrome=112.0.5615.165)\",\"stacktrace\":\"\"}}'}\n\n    def check_response(self, response: Dict[str, Any]) -> None:\n        \"\"\"Checks that a JSON response from the WebDriver does not have an\n        error.\n    \n        :Args:\n         - response - The JSON response from the WebDriver server as a dictionary\n           object.\n    \n        :Raises: If the response contains an error message.\n        \"\"\"\n        status = response.get(\"status\", None)\n        if not status or status == ErrorCode.SUCCESS:\n            return\n        value = None\n        message = response.get(\"message\", \"\")\n        screen: str = response.get(\"screen\", \"\")\n        stacktrace = None\n        if isinstance(status, int):\n            value_json = response.get(\"value\", None)\n            if value_json and isinstance(value_json, str):\n                import json\n    \n                try:\n                    value = json.loads(value_json)\n                    if len(value) == 1:\n                        value = value[\"value\"]\n                    status = value.get(\"error\", None)\n                    if not status:\n                        status = value.get(\"status\", ErrorCode.UNKNOWN_ERROR)\n                        message = value.get(\"value\") or value.get(\"message\")\n                        if not isinstance(message, str):\n                            value = message\n                            message = message.get(\"message\")\n                    else:\n                        message = value.get(\"message\", None)\n                except ValueError:\n                    pass\n    \n        exception_class: Type[WebDriverException]\n        e = ErrorCode()\n        error_codes = [item for item in dir(e) if not item.startswith(\"__\")]\n        for error_code in error_codes:\n            error_info = getattr(ErrorCode, error_code)\n            if isinstance(error_info, list) and status in error_info:\n                exception_class = getattr(ExceptionMapping, error_code, WebDriverException)\n                break\n        else:\n            exception_class = WebDriverException\n    \n        if not value:\n            value = response[\"value\"]\n        if isinstance(value, str):\n            raise exception_class(value)\n        if message == \"\" and \"message\" in value:\n            message = value[\"message\"]\n    \n        screen = None  # type: ignore[assignment]\n        if \"screen\" in value:\n            screen = value[\"screen\"]\n    \n        stacktrace = None\n        st_value = value.get(\"stackTrace\") or value.get(\"stacktrace\")\n        if st_value:\n            if isinstance(st_value, str):\n                stacktrace = st_value.split(\"\\n\")\n            else:\n                stacktrace = []\n                try:\n                    for frame in st_value:\n                        line = frame.get(\"lineNumber\", \"\")\n                        file = frame.get(\"fileName\", \"<anonymous>\")\n                        if line:\n                            file = f\"{file}:{line}\"\n                        meth = frame.get(\"methodName\", \"<anonymous>\")\n                        if \"className\" in frame:\n                            meth = f\"{frame['className']}.{meth}\"\n                        msg = \"    at %s (%s)\"\n                        msg = msg % (meth, file)\n                        stacktrace.append(msg)\n                except TypeError:\n                    pass\n        if exception_class == UnexpectedAlertPresentException:\n            alert_text = None\n            if \"data\" in value:\n                alert_text = value[\"data\"].get(\"text\")\n            elif \"alert\" in value:\n                alert_text = value[\"alert\"].get(\"text\")\n            raise exception_class(message, screen, stacktrace, alert_text)  # type: ignore[call-arg]  # mypy is not smart enough here\n>       raise exception_class(message, screen, stacktrace)\nE       selenium.common.exceptions.ElementNotInteractableException: Message: element not interactable\nE         (Session info: headless chrome=112.0.5615.165)\n\n../local/lib/python3.12/site-packages/selenium/webdriver/remote/errorhandler.py:229: ElementNotInteractableException",
  "flaky" : false,
  "newFailed" : false,
  "beforeStages" : [ {
    "name" : "driver",
    "time" : {
      "start" : 1703163005256,
      "stop" : 1703163006070,
      "duration" : 814
    },
    "status" : "passed",
    "steps" : [ ],
    "attachments" : [ ],
    "parameters" : [ ],
    "attachmentsCount" : 0,
    "shouldDisplayMessage" : false,
    "stepsCount" : 0,
    "hasContent" : false
  }, {
    "name" : "setup",
    "time" : {
      "start" : 1703163006070,
      "stop" : 1703163006071,
      "duration" : 1
    },
    "status" : "passed",
    "steps" : [ ],
    "attachments" : [ ],
    "parameters" : [ ],
    "attachmentsCount" : 0,
    "shouldDisplayMessage" : false,
    "stepsCount" : 0,
    "hasContent" : false
  } ],
  "testStage" : {
    "status" : "broken",
    "statusMessage" : "selenium.common.exceptions.ElementNotInteractableException: Message: element not interactable\n  (Session info: headless chrome=112.0.5615.165)",
    "statusTrace" : "self = <feature_profile_test.TestProfileFeature object at 0x7f366f848a70>\n\n    @allure.title(\"Post random information\")\n    @allure.severity(\"Critical\")\n    def test_post(self):\n        self.login_page.open()\n        self.login_page.enter_login(self.data.LOGIN)\n        self.login_page.enter_password(self.data.PASSWORD)\n        self.login_page.click_submit_button()\n        self.dashboard_page.is_opened()\n        self.dashboard_page.click_buzz()\n        self.buzz_page.is_opened()\n>       self.buzz_page.click_post_area(f\"Test text {random.randint(1, 100)}\")\n\ntests/feature_profile_test.py:53: \n_ _ _ _ _ _ _ _ _ _ _ _ _ _ _ _ _ _ _ _ _ _ _ _ _ _ _ _ _ _ _ _ _ _ _ _ _ _ _ _ \npages/buzz_page.py:34: in click_post_area\n    post_area_field.send_keys(new_value)\n../local/lib/python3.12/site-packages/selenium/webdriver/remote/webelement.py:230: in send_keys\n    self._execute(\n../local/lib/python3.12/site-packages/selenium/webdriver/remote/webelement.py:394: in _execute\n    return self._parent.execute(command, params)\n../local/lib/python3.12/site-packages/selenium/webdriver/remote/webdriver.py:346: in execute\n    self.error_handler.check_response(response)\n_ _ _ _ _ _ _ _ _ _ _ _ _ _ _ _ _ _ _ _ _ _ _ _ _ _ _ _ _ _ _ _ _ _ _ _ _ _ _ _ \n\nself = <selenium.webdriver.remote.errorhandler.ErrorHandler object at 0x7f366f84af30>\nresponse = {'status': 400, 'value': '{\"value\":{\"error\":\"element not interactable\",\"message\":\"element not interactable\\\\n  (Session info: headless chrome=112.0.5615.165)\",\"stacktrace\":\"\"}}'}\n\n    def check_response(self, response: Dict[str, Any]) -> None:\n        \"\"\"Checks that a JSON response from the WebDriver does not have an\n        error.\n    \n        :Args:\n         - response - The JSON response from the WebDriver server as a dictionary\n           object.\n    \n        :Raises: If the response contains an error message.\n        \"\"\"\n        status = response.get(\"status\", None)\n        if not status or status == ErrorCode.SUCCESS:\n            return\n        value = None\n        message = response.get(\"message\", \"\")\n        screen: str = response.get(\"screen\", \"\")\n        stacktrace = None\n        if isinstance(status, int):\n            value_json = response.get(\"value\", None)\n            if value_json and isinstance(value_json, str):\n                import json\n    \n                try:\n                    value = json.loads(value_json)\n                    if len(value) == 1:\n                        value = value[\"value\"]\n                    status = value.get(\"error\", None)\n                    if not status:\n                        status = value.get(\"status\", ErrorCode.UNKNOWN_ERROR)\n                        message = value.get(\"value\") or value.get(\"message\")\n                        if not isinstance(message, str):\n                            value = message\n                            message = message.get(\"message\")\n                    else:\n                        message = value.get(\"message\", None)\n                except ValueError:\n                    pass\n    \n        exception_class: Type[WebDriverException]\n        e = ErrorCode()\n        error_codes = [item for item in dir(e) if not item.startswith(\"__\")]\n        for error_code in error_codes:\n            error_info = getattr(ErrorCode, error_code)\n            if isinstance(error_info, list) and status in error_info:\n                exception_class = getattr(ExceptionMapping, error_code, WebDriverException)\n                break\n        else:\n            exception_class = WebDriverException\n    \n        if not value:\n            value = response[\"value\"]\n        if isinstance(value, str):\n            raise exception_class(value)\n        if message == \"\" and \"message\" in value:\n            message = value[\"message\"]\n    \n        screen = None  # type: ignore[assignment]\n        if \"screen\" in value:\n            screen = value[\"screen\"]\n    \n        stacktrace = None\n        st_value = value.get(\"stackTrace\") or value.get(\"stacktrace\")\n        if st_value:\n            if isinstance(st_value, str):\n                stacktrace = st_value.split(\"\\n\")\n            else:\n                stacktrace = []\n                try:\n                    for frame in st_value:\n                        line = frame.get(\"lineNumber\", \"\")\n                        file = frame.get(\"fileName\", \"<anonymous>\")\n                        if line:\n                            file = f\"{file}:{line}\"\n                        meth = frame.get(\"methodName\", \"<anonymous>\")\n                        if \"className\" in frame:\n                            meth = f\"{frame['className']}.{meth}\"\n                        msg = \"    at %s (%s)\"\n                        msg = msg % (meth, file)\n                        stacktrace.append(msg)\n                except TypeError:\n                    pass\n        if exception_class == UnexpectedAlertPresentException:\n            alert_text = None\n            if \"data\" in value:\n                alert_text = value[\"data\"].get(\"text\")\n            elif \"alert\" in value:\n                alert_text = value[\"alert\"].get(\"text\")\n            raise exception_class(message, screen, stacktrace, alert_text)  # type: ignore[call-arg]  # mypy is not smart enough here\n>       raise exception_class(message, screen, stacktrace)\nE       selenium.common.exceptions.ElementNotInteractableException: Message: element not interactable\nE         (Session info: headless chrome=112.0.5615.165)\n\n../local/lib/python3.12/site-packages/selenium/webdriver/remote/errorhandler.py:229: ElementNotInteractableException",
    "steps" : [ {
      "name" : "Open https://opensource-demo.orangehrmlive.com/web/index.php/auth/login page",
      "time" : {
        "start" : 1703163006071,
        "stop" : 1703163007648,
        "duration" : 1577
      },
      "status" : "passed",
      "steps" : [ ],
      "attachments" : [ ],
      "parameters" : [ ],
      "attachmentsCount" : 0,
      "shouldDisplayMessage" : false,
      "stepsCount" : 0,
      "hasContent" : false
    }, {
      "name" : "Enter login",
      "time" : {
        "start" : 1703163007649,
        "stop" : 1703163008703,
        "duration" : 1054
      },
      "status" : "passed",
      "steps" : [ ],
      "attachments" : [ ],
      "parameters" : [ {
        "name" : "login",
        "value" : "'Admin'"
      } ],
      "attachmentsCount" : 0,
      "shouldDisplayMessage" : false,
      "stepsCount" : 0,
      "hasContent" : true
    }, {
      "name" : "Enter password",
      "time" : {
        "start" : 1703163008703,
        "stop" : 1703163008768,
        "duration" : 65
      },
      "status" : "passed",
      "steps" : [ ],
      "attachments" : [ ],
      "parameters" : [ {
        "name" : "password",
        "value" : "'admin123'"
      } ],
      "attachmentsCount" : 0,
      "shouldDisplayMessage" : false,
      "stepsCount" : 0,
      "hasContent" : true
    }, {
      "name" : "Click submit",
      "time" : {
        "start" : 1703163008768,
        "stop" : 1703163008812,
        "duration" : 44
      },
      "status" : "passed",
      "steps" : [ ],
      "attachments" : [ ],
      "parameters" : [ ],
      "attachmentsCount" : 0,
      "shouldDisplayMessage" : false,
      "stepsCount" : 0,
      "hasContent" : false
    }, {
      "name" : "Open https://opensource-demo.orangehrmlive.com/web/index.php/dashboard/index is opened",
      "time" : {
        "start" : 1703163008812,
        "stop" : 1703163009889,
        "duration" : 1077
      },
      "status" : "passed",
      "steps" : [ ],
      "attachments" : [ ],
      "parameters" : [ ],
      "attachmentsCount" : 0,
      "shouldDisplayMessage" : false,
      "stepsCount" : 0,
      "hasContent" : false
    }, {
      "name" : "Click on 'Buzz' link",
      "time" : {
        "start" : 1703163009889,
        "stop" : 1703163011642,
        "duration" : 1753
      },
      "status" : "passed",
      "steps" : [ ],
      "attachments" : [ ],
      "parameters" : [ ],
      "attachmentsCount" : 0,
      "shouldDisplayMessage" : false,
      "stepsCount" : 0,
      "hasContent" : false
    }, {
      "name" : "Open https://opensource-demo.orangehrmlive.com/web/index.php/buzz/viewBuzz is opened",
      "time" : {
        "start" : 1703163011642,
        "stop" : 1703163011645,
        "duration" : 3
      },
      "status" : "passed",
      "steps" : [ ],
      "attachments" : [ ],
      "parameters" : [ ],
      "attachmentsCount" : 0,
      "shouldDisplayMessage" : false,
      "stepsCount" : 0,
      "hasContent" : false
    }, {
      "name" : "Click on Post area",
      "time" : {
        "start" : 1703163011645,
        "stop" : 1703163012771,
        "duration" : 1126
      },
      "status" : "broken",
      "statusMessage" : "selenium.common.exceptions.ElementNotInteractableException: Message: element not interactable\n  (Session info: headless chrome=112.0.5615.165)\n\n",
      "statusTrace" : "  File \"/usr/local/lib/python3.12/site-packages/allure_commons/_allure.py\", line 192, in impl\n    return func(*a, **kw)\n           ^^^^^^^^^^^^^^\n  File \"/usr/workspace/pages/buzz_page.py\", line 34, in click_post_area\n    post_area_field.send_keys(new_value)\n  File \"/usr/local/lib/python3.12/site-packages/selenium/webdriver/remote/webelement.py\", line 230, in send_keys\n    self._execute(\n  File \"/usr/local/lib/python3.12/site-packages/selenium/webdriver/remote/webelement.py\", line 394, in _execute\n    return self._parent.execute(command, params)\n           ^^^^^^^^^^^^^^^^^^^^^^^^^^^^^^^^^^^^^\n  File \"/usr/local/lib/python3.12/site-packages/selenium/webdriver/remote/webdriver.py\", line 346, in execute\n    self.error_handler.check_response(response)\n  File \"/usr/local/lib/python3.12/site-packages/selenium/webdriver/remote/errorhandler.py\", line 229, in check_response\n    raise exception_class(message, screen, stacktrace)\n",
      "steps" : [ ],
      "attachments" : [ ],
      "parameters" : [ {
        "name" : "new_value",
        "value" : "'Test text 3'"
      } ],
      "attachmentsCount" : 0,
      "shouldDisplayMessage" : true,
      "stepsCount" : 0,
      "hasContent" : true
    } ],
    "attachments" : [ ],
    "parameters" : [ ],
    "attachmentsCount" : 0,
    "shouldDisplayMessage" : true,
    "stepsCount" : 8,
    "hasContent" : true
  },
  "afterStages" : [ {
    "name" : "driver::0",
    "time" : {
      "start" : 1703163012823,
      "stop" : 1703163012881,
      "duration" : 58
    },
    "status" : "passed",
    "steps" : [ ],
    "attachments" : [ ],
    "parameters" : [ ],
    "attachmentsCount" : 0,
    "shouldDisplayMessage" : false,
    "stepsCount" : 0,
    "hasContent" : false
  } ],
  "labels" : [ {
    "name" : "feature",
    "value" : "Profile Functionaloty"
  }, {
    "name" : "severity",
    "value" : "Critical"
  }, {
    "name" : "parentSuite",
    "value" : "tests"
  }, {
    "name" : "suite",
    "value" : "feature_profile_test"
  }, {
    "name" : "subSuite",
    "value" : "TestProfileFeature"
  }, {
    "name" : "host",
    "value" : "715a209793ab"
  }, {
    "name" : "thread",
    "value" : "1-MainThread"
  }, {
    "name" : "framework",
    "value" : "pytest"
  }, {
    "name" : "language",
    "value" : "cpython3"
  }, {
    "name" : "package",
    "value" : "tests.feature_profile_test"
  }, {
    "name" : "resultFormat",
    "value" : "allure2"
  } ],
  "parameters" : [ ],
  "links" : [ ],
  "hidden" : false,
  "retry" : false,
  "extra" : {
    "severity" : "critical",
    "retries" : [ ],
    "categories" : [ {
      "name" : "Test defects",
      "matchedStatuses" : [ ],
      "flaky" : false
    } ],
    "history" : {
      "statistic" : {
        "failed" : 0,
        "broken" : 25,
        "skipped" : 0,
        "passed" : 171,
        "unknown" : 0,
        "total" : 196
      },
      "items" : [ {
        "uid" : "4f58556d74550eb0",
        "status" : "passed",
        "time" : {
          "start" : 1703093760566,
          "stop" : 1703093769031,
          "duration" : 8465
        }
      }, {
        "uid" : "5ede53d1559602b0",
        "status" : "passed",
        "time" : {
          "start" : 1703090346976,
          "stop" : 1703090356509,
          "duration" : 9533
        }
      }, {
        "uid" : "676c595d8f01acb4",
        "status" : "broken",
        "statusDetails" : "selenium.common.exceptions.StaleElementReferenceException: Message: stale element reference: element is not attached to the page document\n  (Session info: headless chrome=112.0.5615.165); For documentation on this error, please visit: https://www.selenium.dev/documentation/webdriver/troubleshooting/errors#stale-element-reference-exception",
        "time" : {
          "start" : 1703086560720,
          "stop" : 1703086567624,
          "duration" : 6904
        }
      }, {
        "uid" : "87010c6c6ea3b630",
        "status" : "passed",
        "time" : {
          "start" : 1703082926997,
          "stop" : 1703082941179,
          "duration" : 14182
        }
      }, {
        "uid" : "32ceae59bf3b5a3b",
        "status" : "passed",
        "time" : {
          "start" : 1703079338913,
          "stop" : 1703079347161,
          "duration" : 8248
        }
      }, {
        "uid" : "e06f5fe52ca1496",
        "status" : "passed",
        "time" : {
          "start" : 1703076144220,
          "stop" : 1703076152803,
          "duration" : 8583
        }
      }, {
        "uid" : "dfd379af23be1c0b",
        "status" : "passed",
        "time" : {
          "start" : 1703007315660,
          "stop" : 1703007325834,
          "duration" : 10174
        }
      }, {
        "uid" : "c967ceaac1f0c140",
        "status" : "passed",
        "time" : {
          "start" : 1703003740364,
          "stop" : 1703003749323,
          "duration" : 8959
        }
      }, {
        "uid" : "d79649006ffdc0cb",
        "status" : "passed",
        "time" : {
          "start" : 1703000168421,
          "stop" : 1703000176669,
          "duration" : 8248
        }
      }, {
        "uid" : "bc28c7fb84c86166",
        "status" : "passed",
        "time" : {
          "start" : 1702996550771,
          "stop" : 1702996558950,
          "duration" : 8179
        }
      }, {
        "uid" : "e8fbc332765931c3",
        "status" : "passed",
        "time" : {
          "start" : 1702992955509,
          "stop" : 1702992963791,
          "duration" : 8282
        }
      }, {
        "uid" : "2a21ab85ea154c38",
        "status" : "passed",
        "time" : {
          "start" : 1702990204398,
          "stop" : 1702990213306,
          "duration" : 8908
        }
      }, {
        "uid" : "d78d53ec4e3a398f",
        "status" : "passed",
        "time" : {
          "start" : 1702920956854,
          "stop" : 1702920965850,
          "duration" : 8996
        }
      }, {
        "uid" : "f250f7ef73b38972",
        "status" : "passed",
        "time" : {
          "start" : 1702917605843,
          "stop" : 1702917616107,
          "duration" : 10264
        }
      }, {
        "uid" : "f0c230f3648651c9",
        "status" : "passed",
        "time" : {
          "start" : 1702913756156,
          "stop" : 1702913764727,
          "duration" : 8571
        }
      }, {
        "uid" : "a4b00cd59d746aba",
        "status" : "passed",
        "time" : {
          "start" : 1702910222091,
          "stop" : 1702910231480,
          "duration" : 9389
        }
      }, {
        "uid" : "28d882e5ad7bec62",
        "status" : "passed",
        "time" : {
          "start" : 1702906533795,
          "stop" : 1702906542003,
          "duration" : 8208
        }
      }, {
        "uid" : "989e4ce8e096f7d",
        "status" : "passed",
        "time" : {
          "start" : 1702903919952,
          "stop" : 1702903929918,
          "duration" : 9966
        }
      }, {
        "uid" : "b8d4b69d4bcb6997",
        "status" : "passed",
        "time" : {
          "start" : 1702661752659,
          "stop" : 1702661761888,
          "duration" : 9229
        }
      }, {
        "uid" : "d2def4ceb3ec8ca5",
        "status" : "broken",
        "statusDetails" : "selenium.common.exceptions.StaleElementReferenceException: Message: stale element reference: element is not attached to the page document\n  (Session info: headless chrome=112.0.5615.165); For documentation on this error, please visit: https://www.selenium.dev/documentation/webdriver/troubleshooting/errors#stale-element-reference-exception",
        "time" : {
          "start" : 1702658328985,
          "stop" : 1702658335090,
          "duration" : 6105
        }
      } ]
    },
    "tags" : [ ]
  },
  "source" : "68211e890d5cead.json",
  "parameterValues" : [ ]
}