{
  "uid" : "6bf57892b48d94b8",
  "name" : "Change profile name",
  "fullName" : "tests.feature_profile_test.TestProfileFeature#test_change_profile_name",
  "historyId" : "42b4a115007c35c622675a0baedb491a",
  "time" : {
    "start" : 1701869737822,
    "stop" : 1701869748375,
    "duration" : 10553
  },
  "status" : "broken",
  "statusMessage" : "selenium.common.exceptions.TimeoutException: Message:",
  "statusTrace" : "self = <feature_profile_test.TestProfileFeature object at 0x7fb8c58647a0>\n\n    @allure.title(\"Change profile name\")\n    @allure.severity(\"Critical\")\n    # @pytest.mark.smoke\n    def test_change_profile_name(self):\n        self.login_page.open()\n>       self.login_page.enter_login(self.data.LOGIN)\n\ntests/feature_profile_test.py:19: \n_ _ _ _ _ _ _ _ _ _ _ _ _ _ _ _ _ _ _ _ _ _ _ _ _ _ _ _ _ _ _ _ _ _ _ _ _ _ _ _ \npages/login_page.py:15: in enter_login\n    self.wait.until(EC.element_to_be_clickable(self.USERNAME_FIELD)).send_keys(login)\n_ _ _ _ _ _ _ _ _ _ _ _ _ _ _ _ _ _ _ _ _ _ _ _ _ _ _ _ _ _ _ _ _ _ _ _ _ _ _ _ \n\nself = <selenium.webdriver.support.wait.WebDriverWait (session=\"98fa1566a9a6e840957154a2503ef584\")>\nmethod = <function element_to_be_clickable.<locals>._predicate at 0x7fb8c5eb2f20>\nmessage = ''\n\n    def until(self, method: Callable[[WebDriver], Union[Literal[False], T]], message: str = \"\") -> T:\n        \"\"\"Calls the method provided with the driver as an argument until the \\\n        return value does not evaluate to ``False``.\n    \n        :param method: callable(WebDriver)\n        :param message: optional message for :exc:`TimeoutException`\n        :returns: the result of the last call to `method`\n        :raises: :exc:`selenium.common.exceptions.TimeoutException` if timeout occurs\n        \"\"\"\n        screen = None\n        stacktrace = None\n    \n        end_time = time.monotonic() + self._timeout\n        while True:\n            try:\n                value = method(self._driver)\n                if value:\n                    return value\n            except self._ignored_exceptions as exc:\n                screen = getattr(exc, \"screen\", None)\n                stacktrace = getattr(exc, \"stacktrace\", None)\n            time.sleep(self._poll)\n            if time.monotonic() > end_time:\n                break\n>       raise TimeoutException(message, screen, stacktrace)\nE       selenium.common.exceptions.TimeoutException: Message:\n\n../local/lib/python3.12/site-packages/selenium/webdriver/support/wait.py:101: TimeoutException",
  "flaky" : false,
  "newFailed" : false,
  "beforeStages" : [ {
    "name" : "driver",
    "time" : {
      "start" : 1701869736921,
      "stop" : 1701869737821,
      "duration" : 900
    },
    "status" : "passed",
    "steps" : [ ],
    "attachments" : [ ],
    "parameters" : [ ],
    "attachmentsCount" : 0,
    "shouldDisplayMessage" : false,
    "stepsCount" : 0,
    "hasContent" : false
  }, {
    "name" : "setup",
    "time" : {
      "start" : 1701869737821,
      "stop" : 1701869737821,
      "duration" : 0
    },
    "status" : "passed",
    "steps" : [ ],
    "attachments" : [ ],
    "parameters" : [ ],
    "attachmentsCount" : 0,
    "shouldDisplayMessage" : false,
    "stepsCount" : 0,
    "hasContent" : false
  } ],
  "testStage" : {
    "status" : "broken",
    "statusMessage" : "selenium.common.exceptions.TimeoutException: Message:",
    "statusTrace" : "self = <feature_profile_test.TestProfileFeature object at 0x7fb8c58647a0>\n\n    @allure.title(\"Change profile name\")\n    @allure.severity(\"Critical\")\n    # @pytest.mark.smoke\n    def test_change_profile_name(self):\n        self.login_page.open()\n>       self.login_page.enter_login(self.data.LOGIN)\n\ntests/feature_profile_test.py:19: \n_ _ _ _ _ _ _ _ _ _ _ _ _ _ _ _ _ _ _ _ _ _ _ _ _ _ _ _ _ _ _ _ _ _ _ _ _ _ _ _ \npages/login_page.py:15: in enter_login\n    self.wait.until(EC.element_to_be_clickable(self.USERNAME_FIELD)).send_keys(login)\n_ _ _ _ _ _ _ _ _ _ _ _ _ _ _ _ _ _ _ _ _ _ _ _ _ _ _ _ _ _ _ _ _ _ _ _ _ _ _ _ \n\nself = <selenium.webdriver.support.wait.WebDriverWait (session=\"98fa1566a9a6e840957154a2503ef584\")>\nmethod = <function element_to_be_clickable.<locals>._predicate at 0x7fb8c5eb2f20>\nmessage = ''\n\n    def until(self, method: Callable[[WebDriver], Union[Literal[False], T]], message: str = \"\") -> T:\n        \"\"\"Calls the method provided with the driver as an argument until the \\\n        return value does not evaluate to ``False``.\n    \n        :param method: callable(WebDriver)\n        :param message: optional message for :exc:`TimeoutException`\n        :returns: the result of the last call to `method`\n        :raises: :exc:`selenium.common.exceptions.TimeoutException` if timeout occurs\n        \"\"\"\n        screen = None\n        stacktrace = None\n    \n        end_time = time.monotonic() + self._timeout\n        while True:\n            try:\n                value = method(self._driver)\n                if value:\n                    return value\n            except self._ignored_exceptions as exc:\n                screen = getattr(exc, \"screen\", None)\n                stacktrace = getattr(exc, \"stacktrace\", None)\n            time.sleep(self._poll)\n            if time.monotonic() > end_time:\n                break\n>       raise TimeoutException(message, screen, stacktrace)\nE       selenium.common.exceptions.TimeoutException: Message:\n\n../local/lib/python3.12/site-packages/selenium/webdriver/support/wait.py:101: TimeoutException",
    "steps" : [ {
      "name" : "Open https://opensource-demo.orangehrmlive.com/web/index.php/auth/login page",
      "time" : {
        "start" : 1701869737822,
        "stop" : 1701869738313,
        "duration" : 491
      },
      "status" : "passed",
      "steps" : [ ],
      "attachments" : [ ],
      "parameters" : [ ],
      "attachmentsCount" : 0,
      "shouldDisplayMessage" : false,
      "stepsCount" : 0,
      "hasContent" : false
    }, {
      "name" : "Enter login",
      "time" : {
        "start" : 1701869738314,
        "stop" : 1701869748374,
        "duration" : 10060
      },
      "status" : "broken",
      "statusMessage" : "selenium.common.exceptions.TimeoutException: Message: \n\n",
      "statusTrace" : "  File \"/usr/local/lib/python3.12/site-packages/allure_commons/_allure.py\", line 192, in impl\n    return func(*a, **kw)\n           ^^^^^^^^^^^^^^\n  File \"/usr/workspace/pages/login_page.py\", line 15, in enter_login\n    self.wait.until(EC.element_to_be_clickable(self.USERNAME_FIELD)).send_keys(login)\n    ^^^^^^^^^^^^^^^^^^^^^^^^^^^^^^^^^^^^^^^^^^^^^^^^^^^^^^^^^^^^^^^^\n  File \"/usr/local/lib/python3.12/site-packages/selenium/webdriver/support/wait.py\", line 101, in until\n    raise TimeoutException(message, screen, stacktrace)\n",
      "steps" : [ ],
      "attachments" : [ ],
      "parameters" : [ {
        "name" : "login",
        "value" : "'Admin'"
      } ],
      "attachmentsCount" : 0,
      "shouldDisplayMessage" : true,
      "stepsCount" : 0,
      "hasContent" : true
    } ],
    "attachments" : [ ],
    "parameters" : [ ],
    "attachmentsCount" : 0,
    "shouldDisplayMessage" : true,
    "stepsCount" : 2,
    "hasContent" : true
  },
  "afterStages" : [ {
    "name" : "driver::0",
    "time" : {
      "start" : 1701869748403,
      "stop" : 1701869748489,
      "duration" : 86
    },
    "status" : "passed",
    "steps" : [ ],
    "attachments" : [ ],
    "parameters" : [ ],
    "attachmentsCount" : 0,
    "shouldDisplayMessage" : false,
    "stepsCount" : 0,
    "hasContent" : false
  } ],
  "labels" : [ {
    "name" : "severity",
    "value" : "Critical"
  }, {
    "name" : "feature",
    "value" : "Profile Functionaloty"
  }, {
    "name" : "parentSuite",
    "value" : "tests"
  }, {
    "name" : "suite",
    "value" : "feature_profile_test"
  }, {
    "name" : "subSuite",
    "value" : "TestProfileFeature"
  }, {
    "name" : "host",
    "value" : "631a1da3abdd"
  }, {
    "name" : "thread",
    "value" : "1-MainThread"
  }, {
    "name" : "framework",
    "value" : "pytest"
  }, {
    "name" : "language",
    "value" : "cpython3"
  }, {
    "name" : "package",
    "value" : "tests.feature_profile_test"
  }, {
    "name" : "resultFormat",
    "value" : "allure2"
  } ],
  "parameters" : [ ],
  "links" : [ ],
  "hidden" : false,
  "retry" : false,
  "extra" : {
    "severity" : "critical",
    "retries" : [ ],
    "categories" : [ {
      "name" : "Test defects",
      "matchedStatuses" : [ ],
      "flaky" : false
    } ],
    "history" : {
      "statistic" : {
        "failed" : 0,
        "broken" : 11,
        "skipped" : 0,
        "passed" : 120,
        "unknown" : 0,
        "total" : 131
      },
      "items" : [ {
        "uid" : "22e3f80d2fff68a",
        "status" : "broken",
        "statusDetails" : "selenium.common.exceptions.TimeoutException: Message:",
        "time" : {
          "start" : 1701867067432,
          "stop" : 1701867077786,
          "duration" : 10354
        }
      }, {
        "uid" : "70cff1c49efa6e8f",
        "status" : "passed",
        "time" : {
          "start" : 1701797712404,
          "stop" : 1701797723986,
          "duration" : 11582
        }
      }, {
        "uid" : "c8270837816d5036",
        "status" : "passed",
        "time" : {
          "start" : 1701794387731,
          "stop" : 1701794399853,
          "duration" : 12122
        }
      }, {
        "uid" : "d4f9096e78b75b75",
        "status" : "passed",
        "time" : {
          "start" : 1701790555009,
          "stop" : 1701790566654,
          "duration" : 11645
        }
      }, {
        "uid" : "dc65ebdd8813eccc",
        "status" : "passed",
        "time" : {
          "start" : 1701786994919,
          "stop" : 1701787007165,
          "duration" : 12246
        }
      }, {
        "uid" : "a000559ccfa8e8e4",
        "status" : "passed",
        "time" : {
          "start" : 1701783321626,
          "stop" : 1701783333327,
          "duration" : 11701
        }
      }, {
        "uid" : "e259f3e825db53b9",
        "status" : "passed",
        "time" : {
          "start" : 1701780654729,
          "stop" : 1701780666657,
          "duration" : 11928
        }
      }, {
        "uid" : "ae2f5306389b1939",
        "status" : "broken",
        "statusDetails" : "selenium.common.exceptions.TimeoutException: Message:",
        "time" : {
          "start" : 1701711312386,
          "stop" : 1701711460199,
          "duration" : 147813
        }
      }, {
        "uid" : "a17a68f57a79ea14",
        "status" : "passed",
        "time" : {
          "start" : 1701707952198,
          "stop" : 1701707965032,
          "duration" : 12834
        }
      }, {
        "uid" : "6c279cae21504af3",
        "status" : "passed",
        "time" : {
          "start" : 1701704152762,
          "stop" : 1701704164330,
          "duration" : 11568
        }
      }, {
        "uid" : "ea20a0a223efae83",
        "status" : "passed",
        "time" : {
          "start" : 1701700621526,
          "stop" : 1701700633327,
          "duration" : 11801
        }
      }, {
        "uid" : "990a57877da65fe9",
        "status" : "passed",
        "time" : {
          "start" : 1701696916415,
          "stop" : 1701696930253,
          "duration" : 13838
        }
      }, {
        "uid" : "bb799a68db32adc4",
        "status" : "passed",
        "time" : {
          "start" : 1701694239366,
          "stop" : 1701694252203,
          "duration" : 12837
        }
      }, {
        "uid" : "d57cab219bb451c2",
        "status" : "passed",
        "time" : {
          "start" : 1701452119760,
          "stop" : 1701452131402,
          "duration" : 11642
        }
      }, {
        "uid" : "1ddab6d239183fc4",
        "status" : "passed",
        "time" : {
          "start" : 1701448731593,
          "stop" : 1701448743411,
          "duration" : 11818
        }
      }, {
        "uid" : "5dc1cd9ca87fa49d",
        "status" : "passed",
        "time" : {
          "start" : 1701444945376,
          "stop" : 1701444957033,
          "duration" : 11657
        }
      }, {
        "uid" : "dad9760feff3f889",
        "status" : "passed",
        "time" : {
          "start" : 1701441333258,
          "stop" : 1701441345450,
          "duration" : 12192
        }
      }, {
        "uid" : "caeeb6df330e8407",
        "status" : "broken",
        "statusDetails" : "selenium.common.exceptions.TimeoutException: Message:",
        "time" : {
          "start" : 1701437712318,
          "stop" : 1701437725896,
          "duration" : 13578
        }
      }, {
        "uid" : "5e6b195ed6ee867f",
        "status" : "passed",
        "time" : {
          "start" : 1701435039517,
          "stop" : 1701435051446,
          "duration" : 11929
        }
      }, {
        "uid" : "d183ced8e917d367",
        "status" : "passed",
        "time" : {
          "start" : 1701365723269,
          "stop" : 1701365736142,
          "duration" : 12873
        }
      } ]
    },
    "tags" : [ ]
  },
  "source" : "6bf57892b48d94b8.json",
  "parameterValues" : [ ]
}