{
  "uid" : "7ff97a2a1eecc3ae",
  "name" : "Search assistant",
  "fullName" : "tests.feature_profile_test.TestProfileFeature#test_search_assistant",
  "historyId" : "5072212cbe0f70fbe444f2ea8b1ce8c7",
  "time" : {
    "start" : 1711463743018,
    "stop" : 1711463759208,
    "duration" : 16190
  },
  "status" : "broken",
  "statusMessage" : "selenium.common.exceptions.TimeoutException: Message:",
  "statusTrace" : "self = <feature_profile_test.TestProfileFeature object at 0x7f9421dd0a70>\n\n    @allure.title(\"Search assistant\")\n    @allure.severity(\"Critical\")\n    def test_search_assistant(self):\n        self.login_page.open()\n        self.login_page.enter_login(self.data.LOGIN)\n        self.login_page.enter_password(self.data.PASSWORD)\n        self.login_page.click_submit_button()\n        self.dashboard_page.is_opened()\n        self.dashboard_page.click_directory()\n        self.directory_page.is_opened()\n>       self.directory_page.add_field_employee(f\"Luis\")\n\ntests/feature_profile_test.py:87: \n_ _ _ _ _ _ _ _ _ _ _ _ _ _ _ _ _ _ _ _ _ _ _ _ _ _ _ _ _ _ _ _ _ _ _ _ _ _ _ _ \npages/directory_page.py:29: in add_field_employee\n    self.wait.until(EC.element_to_be_clickable(self.FIRST_NAME)).click()\n_ _ _ _ _ _ _ _ _ _ _ _ _ _ _ _ _ _ _ _ _ _ _ _ _ _ _ _ _ _ _ _ _ _ _ _ _ _ _ _ \n\nself = <selenium.webdriver.support.wait.WebDriverWait (session=\"a51aa0abb6adc1ea48996839f7b955cf\")>\nmethod = <function element_to_be_clickable.<locals>._predicate at 0x7f9421e16160>\nmessage = ''\n\n    def until(self, method: Callable[[WebDriver], Union[Literal[False], T]], message: str = \"\") -> T:\n        \"\"\"Calls the method provided with the driver as an argument until the \\\n        return value does not evaluate to ``False``.\n    \n        :param method: callable(WebDriver)\n        :param message: optional message for :exc:`TimeoutException`\n        :returns: the result of the last call to `method`\n        :raises: :exc:`selenium.common.exceptions.TimeoutException` if timeout occurs\n        \"\"\"\n        screen = None\n        stacktrace = None\n    \n        end_time = time.monotonic() + self._timeout\n        while True:\n            try:\n                value = method(self._driver)\n                if value:\n                    return value\n            except self._ignored_exceptions as exc:\n                screen = getattr(exc, \"screen\", None)\n                stacktrace = getattr(exc, \"stacktrace\", None)\n            time.sleep(self._poll)\n            if time.monotonic() > end_time:\n                break\n>       raise TimeoutException(message, screen, stacktrace)\nE       selenium.common.exceptions.TimeoutException: Message:\n\n../local/lib/python3.12/site-packages/selenium/webdriver/support/wait.py:101: TimeoutException",
  "flaky" : false,
  "newFailed" : false,
  "beforeStages" : [ {
    "name" : "setup",
    "time" : {
      "start" : 1711463743017,
      "stop" : 1711463743018,
      "duration" : 1
    },
    "status" : "passed",
    "steps" : [ ],
    "attachments" : [ ],
    "parameters" : [ ],
    "attachmentsCount" : 0,
    "shouldDisplayMessage" : false,
    "stepsCount" : 0,
    "hasContent" : false
  }, {
    "name" : "driver",
    "time" : {
      "start" : 1711463742200,
      "stop" : 1711463743017,
      "duration" : 817
    },
    "status" : "passed",
    "steps" : [ ],
    "attachments" : [ ],
    "parameters" : [ ],
    "attachmentsCount" : 0,
    "shouldDisplayMessage" : false,
    "stepsCount" : 0,
    "hasContent" : false
  } ],
  "testStage" : {
    "status" : "broken",
    "statusMessage" : "selenium.common.exceptions.TimeoutException: Message:",
    "statusTrace" : "self = <feature_profile_test.TestProfileFeature object at 0x7f9421dd0a70>\n\n    @allure.title(\"Search assistant\")\n    @allure.severity(\"Critical\")\n    def test_search_assistant(self):\n        self.login_page.open()\n        self.login_page.enter_login(self.data.LOGIN)\n        self.login_page.enter_password(self.data.PASSWORD)\n        self.login_page.click_submit_button()\n        self.dashboard_page.is_opened()\n        self.dashboard_page.click_directory()\n        self.directory_page.is_opened()\n>       self.directory_page.add_field_employee(f\"Luis\")\n\ntests/feature_profile_test.py:87: \n_ _ _ _ _ _ _ _ _ _ _ _ _ _ _ _ _ _ _ _ _ _ _ _ _ _ _ _ _ _ _ _ _ _ _ _ _ _ _ _ \npages/directory_page.py:29: in add_field_employee\n    self.wait.until(EC.element_to_be_clickable(self.FIRST_NAME)).click()\n_ _ _ _ _ _ _ _ _ _ _ _ _ _ _ _ _ _ _ _ _ _ _ _ _ _ _ _ _ _ _ _ _ _ _ _ _ _ _ _ \n\nself = <selenium.webdriver.support.wait.WebDriverWait (session=\"a51aa0abb6adc1ea48996839f7b955cf\")>\nmethod = <function element_to_be_clickable.<locals>._predicate at 0x7f9421e16160>\nmessage = ''\n\n    def until(self, method: Callable[[WebDriver], Union[Literal[False], T]], message: str = \"\") -> T:\n        \"\"\"Calls the method provided with the driver as an argument until the \\\n        return value does not evaluate to ``False``.\n    \n        :param method: callable(WebDriver)\n        :param message: optional message for :exc:`TimeoutException`\n        :returns: the result of the last call to `method`\n        :raises: :exc:`selenium.common.exceptions.TimeoutException` if timeout occurs\n        \"\"\"\n        screen = None\n        stacktrace = None\n    \n        end_time = time.monotonic() + self._timeout\n        while True:\n            try:\n                value = method(self._driver)\n                if value:\n                    return value\n            except self._ignored_exceptions as exc:\n                screen = getattr(exc, \"screen\", None)\n                stacktrace = getattr(exc, \"stacktrace\", None)\n            time.sleep(self._poll)\n            if time.monotonic() > end_time:\n                break\n>       raise TimeoutException(message, screen, stacktrace)\nE       selenium.common.exceptions.TimeoutException: Message:\n\n../local/lib/python3.12/site-packages/selenium/webdriver/support/wait.py:101: TimeoutException",
    "steps" : [ {
      "name" : "Open https://opensource-demo.orangehrmlive.com/web/index.php/auth/login page",
      "time" : {
        "start" : 1711463743018,
        "stop" : 1711463744569,
        "duration" : 1551
      },
      "status" : "passed",
      "steps" : [ ],
      "attachments" : [ ],
      "parameters" : [ ],
      "attachmentsCount" : 0,
      "shouldDisplayMessage" : false,
      "stepsCount" : 0,
      "hasContent" : false
    }, {
      "name" : "Enter login",
      "time" : {
        "start" : 1711463744569,
        "stop" : 1711463745624,
        "duration" : 1055
      },
      "status" : "passed",
      "steps" : [ ],
      "attachments" : [ ],
      "parameters" : [ {
        "name" : "login",
        "value" : "'Admin'"
      } ],
      "attachmentsCount" : 0,
      "shouldDisplayMessage" : false,
      "stepsCount" : 0,
      "hasContent" : true
    }, {
      "name" : "Enter password",
      "time" : {
        "start" : 1711463745624,
        "stop" : 1711463745694,
        "duration" : 70
      },
      "status" : "passed",
      "steps" : [ ],
      "attachments" : [ ],
      "parameters" : [ {
        "name" : "password",
        "value" : "'admin123'"
      } ],
      "attachmentsCount" : 0,
      "shouldDisplayMessage" : false,
      "stepsCount" : 0,
      "hasContent" : true
    }, {
      "name" : "Click submit",
      "time" : {
        "start" : 1711463745694,
        "stop" : 1711463745736,
        "duration" : 42
      },
      "status" : "passed",
      "steps" : [ ],
      "attachments" : [ ],
      "parameters" : [ ],
      "attachmentsCount" : 0,
      "shouldDisplayMessage" : false,
      "stepsCount" : 0,
      "hasContent" : false
    }, {
      "name" : "Open https://opensource-demo.orangehrmlive.com/web/index.php/dashboard/index is opened",
      "time" : {
        "start" : 1711463745736,
        "stop" : 1711463746635,
        "duration" : 899
      },
      "status" : "passed",
      "steps" : [ ],
      "attachments" : [ ],
      "parameters" : [ ],
      "attachmentsCount" : 0,
      "shouldDisplayMessage" : false,
      "stepsCount" : 0,
      "hasContent" : false
    }, {
      "name" : "Click on 'Directory' link",
      "time" : {
        "start" : 1711463746635,
        "stop" : 1711463748083,
        "duration" : 1448
      },
      "status" : "passed",
      "steps" : [ ],
      "attachments" : [ ],
      "parameters" : [ ],
      "attachmentsCount" : 0,
      "shouldDisplayMessage" : false,
      "stepsCount" : 0,
      "hasContent" : false
    }, {
      "name" : "Open https://opensource-demo.orangehrmlive.com/web/index.php/directory/viewDirectory is opened",
      "time" : {
        "start" : 1711463748083,
        "stop" : 1711463748086,
        "duration" : 3
      },
      "status" : "passed",
      "steps" : [ ],
      "attachments" : [ ],
      "parameters" : [ ],
      "attachmentsCount" : 0,
      "shouldDisplayMessage" : false,
      "stepsCount" : 0,
      "hasContent" : false
    }, {
      "name" : "Add fields",
      "time" : {
        "start" : 1711463748086,
        "stop" : 1711463759207,
        "duration" : 11121
      },
      "status" : "broken",
      "statusMessage" : "selenium.common.exceptions.TimeoutException: Message: \n\n",
      "statusTrace" : "  File \"/usr/local/lib/python3.12/site-packages/allure_commons/_allure.py\", line 192, in impl\n    return func(*a, **kw)\n           ^^^^^^^^^^^^^^\n  File \"/usr/workspace/pages/directory_page.py\", line 29, in add_field_employee\n    self.wait.until(EC.element_to_be_clickable(self.FIRST_NAME)).click()\n    ^^^^^^^^^^^^^^^^^^^^^^^^^^^^^^^^^^^^^^^^^^^^^^^^^^^^^^^^^^^^\n  File \"/usr/local/lib/python3.12/site-packages/selenium/webdriver/support/wait.py\", line 101, in until\n    raise TimeoutException(message, screen, stacktrace)\n",
      "steps" : [ ],
      "attachments" : [ ],
      "parameters" : [ {
        "name" : "new_employee",
        "value" : "'Luis'"
      } ],
      "attachmentsCount" : 0,
      "shouldDisplayMessage" : true,
      "stepsCount" : 0,
      "hasContent" : true
    } ],
    "attachments" : [ ],
    "parameters" : [ ],
    "attachmentsCount" : 0,
    "shouldDisplayMessage" : true,
    "stepsCount" : 8,
    "hasContent" : true
  },
  "afterStages" : [ {
    "name" : "driver::0",
    "time" : {
      "start" : 1711463759237,
      "stop" : 1711463759294,
      "duration" : 57
    },
    "status" : "passed",
    "steps" : [ ],
    "attachments" : [ ],
    "parameters" : [ ],
    "attachmentsCount" : 0,
    "shouldDisplayMessage" : false,
    "stepsCount" : 0,
    "hasContent" : false
  } ],
  "labels" : [ {
    "name" : "feature",
    "value" : "Profile Functionaloty"
  }, {
    "name" : "severity",
    "value" : "Critical"
  }, {
    "name" : "parentSuite",
    "value" : "tests"
  }, {
    "name" : "suite",
    "value" : "feature_profile_test"
  }, {
    "name" : "subSuite",
    "value" : "TestProfileFeature"
  }, {
    "name" : "host",
    "value" : "e2a0563925a1"
  }, {
    "name" : "thread",
    "value" : "1-MainThread"
  }, {
    "name" : "framework",
    "value" : "pytest"
  }, {
    "name" : "language",
    "value" : "cpython3"
  }, {
    "name" : "package",
    "value" : "tests.feature_profile_test"
  }, {
    "name" : "resultFormat",
    "value" : "allure2"
  } ],
  "parameters" : [ ],
  "links" : [ ],
  "hidden" : false,
  "retry" : false,
  "extra" : {
    "severity" : "critical",
    "retries" : [ ],
    "categories" : [ {
      "name" : "Test defects",
      "matchedStatuses" : [ ],
      "flaky" : false
    } ],
    "history" : {
      "statistic" : {
        "failed" : 0,
        "broken" : 60,
        "skipped" : 0,
        "passed" : 511,
        "unknown" : 0,
        "total" : 571
      },
      "items" : [ {
        "uid" : "3dbf13e7efea4f9a",
        "status" : "passed",
        "time" : {
          "start" : 1711460151893,
          "stop" : 1711460162383,
          "duration" : 10490
        }
      }, {
        "uid" : "b3d34b7359ca5ff6",
        "status" : "passed",
        "time" : {
          "start" : 1711457242355,
          "stop" : 1711457252594,
          "duration" : 10239
        }
      }, {
        "uid" : "203beab7e3f0941b",
        "status" : "passed",
        "time" : {
          "start" : 1711388158159,
          "stop" : 1711388168888,
          "duration" : 10729
        }
      }, {
        "uid" : "1b3698895475d9cf",
        "status" : "passed",
        "time" : {
          "start" : 1711384651004,
          "stop" : 1711384661361,
          "duration" : 10357
        }
      }, {
        "uid" : "b2184fd801a72648",
        "status" : "passed",
        "time" : {
          "start" : 1711380983076,
          "stop" : 1711380993260,
          "duration" : 10184
        }
      }, {
        "uid" : "aa1df5dc684e56f",
        "status" : "passed",
        "time" : {
          "start" : 1711377348380,
          "stop" : 1711377358950,
          "duration" : 10570
        }
      }, {
        "uid" : "eea2ab612bf152be",
        "status" : "passed",
        "time" : {
          "start" : 1711373804554,
          "stop" : 1711373815637,
          "duration" : 11083
        }
      }, {
        "uid" : "8c9df1a8280ccb47",
        "status" : "passed",
        "time" : {
          "start" : 1711370830217,
          "stop" : 1711370840654,
          "duration" : 10437
        }
      }, {
        "uid" : "106e8891e76f3826",
        "status" : "passed",
        "time" : {
          "start" : 1711128962433,
          "stop" : 1711128972521,
          "duration" : 10088
        }
      }, {
        "uid" : "1714366d2ec87a00",
        "status" : "broken",
        "statusDetails" : "selenium.common.exceptions.TimeoutException: Message:",
        "time" : {
          "start" : 1711125471723,
          "stop" : 1711125487583,
          "duration" : 15860
        }
      }, {
        "uid" : "b034156bfb19123f",
        "status" : "passed",
        "time" : {
          "start" : 1711121875268,
          "stop" : 1711121885339,
          "duration" : 10071
        }
      }, {
        "uid" : "3424d5162a7ac1a5",
        "status" : "passed",
        "time" : {
          "start" : 1711118145902,
          "stop" : 1711118156005,
          "duration" : 10103
        }
      }, {
        "uid" : "2acf4d74984eeec2",
        "status" : "passed",
        "time" : {
          "start" : 1711114626829,
          "stop" : 1711114637243,
          "duration" : 10414
        }
      }, {
        "uid" : "4a19c83e5ab84197",
        "status" : "passed",
        "time" : {
          "start" : 1711111599205,
          "stop" : 1711111609779,
          "duration" : 10574
        }
      }, {
        "uid" : "24804f94c209a97c",
        "status" : "passed",
        "time" : {
          "start" : 1711042570417,
          "stop" : 1711042580442,
          "duration" : 10025
        }
      }, {
        "uid" : "11a2cfe465fad58e",
        "status" : "broken",
        "statusDetails" : "selenium.common.exceptions.TimeoutException: Message:",
        "time" : {
          "start" : 1711039225712,
          "stop" : 1711039241928,
          "duration" : 16216
        }
      }, {
        "uid" : "54c26d35e5002d61",
        "status" : "passed",
        "time" : {
          "start" : 1711035489249,
          "stop" : 1711035499619,
          "duration" : 10370
        }
      }, {
        "uid" : "4816fb8cbd6a09b8",
        "status" : "passed",
        "time" : {
          "start" : 1711031759647,
          "stop" : 1711031770370,
          "duration" : 10723
        }
      }, {
        "uid" : "b91823c2c97c15b3",
        "status" : "passed",
        "time" : {
          "start" : 1711028222199,
          "stop" : 1711028232738,
          "duration" : 10539
        }
      }, {
        "uid" : "d93e29e35f99cef",
        "status" : "passed",
        "time" : {
          "start" : 1711025282020,
          "stop" : 1711025293698,
          "duration" : 11678
        }
      } ]
    },
    "tags" : [ ]
  },
  "source" : "7ff97a2a1eecc3ae.json",
  "parameterValues" : [ ]
}