{
  "uid" : "876e2a92509a38fe",
  "name" : "Change profile name",
  "fullName" : "tests.feature_profile_test.TestProfileFeature#test_change_profile_name",
  "historyId" : "42b4a115007c35c622675a0baedb491a",
  "time" : {
    "start" : 1708090514384,
    "stop" : 1708090536133,
    "duration" : 21749
  },
  "status" : "broken",
  "statusMessage" : "selenium.common.exceptions.TimeoutException: Message:",
  "statusTrace" : "self = <feature_profile_test.TestProfileFeature object at 0x7f249fefff80>\n\n    @allure.title(\"Change profile name\")\n    @allure.severity(\"Critical\")\n    # @pytest.mark.smoke\n    def test_change_profile_name(self):\n        self.login_page.open()\n        self.login_page.enter_login(self.data.LOGIN)\n        self.login_page.enter_password(self.data.PASSWORD)\n        self.login_page.click_submit_button()\n        self.dashboard_page.is_opened()\n        self.dashboard_page.click_my_info()\n        self.personal_page.is_opened()\n        self.personal_page.change_name(f\"Test {random.randint(1,100)}\")\n        self.personal_page.save_changes()\n>       self.personal_page.is_changes_saved()\n\ntests/feature_profile_test.py:27: \n_ _ _ _ _ _ _ _ _ _ _ _ _ _ _ _ _ _ _ _ _ _ _ _ _ _ _ _ _ _ _ _ _ _ _ _ _ _ _ _ \npages/personal_page.py:34: in is_changes_saved\n    self.wait.until(EC.text_to_be_present_in_element_value(self.FIRST_NAME_FIELD,self.name))\n_ _ _ _ _ _ _ _ _ _ _ _ _ _ _ _ _ _ _ _ _ _ _ _ _ _ _ _ _ _ _ _ _ _ _ _ _ _ _ _ \n\nself = <selenium.webdriver.support.wait.WebDriverWait (session=\"5529f34d4683e981fdce9ab664d736f1\")>\nmethod = <function text_to_be_present_in_element_value.<locals>._predicate at 0x7f249ff800e0>\nmessage = ''\n\n    def until(self, method: Callable[[WebDriver], Union[Literal[False], T]], message: str = \"\") -> T:\n        \"\"\"Calls the method provided with the driver as an argument until the \\\n        return value does not evaluate to ``False``.\n    \n        :param method: callable(WebDriver)\n        :param message: optional message for :exc:`TimeoutException`\n        :returns: the result of the last call to `method`\n        :raises: :exc:`selenium.common.exceptions.TimeoutException` if timeout occurs\n        \"\"\"\n        screen = None\n        stacktrace = None\n    \n        end_time = time.monotonic() + self._timeout\n        while True:\n            try:\n                value = method(self._driver)\n                if value:\n                    return value\n            except self._ignored_exceptions as exc:\n                screen = getattr(exc, \"screen\", None)\n                stacktrace = getattr(exc, \"stacktrace\", None)\n            time.sleep(self._poll)\n            if time.monotonic() > end_time:\n                break\n>       raise TimeoutException(message, screen, stacktrace)\nE       selenium.common.exceptions.TimeoutException: Message:\n\n../local/lib/python3.12/site-packages/selenium/webdriver/support/wait.py:101: TimeoutException",
  "flaky" : false,
  "newFailed" : false,
  "beforeStages" : [ {
    "name" : "driver",
    "time" : {
      "start" : 1708090513476,
      "stop" : 1708090514383,
      "duration" : 907
    },
    "status" : "passed",
    "steps" : [ ],
    "attachments" : [ ],
    "parameters" : [ ],
    "attachmentsCount" : 0,
    "shouldDisplayMessage" : false,
    "stepsCount" : 0,
    "hasContent" : false
  }, {
    "name" : "setup",
    "time" : {
      "start" : 1708090514383,
      "stop" : 1708090514383,
      "duration" : 0
    },
    "status" : "passed",
    "steps" : [ ],
    "attachments" : [ ],
    "parameters" : [ ],
    "attachmentsCount" : 0,
    "shouldDisplayMessage" : false,
    "stepsCount" : 0,
    "hasContent" : false
  } ],
  "testStage" : {
    "status" : "broken",
    "statusMessage" : "selenium.common.exceptions.TimeoutException: Message:",
    "statusTrace" : "self = <feature_profile_test.TestProfileFeature object at 0x7f249fefff80>\n\n    @allure.title(\"Change profile name\")\n    @allure.severity(\"Critical\")\n    # @pytest.mark.smoke\n    def test_change_profile_name(self):\n        self.login_page.open()\n        self.login_page.enter_login(self.data.LOGIN)\n        self.login_page.enter_password(self.data.PASSWORD)\n        self.login_page.click_submit_button()\n        self.dashboard_page.is_opened()\n        self.dashboard_page.click_my_info()\n        self.personal_page.is_opened()\n        self.personal_page.change_name(f\"Test {random.randint(1,100)}\")\n        self.personal_page.save_changes()\n>       self.personal_page.is_changes_saved()\n\ntests/feature_profile_test.py:27: \n_ _ _ _ _ _ _ _ _ _ _ _ _ _ _ _ _ _ _ _ _ _ _ _ _ _ _ _ _ _ _ _ _ _ _ _ _ _ _ _ \npages/personal_page.py:34: in is_changes_saved\n    self.wait.until(EC.text_to_be_present_in_element_value(self.FIRST_NAME_FIELD,self.name))\n_ _ _ _ _ _ _ _ _ _ _ _ _ _ _ _ _ _ _ _ _ _ _ _ _ _ _ _ _ _ _ _ _ _ _ _ _ _ _ _ \n\nself = <selenium.webdriver.support.wait.WebDriverWait (session=\"5529f34d4683e981fdce9ab664d736f1\")>\nmethod = <function text_to_be_present_in_element_value.<locals>._predicate at 0x7f249ff800e0>\nmessage = ''\n\n    def until(self, method: Callable[[WebDriver], Union[Literal[False], T]], message: str = \"\") -> T:\n        \"\"\"Calls the method provided with the driver as an argument until the \\\n        return value does not evaluate to ``False``.\n    \n        :param method: callable(WebDriver)\n        :param message: optional message for :exc:`TimeoutException`\n        :returns: the result of the last call to `method`\n        :raises: :exc:`selenium.common.exceptions.TimeoutException` if timeout occurs\n        \"\"\"\n        screen = None\n        stacktrace = None\n    \n        end_time = time.monotonic() + self._timeout\n        while True:\n            try:\n                value = method(self._driver)\n                if value:\n                    return value\n            except self._ignored_exceptions as exc:\n                screen = getattr(exc, \"screen\", None)\n                stacktrace = getattr(exc, \"stacktrace\", None)\n            time.sleep(self._poll)\n            if time.monotonic() > end_time:\n                break\n>       raise TimeoutException(message, screen, stacktrace)\nE       selenium.common.exceptions.TimeoutException: Message:\n\n../local/lib/python3.12/site-packages/selenium/webdriver/support/wait.py:101: TimeoutException",
    "steps" : [ {
      "name" : "Open https://opensource-demo.orangehrmlive.com/web/index.php/auth/login page",
      "time" : {
        "start" : 1708090514384,
        "stop" : 1708090516626,
        "duration" : 2242
      },
      "status" : "passed",
      "steps" : [ ],
      "attachments" : [ ],
      "parameters" : [ ],
      "attachmentsCount" : 0,
      "shouldDisplayMessage" : false,
      "stepsCount" : 0,
      "hasContent" : false
    }, {
      "name" : "Enter login",
      "time" : {
        "start" : 1708090516626,
        "stop" : 1708090517681,
        "duration" : 1055
      },
      "status" : "passed",
      "steps" : [ ],
      "attachments" : [ ],
      "parameters" : [ {
        "name" : "login",
        "value" : "'Admin'"
      } ],
      "attachmentsCount" : 0,
      "shouldDisplayMessage" : false,
      "stepsCount" : 0,
      "hasContent" : true
    }, {
      "name" : "Enter password",
      "time" : {
        "start" : 1708090517681,
        "stop" : 1708090517749,
        "duration" : 68
      },
      "status" : "passed",
      "steps" : [ ],
      "attachments" : [ ],
      "parameters" : [ {
        "name" : "password",
        "value" : "'admin123'"
      } ],
      "attachmentsCount" : 0,
      "shouldDisplayMessage" : false,
      "stepsCount" : 0,
      "hasContent" : true
    }, {
      "name" : "Click submit",
      "time" : {
        "start" : 1708090517749,
        "stop" : 1708090517790,
        "duration" : 41
      },
      "status" : "passed",
      "steps" : [ ],
      "attachments" : [ ],
      "parameters" : [ ],
      "attachmentsCount" : 0,
      "shouldDisplayMessage" : false,
      "stepsCount" : 0,
      "hasContent" : false
    }, {
      "name" : "Open https://opensource-demo.orangehrmlive.com/web/index.php/dashboard/index is opened",
      "time" : {
        "start" : 1708090517790,
        "stop" : 1708090519004,
        "duration" : 1214
      },
      "status" : "passed",
      "steps" : [ ],
      "attachments" : [ ],
      "parameters" : [ ],
      "attachmentsCount" : 0,
      "shouldDisplayMessage" : false,
      "stepsCount" : 0,
      "hasContent" : false
    }, {
      "name" : "Click on 'My info' link",
      "time" : {
        "start" : 1708090519004,
        "stop" : 1708090521289,
        "duration" : 2285
      },
      "status" : "passed",
      "steps" : [ ],
      "attachments" : [ ],
      "parameters" : [ ],
      "attachmentsCount" : 0,
      "shouldDisplayMessage" : false,
      "stepsCount" : 0,
      "hasContent" : false
    }, {
      "name" : "Open https://opensource-demo.orangehrmlive.com/web/index.php/pim/viewPersonalDetails/empNumber/7 is opened",
      "time" : {
        "start" : 1708090521289,
        "stop" : 1708090521291,
        "duration" : 2
      },
      "status" : "passed",
      "steps" : [ ],
      "attachments" : [ ],
      "parameters" : [ ],
      "attachmentsCount" : 0,
      "shouldDisplayMessage" : false,
      "stepsCount" : 0,
      "hasContent" : false
    }, {
      "name" : "Change name",
      "time" : {
        "start" : 1708090521291,
        "stop" : 1708090522389,
        "duration" : 1098
      },
      "status" : "passed",
      "steps" : [ {
        "name" : "Change name on 'Test 51'",
        "time" : {
          "start" : 1708090521291,
          "stop" : 1708090522389,
          "duration" : 1098
        },
        "status" : "passed",
        "steps" : [ ],
        "attachments" : [ ],
        "parameters" : [ ],
        "attachmentsCount" : 0,
        "shouldDisplayMessage" : false,
        "stepsCount" : 0,
        "hasContent" : false
      } ],
      "attachments" : [ ],
      "parameters" : [ {
        "name" : "new_name",
        "value" : "'Test 51'"
      } ],
      "attachmentsCount" : 0,
      "shouldDisplayMessage" : false,
      "stepsCount" : 1,
      "hasContent" : true
    }, {
      "name" : "Save name",
      "time" : {
        "start" : 1708090522389,
        "stop" : 1708090522971,
        "duration" : 582
      },
      "status" : "passed",
      "steps" : [ ],
      "attachments" : [ ],
      "parameters" : [ ],
      "attachmentsCount" : 0,
      "shouldDisplayMessage" : false,
      "stepsCount" : 0,
      "hasContent" : false
    }, {
      "name" : "Check changes",
      "time" : {
        "start" : 1708090522971,
        "stop" : 1708090536132,
        "duration" : 13161
      },
      "status" : "broken",
      "statusMessage" : "selenium.common.exceptions.TimeoutException: Message: \n\n",
      "statusTrace" : "  File \"/usr/local/lib/python3.12/site-packages/allure_commons/_allure.py\", line 192, in impl\n    return func(*a, **kw)\n           ^^^^^^^^^^^^^^\n  File \"/usr/workspace/pages/personal_page.py\", line 34, in is_changes_saved\n    self.wait.until(EC.text_to_be_present_in_element_value(self.FIRST_NAME_FIELD,self.name))\n  File \"/usr/local/lib/python3.12/site-packages/selenium/webdriver/support/wait.py\", line 101, in until\n    raise TimeoutException(message, screen, stacktrace)\n",
      "steps" : [ ],
      "attachments" : [ ],
      "parameters" : [ ],
      "attachmentsCount" : 0,
      "shouldDisplayMessage" : true,
      "stepsCount" : 0,
      "hasContent" : true
    } ],
    "attachments" : [ ],
    "parameters" : [ ],
    "attachmentsCount" : 0,
    "shouldDisplayMessage" : true,
    "stepsCount" : 11,
    "hasContent" : true
  },
  "afterStages" : [ {
    "name" : "driver::0",
    "time" : {
      "start" : 1708090536162,
      "stop" : 1708090536247,
      "duration" : 85
    },
    "status" : "passed",
    "steps" : [ ],
    "attachments" : [ ],
    "parameters" : [ ],
    "attachmentsCount" : 0,
    "shouldDisplayMessage" : false,
    "stepsCount" : 0,
    "hasContent" : false
  } ],
  "labels" : [ {
    "name" : "feature",
    "value" : "Profile Functionaloty"
  }, {
    "name" : "severity",
    "value" : "Critical"
  }, {
    "name" : "parentSuite",
    "value" : "tests"
  }, {
    "name" : "suite",
    "value" : "feature_profile_test"
  }, {
    "name" : "subSuite",
    "value" : "TestProfileFeature"
  }, {
    "name" : "host",
    "value" : "84533bd3735c"
  }, {
    "name" : "thread",
    "value" : "1-MainThread"
  }, {
    "name" : "framework",
    "value" : "pytest"
  }, {
    "name" : "language",
    "value" : "cpython3"
  }, {
    "name" : "package",
    "value" : "tests.feature_profile_test"
  }, {
    "name" : "resultFormat",
    "value" : "allure2"
  } ],
  "parameters" : [ ],
  "links" : [ ],
  "hidden" : false,
  "retry" : false,
  "extra" : {
    "severity" : "critical",
    "retries" : [ ],
    "categories" : [ {
      "name" : "Test defects",
      "matchedStatuses" : [ ],
      "flaky" : false
    } ],
    "history" : {
      "statistic" : {
        "failed" : 0,
        "broken" : 52,
        "skipped" : 0,
        "passed" : 356,
        "unknown" : 0,
        "total" : 408
      },
      "items" : [ {
        "uid" : "50d3a67d00d9dd0",
        "status" : "passed",
        "time" : {
          "start" : 1708087568522,
          "stop" : 1708087581526,
          "duration" : 13004
        }
      }, {
        "uid" : "8e6c6da1454d767",
        "status" : "passed",
        "time" : {
          "start" : 1708018512856,
          "stop" : 1708018524365,
          "duration" : 11509
        }
      }, {
        "uid" : "61d8feb7dab539e5",
        "status" : "passed",
        "time" : {
          "start" : 1708014984298,
          "stop" : 1708014996938,
          "duration" : 12640
        }
      }, {
        "uid" : "2f85b9aa541bbea0",
        "status" : "broken",
        "statusDetails" : "selenium.common.exceptions.TimeoutException: Message:",
        "time" : {
          "start" : 1708011316729,
          "stop" : 1708011330577,
          "duration" : 13848
        }
      }, {
        "uid" : "f2bc5614025af64d",
        "status" : "passed",
        "time" : {
          "start" : 1708007723301,
          "stop" : 1708007736487,
          "duration" : 13186
        }
      }, {
        "uid" : "39797c92db2a7982",
        "status" : "passed",
        "time" : {
          "start" : 1708004157063,
          "stop" : 1708004169463,
          "duration" : 12400
        }
      }, {
        "uid" : "f9d430132684e938",
        "status" : "passed",
        "time" : {
          "start" : 1708001138971,
          "stop" : 1708001152007,
          "duration" : 13036
        }
      }, {
        "uid" : "3af2a3c1f38e2f15",
        "status" : "broken",
        "statusDetails" : "selenium.common.exceptions.TimeoutException: Message:",
        "time" : {
          "start" : 1707933904559,
          "stop" : 1707933925657,
          "duration" : 21098
        }
      }, {
        "uid" : "84d2cad7c7aaa2e0",
        "status" : "passed",
        "time" : {
          "start" : 1707309940447,
          "stop" : 1707309953258,
          "duration" : 12811
        }
      }, {
        "uid" : "d03433730aeeee15",
        "status" : "passed",
        "time" : {
          "start" : 1707240902903,
          "stop" : 1707240915579,
          "duration" : 12676
        }
      }, {
        "uid" : "671fbe5ec62900e2",
        "status" : "passed",
        "time" : {
          "start" : 1707237388295,
          "stop" : 1707237400268,
          "duration" : 11973
        }
      }, {
        "uid" : "28c3bb59be007e4e",
        "status" : "passed",
        "time" : {
          "start" : 1707233733185,
          "stop" : 1707233746454,
          "duration" : 13269
        }
      }, {
        "uid" : "f1392ba232dc031c",
        "status" : "passed",
        "time" : {
          "start" : 1707230113237,
          "stop" : 1707230124808,
          "duration" : 11571
        }
      }, {
        "uid" : "5943c8b88c42d416",
        "status" : "passed",
        "time" : {
          "start" : 1707226516057,
          "stop" : 1707226529168,
          "duration" : 13111
        }
      }, {
        "uid" : "e8715308a0ca7f6f",
        "status" : "passed",
        "time" : {
          "start" : 1707223562821,
          "stop" : 1707223575769,
          "duration" : 12948
        }
      }, {
        "uid" : "67c2291bb0ab56d5",
        "status" : "passed",
        "time" : {
          "start" : 1707154532699,
          "stop" : 1707154544710,
          "duration" : 12011
        }
      }, {
        "uid" : "18c3d79e4ad01dc3",
        "status" : "passed",
        "time" : {
          "start" : 1707150971062,
          "stop" : 1707150982928,
          "duration" : 11866
        }
      }, {
        "uid" : "ba8147cdee1eec62",
        "status" : "broken",
        "statusDetails" : "selenium.common.exceptions.ElementClickInterceptedException: Message: element click intercepted: Element <button type=\"submit\" class=\"oxd-button oxd-button--medium oxd-button--secondary orangehrm-left-space\" data-v-10d463b7=\"\" data-v-b6d78ace=\"\">...</button> is not clickable at point (1789, 976). Other element would receive the click: <div class=\"oxd-form-loader\" data-v-d5bfe35b=\"\">...</div>\n  (Session info: headless chrome=112.0.5615.165)",
        "time" : {
          "start" : 1707147304186,
          "stop" : 1707147313066,
          "duration" : 8880
        }
      }, {
        "uid" : "e1802625c4809dbf",
        "status" : "broken",
        "statusDetails" : "selenium.common.exceptions.ElementClickInterceptedException: Message: element click intercepted: Element <button type=\"submit\" class=\"oxd-button oxd-button--medium oxd-button--secondary orangehrm-left-space\" data-v-10d463b7=\"\" data-v-b6d78ace=\"\">...</button> is not clickable at point (1789, 976). Other element would receive the click: <div class=\"oxd-form-loader\" data-v-d5bfe35b=\"\">...</div>\n  (Session info: headless chrome=112.0.5615.165)",
        "time" : {
          "start" : 1707143701585,
          "stop" : 1707143710527,
          "duration" : 8942
        }
      }, {
        "uid" : "3c15a0697708dfd4",
        "status" : "passed",
        "time" : {
          "start" : 1707140120781,
          "stop" : 1707140132613,
          "duration" : 11832
        }
      } ]
    },
    "tags" : [ ]
  },
  "source" : "876e2a92509a38fe.json",
  "parameterValues" : [ ]
}