{
  "uid" : "8e98c2576e2496f0",
  "name" : "Change profile name",
  "fullName" : "tests.feature_profile_test.TestProfileFeature#test_change_profile_name",
  "historyId" : "42b4a115007c35c622675a0baedb491a",
  "time" : {
    "start" : 1705927952462,
    "stop" : 1705927973014,
    "duration" : 20552
  },
  "status" : "broken",
  "statusMessage" : "selenium.common.exceptions.TimeoutException: Message:",
  "statusTrace" : "self = <feature_profile_test.TestProfileFeature object at 0x7fa93eef0770>\n\n    @allure.title(\"Change profile name\")\n    @allure.severity(\"Critical\")\n    # @pytest.mark.smoke\n    def test_change_profile_name(self):\n        self.login_page.open()\n        self.login_page.enter_login(self.data.LOGIN)\n        self.login_page.enter_password(self.data.PASSWORD)\n        self.login_page.click_submit_button()\n        self.dashboard_page.is_opened()\n        self.dashboard_page.click_my_info()\n        self.personal_page.is_opened()\n        self.personal_page.change_name(f\"Test {random.randint(1,100)}\")\n        self.personal_page.save_changes()\n>       self.personal_page.is_changes_saved()\n\ntests/feature_profile_test.py:27: \n_ _ _ _ _ _ _ _ _ _ _ _ _ _ _ _ _ _ _ _ _ _ _ _ _ _ _ _ _ _ _ _ _ _ _ _ _ _ _ _ \npages/personal_page.py:34: in is_changes_saved\n    self.wait.until(EC.text_to_be_present_in_element_value(self.FIRST_NAME_FIELD,self.name))\n_ _ _ _ _ _ _ _ _ _ _ _ _ _ _ _ _ _ _ _ _ _ _ _ _ _ _ _ _ _ _ _ _ _ _ _ _ _ _ _ \n\nself = <selenium.webdriver.support.wait.WebDriverWait (session=\"4e07b4b3d37dd86a1eac8cbc289e31da\")>\nmethod = <function text_to_be_present_in_element_value.<locals>._predicate at 0x7fa93ef7c0e0>\nmessage = ''\n\n    def until(self, method: Callable[[WebDriver], Union[Literal[False], T]], message: str = \"\") -> T:\n        \"\"\"Calls the method provided with the driver as an argument until the \\\n        return value does not evaluate to ``False``.\n    \n        :param method: callable(WebDriver)\n        :param message: optional message for :exc:`TimeoutException`\n        :returns: the result of the last call to `method`\n        :raises: :exc:`selenium.common.exceptions.TimeoutException` if timeout occurs\n        \"\"\"\n        screen = None\n        stacktrace = None\n    \n        end_time = time.monotonic() + self._timeout\n        while True:\n            try:\n                value = method(self._driver)\n                if value:\n                    return value\n            except self._ignored_exceptions as exc:\n                screen = getattr(exc, \"screen\", None)\n                stacktrace = getattr(exc, \"stacktrace\", None)\n            time.sleep(self._poll)\n            if time.monotonic() > end_time:\n                break\n>       raise TimeoutException(message, screen, stacktrace)\nE       selenium.common.exceptions.TimeoutException: Message:\n\n../local/lib/python3.12/site-packages/selenium/webdriver/support/wait.py:101: TimeoutException",
  "flaky" : false,
  "newFailed" : false,
  "beforeStages" : [ {
    "name" : "driver",
    "time" : {
      "start" : 1705927951567,
      "stop" : 1705927952461,
      "duration" : 894
    },
    "status" : "passed",
    "steps" : [ ],
    "attachments" : [ ],
    "parameters" : [ ],
    "attachmentsCount" : 0,
    "shouldDisplayMessage" : false,
    "hasContent" : false,
    "stepsCount" : 0
  }, {
    "name" : "setup",
    "time" : {
      "start" : 1705927952461,
      "stop" : 1705927952461,
      "duration" : 0
    },
    "status" : "passed",
    "steps" : [ ],
    "attachments" : [ ],
    "parameters" : [ ],
    "attachmentsCount" : 0,
    "shouldDisplayMessage" : false,
    "hasContent" : false,
    "stepsCount" : 0
  } ],
  "testStage" : {
    "status" : "broken",
    "statusMessage" : "selenium.common.exceptions.TimeoutException: Message:",
    "statusTrace" : "self = <feature_profile_test.TestProfileFeature object at 0x7fa93eef0770>\n\n    @allure.title(\"Change profile name\")\n    @allure.severity(\"Critical\")\n    # @pytest.mark.smoke\n    def test_change_profile_name(self):\n        self.login_page.open()\n        self.login_page.enter_login(self.data.LOGIN)\n        self.login_page.enter_password(self.data.PASSWORD)\n        self.login_page.click_submit_button()\n        self.dashboard_page.is_opened()\n        self.dashboard_page.click_my_info()\n        self.personal_page.is_opened()\n        self.personal_page.change_name(f\"Test {random.randint(1,100)}\")\n        self.personal_page.save_changes()\n>       self.personal_page.is_changes_saved()\n\ntests/feature_profile_test.py:27: \n_ _ _ _ _ _ _ _ _ _ _ _ _ _ _ _ _ _ _ _ _ _ _ _ _ _ _ _ _ _ _ _ _ _ _ _ _ _ _ _ \npages/personal_page.py:34: in is_changes_saved\n    self.wait.until(EC.text_to_be_present_in_element_value(self.FIRST_NAME_FIELD,self.name))\n_ _ _ _ _ _ _ _ _ _ _ _ _ _ _ _ _ _ _ _ _ _ _ _ _ _ _ _ _ _ _ _ _ _ _ _ _ _ _ _ \n\nself = <selenium.webdriver.support.wait.WebDriverWait (session=\"4e07b4b3d37dd86a1eac8cbc289e31da\")>\nmethod = <function text_to_be_present_in_element_value.<locals>._predicate at 0x7fa93ef7c0e0>\nmessage = ''\n\n    def until(self, method: Callable[[WebDriver], Union[Literal[False], T]], message: str = \"\") -> T:\n        \"\"\"Calls the method provided with the driver as an argument until the \\\n        return value does not evaluate to ``False``.\n    \n        :param method: callable(WebDriver)\n        :param message: optional message for :exc:`TimeoutException`\n        :returns: the result of the last call to `method`\n        :raises: :exc:`selenium.common.exceptions.TimeoutException` if timeout occurs\n        \"\"\"\n        screen = None\n        stacktrace = None\n    \n        end_time = time.monotonic() + self._timeout\n        while True:\n            try:\n                value = method(self._driver)\n                if value:\n                    return value\n            except self._ignored_exceptions as exc:\n                screen = getattr(exc, \"screen\", None)\n                stacktrace = getattr(exc, \"stacktrace\", None)\n            time.sleep(self._poll)\n            if time.monotonic() > end_time:\n                break\n>       raise TimeoutException(message, screen, stacktrace)\nE       selenium.common.exceptions.TimeoutException: Message:\n\n../local/lib/python3.12/site-packages/selenium/webdriver/support/wait.py:101: TimeoutException",
    "steps" : [ {
      "name" : "Open https://opensource-demo.orangehrmlive.com/web/index.php/auth/login page",
      "time" : {
        "start" : 1705927952462,
        "stop" : 1705927954175,
        "duration" : 1713
      },
      "status" : "passed",
      "steps" : [ ],
      "attachments" : [ ],
      "parameters" : [ ],
      "attachmentsCount" : 0,
      "shouldDisplayMessage" : false,
      "hasContent" : false,
      "stepsCount" : 0
    }, {
      "name" : "Enter login",
      "time" : {
        "start" : 1705927954175,
        "stop" : 1705927955232,
        "duration" : 1057
      },
      "status" : "passed",
      "steps" : [ ],
      "attachments" : [ ],
      "parameters" : [ {
        "name" : "login",
        "value" : "'Admin'"
      } ],
      "attachmentsCount" : 0,
      "shouldDisplayMessage" : false,
      "hasContent" : true,
      "stepsCount" : 0
    }, {
      "name" : "Enter password",
      "time" : {
        "start" : 1705927955232,
        "stop" : 1705927955296,
        "duration" : 64
      },
      "status" : "passed",
      "steps" : [ ],
      "attachments" : [ ],
      "parameters" : [ {
        "name" : "password",
        "value" : "'admin123'"
      } ],
      "attachmentsCount" : 0,
      "shouldDisplayMessage" : false,
      "hasContent" : true,
      "stepsCount" : 0
    }, {
      "name" : "Click submit",
      "time" : {
        "start" : 1705927955296,
        "stop" : 1705927955344,
        "duration" : 48
      },
      "status" : "passed",
      "steps" : [ ],
      "attachments" : [ ],
      "parameters" : [ ],
      "attachmentsCount" : 0,
      "shouldDisplayMessage" : false,
      "hasContent" : false,
      "stepsCount" : 0
    }, {
      "name" : "Open https://opensource-demo.orangehrmlive.com/web/index.php/dashboard/index is opened",
      "time" : {
        "start" : 1705927955344,
        "stop" : 1705927956368,
        "duration" : 1024
      },
      "status" : "passed",
      "steps" : [ ],
      "attachments" : [ ],
      "parameters" : [ ],
      "attachmentsCount" : 0,
      "shouldDisplayMessage" : false,
      "hasContent" : false,
      "stepsCount" : 0
    }, {
      "name" : "Click on 'My info' link",
      "time" : {
        "start" : 1705927956369,
        "stop" : 1705927958274,
        "duration" : 1905
      },
      "status" : "passed",
      "steps" : [ ],
      "attachments" : [ ],
      "parameters" : [ ],
      "attachmentsCount" : 0,
      "shouldDisplayMessage" : false,
      "hasContent" : false,
      "stepsCount" : 0
    }, {
      "name" : "Open https://opensource-demo.orangehrmlive.com/web/index.php/pim/viewPersonalDetails/empNumber/7 is opened",
      "time" : {
        "start" : 1705927958274,
        "stop" : 1705927958276,
        "duration" : 2
      },
      "status" : "passed",
      "steps" : [ ],
      "attachments" : [ ],
      "parameters" : [ ],
      "attachmentsCount" : 0,
      "shouldDisplayMessage" : false,
      "hasContent" : false,
      "stepsCount" : 0
    }, {
      "name" : "Change name",
      "time" : {
        "start" : 1705927958277,
        "stop" : 1705927959367,
        "duration" : 1090
      },
      "status" : "passed",
      "steps" : [ {
        "name" : "Change name on 'Test 49'",
        "time" : {
          "start" : 1705927958277,
          "stop" : 1705927959367,
          "duration" : 1090
        },
        "status" : "passed",
        "steps" : [ ],
        "attachments" : [ ],
        "parameters" : [ ],
        "attachmentsCount" : 0,
        "shouldDisplayMessage" : false,
        "hasContent" : false,
        "stepsCount" : 0
      } ],
      "attachments" : [ ],
      "parameters" : [ {
        "name" : "new_name",
        "value" : "'Test 49'"
      } ],
      "attachmentsCount" : 0,
      "shouldDisplayMessage" : false,
      "hasContent" : true,
      "stepsCount" : 1
    }, {
      "name" : "Save name",
      "time" : {
        "start" : 1705927959367,
        "stop" : 1705927959849,
        "duration" : 482
      },
      "status" : "passed",
      "steps" : [ ],
      "attachments" : [ ],
      "parameters" : [ ],
      "attachmentsCount" : 0,
      "shouldDisplayMessage" : false,
      "hasContent" : false,
      "stepsCount" : 0
    }, {
      "name" : "Check changes",
      "time" : {
        "start" : 1705927959849,
        "stop" : 1705927973013,
        "duration" : 13164
      },
      "status" : "broken",
      "statusMessage" : "selenium.common.exceptions.TimeoutException: Message: \n\n",
      "statusTrace" : "  File \"/usr/local/lib/python3.12/site-packages/allure_commons/_allure.py\", line 192, in impl\n    return func(*a, **kw)\n           ^^^^^^^^^^^^^^\n  File \"/usr/workspace/pages/personal_page.py\", line 34, in is_changes_saved\n    self.wait.until(EC.text_to_be_present_in_element_value(self.FIRST_NAME_FIELD,self.name))\n  File \"/usr/local/lib/python3.12/site-packages/selenium/webdriver/support/wait.py\", line 101, in until\n    raise TimeoutException(message, screen, stacktrace)\n",
      "steps" : [ ],
      "attachments" : [ ],
      "parameters" : [ ],
      "attachmentsCount" : 0,
      "shouldDisplayMessage" : true,
      "hasContent" : true,
      "stepsCount" : 0
    } ],
    "attachments" : [ ],
    "parameters" : [ ],
    "attachmentsCount" : 0,
    "shouldDisplayMessage" : true,
    "hasContent" : true,
    "stepsCount" : 11
  },
  "afterStages" : [ {
    "name" : "driver::0",
    "time" : {
      "start" : 1705927973043,
      "stop" : 1705927973128,
      "duration" : 85
    },
    "status" : "passed",
    "steps" : [ ],
    "attachments" : [ ],
    "parameters" : [ ],
    "attachmentsCount" : 0,
    "shouldDisplayMessage" : false,
    "hasContent" : false,
    "stepsCount" : 0
  } ],
  "labels" : [ {
    "name" : "severity",
    "value" : "Critical"
  }, {
    "name" : "feature",
    "value" : "Profile Functionaloty"
  }, {
    "name" : "parentSuite",
    "value" : "tests"
  }, {
    "name" : "suite",
    "value" : "feature_profile_test"
  }, {
    "name" : "subSuite",
    "value" : "TestProfileFeature"
  }, {
    "name" : "host",
    "value" : "8af0bf941d6e"
  }, {
    "name" : "thread",
    "value" : "1-MainThread"
  }, {
    "name" : "framework",
    "value" : "pytest"
  }, {
    "name" : "language",
    "value" : "cpython3"
  }, {
    "name" : "package",
    "value" : "tests.feature_profile_test"
  }, {
    "name" : "resultFormat",
    "value" : "allure2"
  } ],
  "parameters" : [ ],
  "links" : [ ],
  "hidden" : false,
  "retry" : false,
  "extra" : {
    "severity" : "critical",
    "retries" : [ ],
    "categories" : [ {
      "name" : "Test defects",
      "matchedStatuses" : [ ],
      "flaky" : false
    } ],
    "history" : {
      "statistic" : {
        "failed" : 0,
        "broken" : 38,
        "skipped" : 0,
        "passed" : 289,
        "unknown" : 0,
        "total" : 327
      },
      "items" : [ {
        "uid" : "dacc8eb400314b2e",
        "status" : "passed",
        "time" : {
          "start" : 1705685725756,
          "stop" : 1705685737736,
          "duration" : 11980
        }
      }, {
        "uid" : "77703db947899a5b",
        "status" : "passed",
        "time" : {
          "start" : 1705682402610,
          "stop" : 1705682414945,
          "duration" : 12335
        }
      }, {
        "uid" : "67b49dad171b2bf6",
        "status" : "passed",
        "time" : {
          "start" : 1705678550464,
          "stop" : 1705678562922,
          "duration" : 12458
        }
      }, {
        "uid" : "f25f9cd69a01bc08",
        "status" : "passed",
        "time" : {
          "start" : 1705674952402,
          "stop" : 1705674965196,
          "duration" : 12794
        }
      }, {
        "uid" : "ccf064c7a648bc21",
        "status" : "passed",
        "time" : {
          "start" : 1705671333121,
          "stop" : 1705671345083,
          "duration" : 11962
        }
      }, {
        "uid" : "6cf3439425fb82ff",
        "status" : "passed",
        "time" : {
          "start" : 1705668605723,
          "stop" : 1705668620200,
          "duration" : 14477
        }
      }, {
        "uid" : "6d75febbda9540a1",
        "status" : "passed",
        "time" : {
          "start" : 1705599314472,
          "stop" : 1705599327129,
          "duration" : 12657
        }
      }, {
        "uid" : "8bf4e13742c701f5",
        "status" : "passed",
        "time" : {
          "start" : 1705595961771,
          "stop" : 1705595974227,
          "duration" : 12456
        }
      }, {
        "uid" : "28c5ac3ec3e2fd26",
        "status" : "passed",
        "time" : {
          "start" : 1705592156937,
          "stop" : 1705592170337,
          "duration" : 13400
        }
      }, {
        "uid" : "a7c16f7b6825f0ad",
        "status" : "passed",
        "time" : {
          "start" : 1705588554252,
          "stop" : 1705588566517,
          "duration" : 12265
        }
      }, {
        "uid" : "35e2f5e483b12f89",
        "status" : "broken",
        "statusDetails" : "selenium.common.exceptions.TimeoutException: Message:",
        "time" : {
          "start" : 1705584921212,
          "stop" : 1705584943549,
          "duration" : 22337
        }
      }, {
        "uid" : "d771517347696c74",
        "status" : "broken",
        "statusDetails" : "selenium.common.exceptions.TimeoutException: Message:",
        "time" : {
          "start" : 1705582227604,
          "stop" : 1705582249105,
          "duration" : 21501
        }
      }, {
        "uid" : "31162e82bd063c4a",
        "status" : "passed",
        "time" : {
          "start" : 1705512915549,
          "stop" : 1705512927692,
          "duration" : 12143
        }
      }, {
        "uid" : "b9b8b8b4c0c2e11e",
        "status" : "passed",
        "time" : {
          "start" : 1705509621549,
          "stop" : 1705509634455,
          "duration" : 12906
        }
      }, {
        "uid" : "8539f233c49e6bd7",
        "status" : "broken",
        "statusDetails" : "selenium.common.exceptions.TimeoutException: Message:",
        "time" : {
          "start" : 1705505753389,
          "stop" : 1705505768020,
          "duration" : 14631
        }
      }, {
        "uid" : "7c4e3ec726ef4cda",
        "status" : "passed",
        "time" : {
          "start" : 1705502113781,
          "stop" : 1705502125637,
          "duration" : 11856
        }
      }, {
        "uid" : "212940b068d49e0a",
        "status" : "passed",
        "time" : {
          "start" : 1705498541376,
          "stop" : 1705498555252,
          "duration" : 13876
        }
      }, {
        "uid" : "7736421b0e220a4d",
        "status" : "passed",
        "time" : {
          "start" : 1705495841137,
          "stop" : 1705495855272,
          "duration" : 14135
        }
      }, {
        "uid" : "429e325e97a91e6c",
        "status" : "broken",
        "statusDetails" : "selenium.common.exceptions.TimeoutException: Message:",
        "time" : {
          "start" : 1705426550287,
          "stop" : 1705426571943,
          "duration" : 21656
        }
      }, {
        "uid" : "26d3be667642f9fc",
        "status" : "passed",
        "time" : {
          "start" : 1705423224035,
          "stop" : 1705423235807,
          "duration" : 11772
        }
      } ]
    },
    "tags" : [ ]
  },
  "source" : "8e98c2576e2496f0.json",
  "parameterValues" : [ ]
}