{
  "uid" : "ae2f5306389b1939",
  "name" : "Change profile name",
  "fullName" : "tests.feature_profile_test.TestProfileFeature#test_change_profile_name",
  "historyId" : "42b4a115007c35c622675a0baedb491a",
  "time" : {
    "start" : 1701711312386,
    "stop" : 1701711460199,
    "duration" : 147813
  },
  "status" : "broken",
  "statusMessage" : "selenium.common.exceptions.TimeoutException: Message:",
  "statusTrace" : "self = <feature_profile_test.TestProfileFeature object at 0x7f4d9eeb48f0>\n\n    @allure.title(\"Change profile name\")\n    @allure.severity(\"Critical\")\n    # @pytest.mark.smoke\n    def test_change_profile_name(self):\n        self.login_page.open()\n        self.login_page.enter_login(self.data.LOGIN)\n        self.login_page.enter_password(self.data.PASSWORD)\n        self.login_page.click_submit_button()\n>       self.dashboard_page.is_opened()\n\ntests/feature_profile_test.py:22: \n_ _ _ _ _ _ _ _ _ _ _ _ _ _ _ _ _ _ _ _ _ _ _ _ _ _ _ _ _ _ _ _ _ _ _ _ _ _ _ _ \nbase/base_page.py:18: in is_opened\n    self.wait.until(EC.url_to_be(self.PAGE_URL))\n_ _ _ _ _ _ _ _ _ _ _ _ _ _ _ _ _ _ _ _ _ _ _ _ _ _ _ _ _ _ _ _ _ _ _ _ _ _ _ _ \n\nself = <selenium.webdriver.support.wait.WebDriverWait (session=\"603ebcc6ddb8828cf81da37afcde8d15\")>\nmethod = <function url_to_be.<locals>._predicate at 0x7f4d9dfebe20>\nmessage = ''\n\n    def until(self, method: Callable[[WebDriver], Union[Literal[False], T]], message: str = \"\") -> T:\n        \"\"\"Calls the method provided with the driver as an argument until the \\\n        return value does not evaluate to ``False``.\n    \n        :param method: callable(WebDriver)\n        :param message: optional message for :exc:`TimeoutException`\n        :returns: the result of the last call to `method`\n        :raises: :exc:`selenium.common.exceptions.TimeoutException` if timeout occurs\n        \"\"\"\n        screen = None\n        stacktrace = None\n    \n        end_time = time.monotonic() + self._timeout\n        while True:\n            try:\n                value = method(self._driver)\n                if value:\n                    return value\n            except self._ignored_exceptions as exc:\n                screen = getattr(exc, \"screen\", None)\n                stacktrace = getattr(exc, \"stacktrace\", None)\n            time.sleep(self._poll)\n            if time.monotonic() > end_time:\n                break\n>       raise TimeoutException(message, screen, stacktrace)\nE       selenium.common.exceptions.TimeoutException: Message:\n\n../local/lib/python3.12/site-packages/selenium/webdriver/support/wait.py:101: TimeoutException",
  "flaky" : false,
  "newFailed" : false,
  "beforeStages" : [ {
    "name" : "setup",
    "time" : {
      "start" : 1701711312385,
      "stop" : 1701711312385,
      "duration" : 0
    },
    "status" : "passed",
    "steps" : [ ],
    "attachments" : [ ],
    "parameters" : [ ],
    "attachmentsCount" : 0,
    "shouldDisplayMessage" : false,
    "stepsCount" : 0,
    "hasContent" : false
  }, {
    "name" : "driver",
    "time" : {
      "start" : 1701711311428,
      "stop" : 1701711312385,
      "duration" : 957
    },
    "status" : "passed",
    "steps" : [ ],
    "attachments" : [ ],
    "parameters" : [ ],
    "attachmentsCount" : 0,
    "shouldDisplayMessage" : false,
    "stepsCount" : 0,
    "hasContent" : false
  } ],
  "testStage" : {
    "status" : "broken",
    "statusMessage" : "selenium.common.exceptions.TimeoutException: Message:",
    "statusTrace" : "self = <feature_profile_test.TestProfileFeature object at 0x7f4d9eeb48f0>\n\n    @allure.title(\"Change profile name\")\n    @allure.severity(\"Critical\")\n    # @pytest.mark.smoke\n    def test_change_profile_name(self):\n        self.login_page.open()\n        self.login_page.enter_login(self.data.LOGIN)\n        self.login_page.enter_password(self.data.PASSWORD)\n        self.login_page.click_submit_button()\n>       self.dashboard_page.is_opened()\n\ntests/feature_profile_test.py:22: \n_ _ _ _ _ _ _ _ _ _ _ _ _ _ _ _ _ _ _ _ _ _ _ _ _ _ _ _ _ _ _ _ _ _ _ _ _ _ _ _ \nbase/base_page.py:18: in is_opened\n    self.wait.until(EC.url_to_be(self.PAGE_URL))\n_ _ _ _ _ _ _ _ _ _ _ _ _ _ _ _ _ _ _ _ _ _ _ _ _ _ _ _ _ _ _ _ _ _ _ _ _ _ _ _ \n\nself = <selenium.webdriver.support.wait.WebDriverWait (session=\"603ebcc6ddb8828cf81da37afcde8d15\")>\nmethod = <function url_to_be.<locals>._predicate at 0x7f4d9dfebe20>\nmessage = ''\n\n    def until(self, method: Callable[[WebDriver], Union[Literal[False], T]], message: str = \"\") -> T:\n        \"\"\"Calls the method provided with the driver as an argument until the \\\n        return value does not evaluate to ``False``.\n    \n        :param method: callable(WebDriver)\n        :param message: optional message for :exc:`TimeoutException`\n        :returns: the result of the last call to `method`\n        :raises: :exc:`selenium.common.exceptions.TimeoutException` if timeout occurs\n        \"\"\"\n        screen = None\n        stacktrace = None\n    \n        end_time = time.monotonic() + self._timeout\n        while True:\n            try:\n                value = method(self._driver)\n                if value:\n                    return value\n            except self._ignored_exceptions as exc:\n                screen = getattr(exc, \"screen\", None)\n                stacktrace = getattr(exc, \"stacktrace\", None)\n            time.sleep(self._poll)\n            if time.monotonic() > end_time:\n                break\n>       raise TimeoutException(message, screen, stacktrace)\nE       selenium.common.exceptions.TimeoutException: Message:\n\n../local/lib/python3.12/site-packages/selenium/webdriver/support/wait.py:101: TimeoutException",
    "steps" : [ {
      "name" : "Open https://opensource-demo.orangehrmlive.com/web/index.php/auth/login page",
      "time" : {
        "start" : 1701711312386,
        "stop" : 1701711448903,
        "duration" : 136517
      },
      "status" : "passed",
      "steps" : [ ],
      "attachments" : [ ],
      "parameters" : [ ],
      "attachmentsCount" : 0,
      "shouldDisplayMessage" : false,
      "stepsCount" : 0,
      "hasContent" : false
    }, {
      "name" : "Enter login",
      "time" : {
        "start" : 1701711448903,
        "stop" : 1701711449957,
        "duration" : 1054
      },
      "status" : "passed",
      "steps" : [ ],
      "attachments" : [ ],
      "parameters" : [ {
        "name" : "login",
        "value" : "'Admin'"
      } ],
      "attachmentsCount" : 0,
      "shouldDisplayMessage" : false,
      "stepsCount" : 0,
      "hasContent" : true
    }, {
      "name" : "Enter password",
      "time" : {
        "start" : 1701711449958,
        "stop" : 1701711450019,
        "duration" : 61
      },
      "status" : "passed",
      "steps" : [ ],
      "attachments" : [ ],
      "parameters" : [ {
        "name" : "password",
        "value" : "'admin123'"
      } ],
      "attachmentsCount" : 0,
      "shouldDisplayMessage" : false,
      "stepsCount" : 0,
      "hasContent" : true
    }, {
      "name" : "Click submit",
      "time" : {
        "start" : 1701711450019,
        "stop" : 1701711450061,
        "duration" : 42
      },
      "status" : "passed",
      "steps" : [ ],
      "attachments" : [ ],
      "parameters" : [ ],
      "attachmentsCount" : 0,
      "shouldDisplayMessage" : false,
      "stepsCount" : 0,
      "hasContent" : false
    }, {
      "name" : "Open https://opensource-demo.orangehrmlive.com/web/index.php/dashboard/index is opened",
      "time" : {
        "start" : 1701711450061,
        "stop" : 1701711460199,
        "duration" : 10138
      },
      "status" : "broken",
      "statusMessage" : "selenium.common.exceptions.TimeoutException: Message: \n\n",
      "statusTrace" : "  File \"/usr/workspace/base/base_page.py\", line 18, in is_opened\n    self.wait.until(EC.url_to_be(self.PAGE_URL))\n  File \"/usr/local/lib/python3.12/site-packages/selenium/webdriver/support/wait.py\", line 101, in until\n    raise TimeoutException(message, screen, stacktrace)\n",
      "steps" : [ ],
      "attachments" : [ ],
      "parameters" : [ ],
      "attachmentsCount" : 0,
      "shouldDisplayMessage" : true,
      "stepsCount" : 0,
      "hasContent" : true
    } ],
    "attachments" : [ ],
    "parameters" : [ ],
    "attachmentsCount" : 0,
    "shouldDisplayMessage" : true,
    "stepsCount" : 5,
    "hasContent" : true
  },
  "afterStages" : [ {
    "name" : "driver::0",
    "time" : {
      "start" : 1701711460228,
      "stop" : 1701711460315,
      "duration" : 87
    },
    "status" : "passed",
    "steps" : [ ],
    "attachments" : [ ],
    "parameters" : [ ],
    "attachmentsCount" : 0,
    "shouldDisplayMessage" : false,
    "stepsCount" : 0,
    "hasContent" : false
  } ],
  "labels" : [ {
    "name" : "feature",
    "value" : "Profile Functionaloty"
  }, {
    "name" : "severity",
    "value" : "Critical"
  }, {
    "name" : "parentSuite",
    "value" : "tests"
  }, {
    "name" : "suite",
    "value" : "feature_profile_test"
  }, {
    "name" : "subSuite",
    "value" : "TestProfileFeature"
  }, {
    "name" : "host",
    "value" : "74665c37a1cb"
  }, {
    "name" : "thread",
    "value" : "1-MainThread"
  }, {
    "name" : "framework",
    "value" : "pytest"
  }, {
    "name" : "language",
    "value" : "cpython3"
  }, {
    "name" : "package",
    "value" : "tests.feature_profile_test"
  }, {
    "name" : "resultFormat",
    "value" : "allure2"
  } ],
  "parameters" : [ ],
  "links" : [ ],
  "hidden" : false,
  "retry" : false,
  "extra" : {
    "severity" : "critical",
    "retries" : [ ],
    "categories" : [ {
      "name" : "Test defects",
      "matchedStatuses" : [ ],
      "flaky" : false
    } ],
    "history" : {
      "statistic" : {
        "failed" : 0,
        "broken" : 9,
        "skipped" : 0,
        "passed" : 114,
        "unknown" : 0,
        "total" : 123
      },
      "items" : [ {
        "uid" : "a17a68f57a79ea14",
        "status" : "passed",
        "time" : {
          "start" : 1701707952198,
          "stop" : 1701707965032,
          "duration" : 12834
        }
      }, {
        "uid" : "6c279cae21504af3",
        "status" : "passed",
        "time" : {
          "start" : 1701704152762,
          "stop" : 1701704164330,
          "duration" : 11568
        }
      }, {
        "uid" : "ea20a0a223efae83",
        "status" : "passed",
        "time" : {
          "start" : 1701700621526,
          "stop" : 1701700633327,
          "duration" : 11801
        }
      }, {
        "uid" : "990a57877da65fe9",
        "status" : "passed",
        "time" : {
          "start" : 1701696916415,
          "stop" : 1701696930253,
          "duration" : 13838
        }
      }, {
        "uid" : "bb799a68db32adc4",
        "status" : "passed",
        "time" : {
          "start" : 1701694239366,
          "stop" : 1701694252203,
          "duration" : 12837
        }
      }, {
        "uid" : "d57cab219bb451c2",
        "status" : "passed",
        "time" : {
          "start" : 1701452119760,
          "stop" : 1701452131402,
          "duration" : 11642
        }
      }, {
        "uid" : "1ddab6d239183fc4",
        "status" : "passed",
        "time" : {
          "start" : 1701448731593,
          "stop" : 1701448743411,
          "duration" : 11818
        }
      }, {
        "uid" : "5dc1cd9ca87fa49d",
        "status" : "passed",
        "time" : {
          "start" : 1701444945376,
          "stop" : 1701444957033,
          "duration" : 11657
        }
      }, {
        "uid" : "dad9760feff3f889",
        "status" : "passed",
        "time" : {
          "start" : 1701441333258,
          "stop" : 1701441345450,
          "duration" : 12192
        }
      }, {
        "uid" : "caeeb6df330e8407",
        "status" : "broken",
        "statusDetails" : "selenium.common.exceptions.TimeoutException: Message:",
        "time" : {
          "start" : 1701437712318,
          "stop" : 1701437725896,
          "duration" : 13578
        }
      }, {
        "uid" : "5e6b195ed6ee867f",
        "status" : "passed",
        "time" : {
          "start" : 1701435039517,
          "stop" : 1701435051446,
          "duration" : 11929
        }
      }, {
        "uid" : "d183ced8e917d367",
        "status" : "passed",
        "time" : {
          "start" : 1701365723269,
          "stop" : 1701365736142,
          "duration" : 12873
        }
      }, {
        "uid" : "19da69eedd0e0cfa",
        "status" : "passed",
        "time" : {
          "start" : 1701362451199,
          "stop" : 1701362462836,
          "duration" : 11637
        }
      }, {
        "uid" : "7e9c9d1e70968678",
        "status" : "passed",
        "time" : {
          "start" : 1701358577369,
          "stop" : 1701358590193,
          "duration" : 12824
        }
      }, {
        "uid" : "e65a4a339f60bbd6",
        "status" : "passed",
        "time" : {
          "start" : 1701354970955,
          "stop" : 1701354982574,
          "duration" : 11619
        }
      }, {
        "uid" : "c46fccbbe9e65d3b",
        "status" : "broken",
        "statusDetails" : "selenium.common.exceptions.TimeoutException: Message:",
        "time" : {
          "start" : 1701351379942,
          "stop" : 1701351400347,
          "duration" : 20405
        }
      }, {
        "uid" : "b5fcbbbe99513580",
        "status" : "passed",
        "time" : {
          "start" : 1701348634237,
          "stop" : 1701348646119,
          "duration" : 11882
        }
      }, {
        "uid" : "288942d5974b2dbb",
        "status" : "passed",
        "time" : {
          "start" : 1701279310527,
          "stop" : 1701279323544,
          "duration" : 13017
        }
      }, {
        "uid" : "d85a16c0451055a3",
        "status" : "passed",
        "time" : {
          "start" : 1701276038828,
          "stop" : 1701276051629,
          "duration" : 12801
        }
      }, {
        "uid" : "44aac57426194e1",
        "status" : "passed",
        "time" : {
          "start" : 1701272123193,
          "stop" : 1701272136170,
          "duration" : 12977
        }
      } ]
    },
    "tags" : [ ]
  },
  "source" : "ae2f5306389b1939.json",
  "parameterValues" : [ ]
}