{
  "uid" : "c46fccbbe9e65d3b",
  "name" : "Change profile name",
  "fullName" : "tests.feature_profile_test.TestProfileFeature#test_change_profile_name",
  "historyId" : "42b4a115007c35c622675a0baedb491a",
  "time" : {
    "start" : 1701351379942,
    "stop" : 1701351400347,
    "duration" : 20405
  },
  "status" : "broken",
  "statusMessage" : "selenium.common.exceptions.TimeoutException: Message:",
  "statusTrace" : "self = <feature_profile_test.TestProfileFeature object at 0x7fa7eb5dc830>\n\n    @allure.title(\"Change profile name\")\n    @allure.severity(\"Critical\")\n    # @pytest.mark.smoke\n    def test_change_profile_name(self):\n        self.login_page.open()\n        self.login_page.enter_login(self.data.LOGIN)\n        self.login_page.enter_password(self.data.PASSWORD)\n        self.login_page.click_submit_button()\n        self.dashboard_page.is_opened()\n        self.dashboard_page.click_my_info()\n        self.personal_page.is_opened()\n        self.personal_page.change_name(f\"Test {random.randint(1,100)}\")\n        self.personal_page.save_changes()\n>       self.personal_page.is_changes_saved()\n\ntests/feature_profile_test.py:27: \n_ _ _ _ _ _ _ _ _ _ _ _ _ _ _ _ _ _ _ _ _ _ _ _ _ _ _ _ _ _ _ _ _ _ _ _ _ _ _ _ \npages/personal_page.py:34: in is_changes_saved\n    self.wait.until(EC.text_to_be_present_in_element_value(self.FIRST_NAME_FIELD,self.name))\n_ _ _ _ _ _ _ _ _ _ _ _ _ _ _ _ _ _ _ _ _ _ _ _ _ _ _ _ _ _ _ _ _ _ _ _ _ _ _ _ \n\nself = <selenium.webdriver.support.wait.WebDriverWait (session=\"6ee61d679e10b00df9638ad86a4967e0\")>\nmethod = <function text_to_be_present_in_element_value.<locals>._predicate at 0x7fa7eb66c0e0>\nmessage = ''\n\n    def until(self, method: Callable[[WebDriver], Union[Literal[False], T]], message: str = \"\") -> T:\n        \"\"\"Calls the method provided with the driver as an argument until the \\\n        return value does not evaluate to ``False``.\n    \n        :param method: callable(WebDriver)\n        :param message: optional message for :exc:`TimeoutException`\n        :returns: the result of the last call to `method`\n        :raises: :exc:`selenium.common.exceptions.TimeoutException` if timeout occurs\n        \"\"\"\n        screen = None\n        stacktrace = None\n    \n        end_time = time.monotonic() + self._timeout\n        while True:\n            try:\n                value = method(self._driver)\n                if value:\n                    return value\n            except self._ignored_exceptions as exc:\n                screen = getattr(exc, \"screen\", None)\n                stacktrace = getattr(exc, \"stacktrace\", None)\n            time.sleep(self._poll)\n            if time.monotonic() > end_time:\n                break\n>       raise TimeoutException(message, screen, stacktrace)\nE       selenium.common.exceptions.TimeoutException: Message:\n\n../local/lib/python3.12/site-packages/selenium/webdriver/support/wait.py:101: TimeoutException",
  "flaky" : false,
  "newFailed" : false,
  "beforeStages" : [ {
    "name" : "setup",
    "time" : {
      "start" : 1701351379941,
      "stop" : 1701351379941,
      "duration" : 0
    },
    "status" : "passed",
    "steps" : [ ],
    "attachments" : [ ],
    "parameters" : [ ],
    "attachmentsCount" : 0,
    "shouldDisplayMessage" : false,
    "stepsCount" : 0,
    "hasContent" : false
  }, {
    "name" : "driver",
    "time" : {
      "start" : 1701351379042,
      "stop" : 1701351379941,
      "duration" : 899
    },
    "status" : "passed",
    "steps" : [ ],
    "attachments" : [ ],
    "parameters" : [ ],
    "attachmentsCount" : 0,
    "shouldDisplayMessage" : false,
    "stepsCount" : 0,
    "hasContent" : false
  } ],
  "testStage" : {
    "status" : "broken",
    "statusMessage" : "selenium.common.exceptions.TimeoutException: Message:",
    "statusTrace" : "self = <feature_profile_test.TestProfileFeature object at 0x7fa7eb5dc830>\n\n    @allure.title(\"Change profile name\")\n    @allure.severity(\"Critical\")\n    # @pytest.mark.smoke\n    def test_change_profile_name(self):\n        self.login_page.open()\n        self.login_page.enter_login(self.data.LOGIN)\n        self.login_page.enter_password(self.data.PASSWORD)\n        self.login_page.click_submit_button()\n        self.dashboard_page.is_opened()\n        self.dashboard_page.click_my_info()\n        self.personal_page.is_opened()\n        self.personal_page.change_name(f\"Test {random.randint(1,100)}\")\n        self.personal_page.save_changes()\n>       self.personal_page.is_changes_saved()\n\ntests/feature_profile_test.py:27: \n_ _ _ _ _ _ _ _ _ _ _ _ _ _ _ _ _ _ _ _ _ _ _ _ _ _ _ _ _ _ _ _ _ _ _ _ _ _ _ _ \npages/personal_page.py:34: in is_changes_saved\n    self.wait.until(EC.text_to_be_present_in_element_value(self.FIRST_NAME_FIELD,self.name))\n_ _ _ _ _ _ _ _ _ _ _ _ _ _ _ _ _ _ _ _ _ _ _ _ _ _ _ _ _ _ _ _ _ _ _ _ _ _ _ _ \n\nself = <selenium.webdriver.support.wait.WebDriverWait (session=\"6ee61d679e10b00df9638ad86a4967e0\")>\nmethod = <function text_to_be_present_in_element_value.<locals>._predicate at 0x7fa7eb66c0e0>\nmessage = ''\n\n    def until(self, method: Callable[[WebDriver], Union[Literal[False], T]], message: str = \"\") -> T:\n        \"\"\"Calls the method provided with the driver as an argument until the \\\n        return value does not evaluate to ``False``.\n    \n        :param method: callable(WebDriver)\n        :param message: optional message for :exc:`TimeoutException`\n        :returns: the result of the last call to `method`\n        :raises: :exc:`selenium.common.exceptions.TimeoutException` if timeout occurs\n        \"\"\"\n        screen = None\n        stacktrace = None\n    \n        end_time = time.monotonic() + self._timeout\n        while True:\n            try:\n                value = method(self._driver)\n                if value:\n                    return value\n            except self._ignored_exceptions as exc:\n                screen = getattr(exc, \"screen\", None)\n                stacktrace = getattr(exc, \"stacktrace\", None)\n            time.sleep(self._poll)\n            if time.monotonic() > end_time:\n                break\n>       raise TimeoutException(message, screen, stacktrace)\nE       selenium.common.exceptions.TimeoutException: Message:\n\n../local/lib/python3.12/site-packages/selenium/webdriver/support/wait.py:101: TimeoutException",
    "steps" : [ {
      "name" : "Open https://opensource-demo.orangehrmlive.com/web/index.php/auth/login page",
      "time" : {
        "start" : 1701351379942,
        "stop" : 1701351381551,
        "duration" : 1609
      },
      "status" : "passed",
      "steps" : [ ],
      "attachments" : [ ],
      "parameters" : [ ],
      "attachmentsCount" : 0,
      "shouldDisplayMessage" : false,
      "stepsCount" : 0,
      "hasContent" : false
    }, {
      "name" : "Enter login",
      "time" : {
        "start" : 1701351381551,
        "stop" : 1701351382606,
        "duration" : 1055
      },
      "status" : "passed",
      "steps" : [ ],
      "attachments" : [ ],
      "parameters" : [ {
        "name" : "login",
        "value" : "'Admin'"
      } ],
      "attachmentsCount" : 0,
      "shouldDisplayMessage" : false,
      "stepsCount" : 0,
      "hasContent" : true
    }, {
      "name" : "Enter password",
      "time" : {
        "start" : 1701351382606,
        "stop" : 1701351382667,
        "duration" : 61
      },
      "status" : "passed",
      "steps" : [ ],
      "attachments" : [ ],
      "parameters" : [ {
        "name" : "password",
        "value" : "'admin123'"
      } ],
      "attachmentsCount" : 0,
      "shouldDisplayMessage" : false,
      "stepsCount" : 0,
      "hasContent" : true
    }, {
      "name" : "Click submit",
      "time" : {
        "start" : 1701351382668,
        "stop" : 1701351382715,
        "duration" : 47
      },
      "status" : "passed",
      "steps" : [ ],
      "attachments" : [ ],
      "parameters" : [ ],
      "attachmentsCount" : 0,
      "shouldDisplayMessage" : false,
      "stepsCount" : 0,
      "hasContent" : false
    }, {
      "name" : "Open https://opensource-demo.orangehrmlive.com/web/index.php/dashboard/index is opened",
      "time" : {
        "start" : 1701351382715,
        "stop" : 1701351383632,
        "duration" : 917
      },
      "status" : "passed",
      "steps" : [ ],
      "attachments" : [ ],
      "parameters" : [ ],
      "attachmentsCount" : 0,
      "shouldDisplayMessage" : false,
      "stepsCount" : 0,
      "hasContent" : false
    }, {
      "name" : "Click on 'My info' link",
      "time" : {
        "start" : 1701351383632,
        "stop" : 1701351385711,
        "duration" : 2079
      },
      "status" : "passed",
      "steps" : [ ],
      "attachments" : [ ],
      "parameters" : [ ],
      "attachmentsCount" : 0,
      "shouldDisplayMessage" : false,
      "stepsCount" : 0,
      "hasContent" : false
    }, {
      "name" : "Open https://opensource-demo.orangehrmlive.com/web/index.php/pim/viewPersonalDetails/empNumber/7 is opened",
      "time" : {
        "start" : 1701351385711,
        "stop" : 1701351385714,
        "duration" : 3
      },
      "status" : "passed",
      "steps" : [ ],
      "attachments" : [ ],
      "parameters" : [ ],
      "attachmentsCount" : 0,
      "shouldDisplayMessage" : false,
      "stepsCount" : 0,
      "hasContent" : false
    }, {
      "name" : "Change name",
      "time" : {
        "start" : 1701351385714,
        "stop" : 1701351386799,
        "duration" : 1085
      },
      "status" : "passed",
      "steps" : [ {
        "name" : "Change name on 'Test 21'",
        "time" : {
          "start" : 1701351385714,
          "stop" : 1701351386799,
          "duration" : 1085
        },
        "status" : "passed",
        "steps" : [ ],
        "attachments" : [ ],
        "parameters" : [ ],
        "attachmentsCount" : 0,
        "shouldDisplayMessage" : false,
        "stepsCount" : 0,
        "hasContent" : false
      } ],
      "attachments" : [ ],
      "parameters" : [ {
        "name" : "new_name",
        "value" : "'Test 21'"
      } ],
      "attachmentsCount" : 0,
      "shouldDisplayMessage" : false,
      "stepsCount" : 1,
      "hasContent" : true
    }, {
      "name" : "Save name",
      "time" : {
        "start" : 1701351386799,
        "stop" : 1701351387181,
        "duration" : 382
      },
      "status" : "passed",
      "steps" : [ ],
      "attachments" : [ ],
      "parameters" : [ ],
      "attachmentsCount" : 0,
      "shouldDisplayMessage" : false,
      "stepsCount" : 0,
      "hasContent" : false
    }, {
      "name" : "Check changes",
      "time" : {
        "start" : 1701351387182,
        "stop" : 1701351400346,
        "duration" : 13164
      },
      "status" : "broken",
      "statusMessage" : "selenium.common.exceptions.TimeoutException: Message: \n\n",
      "statusTrace" : "  File \"/usr/local/lib/python3.12/site-packages/allure_commons/_allure.py\", line 192, in impl\n    return func(*a, **kw)\n           ^^^^^^^^^^^^^^\n  File \"/usr/workspace/pages/personal_page.py\", line 34, in is_changes_saved\n    self.wait.until(EC.text_to_be_present_in_element_value(self.FIRST_NAME_FIELD,self.name))\n  File \"/usr/local/lib/python3.12/site-packages/selenium/webdriver/support/wait.py\", line 101, in until\n    raise TimeoutException(message, screen, stacktrace)\n",
      "steps" : [ ],
      "attachments" : [ ],
      "parameters" : [ ],
      "attachmentsCount" : 0,
      "shouldDisplayMessage" : true,
      "stepsCount" : 0,
      "hasContent" : true
    } ],
    "attachments" : [ ],
    "parameters" : [ ],
    "attachmentsCount" : 0,
    "shouldDisplayMessage" : true,
    "stepsCount" : 11,
    "hasContent" : true
  },
  "afterStages" : [ {
    "name" : "driver::0",
    "time" : {
      "start" : 1701351400376,
      "stop" : 1701351400461,
      "duration" : 85
    },
    "status" : "passed",
    "steps" : [ ],
    "attachments" : [ ],
    "parameters" : [ ],
    "attachmentsCount" : 0,
    "shouldDisplayMessage" : false,
    "stepsCount" : 0,
    "hasContent" : false
  } ],
  "labels" : [ {
    "name" : "severity",
    "value" : "Critical"
  }, {
    "name" : "feature",
    "value" : "Profile Functionaloty"
  }, {
    "name" : "parentSuite",
    "value" : "tests"
  }, {
    "name" : "suite",
    "value" : "feature_profile_test"
  }, {
    "name" : "subSuite",
    "value" : "TestProfileFeature"
  }, {
    "name" : "host",
    "value" : "26e0b2e55536"
  }, {
    "name" : "thread",
    "value" : "1-MainThread"
  }, {
    "name" : "framework",
    "value" : "pytest"
  }, {
    "name" : "language",
    "value" : "cpython3"
  }, {
    "name" : "package",
    "value" : "tests.feature_profile_test"
  }, {
    "name" : "resultFormat",
    "value" : "allure2"
  } ],
  "parameters" : [ ],
  "links" : [ ],
  "hidden" : false,
  "retry" : false,
  "extra" : {
    "severity" : "critical",
    "retries" : [ ],
    "categories" : [ {
      "name" : "Test defects",
      "matchedStatuses" : [ ],
      "flaky" : false
    } ],
    "history" : {
      "statistic" : {
        "failed" : 0,
        "broken" : 7,
        "skipped" : 0,
        "passed" : 100,
        "unknown" : 0,
        "total" : 107
      },
      "items" : [ {
        "uid" : "b5fcbbbe99513580",
        "status" : "passed",
        "time" : {
          "start" : 1701348634237,
          "stop" : 1701348646119,
          "duration" : 11882
        }
      }, {
        "uid" : "288942d5974b2dbb",
        "status" : "passed",
        "time" : {
          "start" : 1701279310527,
          "stop" : 1701279323544,
          "duration" : 13017
        }
      }, {
        "uid" : "d85a16c0451055a3",
        "status" : "passed",
        "time" : {
          "start" : 1701276038828,
          "stop" : 1701276051629,
          "duration" : 12801
        }
      }, {
        "uid" : "44aac57426194e1",
        "status" : "passed",
        "time" : {
          "start" : 1701272123193,
          "stop" : 1701272136170,
          "duration" : 12977
        }
      }, {
        "uid" : "a9364cfcb17056e7",
        "status" : "broken",
        "statusDetails" : "selenium.common.exceptions.TimeoutException: Message:",
        "time" : {
          "start" : 1701268540806,
          "stop" : 1701268561742,
          "duration" : 20936
        }
      }, {
        "uid" : "aefb09129eaf4935",
        "status" : "passed",
        "time" : {
          "start" : 1701264923280,
          "stop" : 1701264935275,
          "duration" : 11995
        }
      }, {
        "uid" : "52e8a59b21133b00",
        "status" : "passed",
        "time" : {
          "start" : 1701262260455,
          "stop" : 1701262273339,
          "duration" : 12884
        }
      }, {
        "uid" : "d6d890e8faaea15b",
        "status" : "passed",
        "time" : {
          "start" : 1701192930270,
          "stop" : 1701192942251,
          "duration" : 11981
        }
      }, {
        "uid" : "2ef414d62701a65",
        "status" : "passed",
        "time" : {
          "start" : 1701189597436,
          "stop" : 1701189610127,
          "duration" : 12691
        }
      }, {
        "uid" : "4198ef5655de6dfa",
        "status" : "passed",
        "time" : {
          "start" : 1701185744705,
          "stop" : 1701185757740,
          "duration" : 13035
        }
      }, {
        "uid" : "f3818d7f3fb6bbf3",
        "status" : "passed",
        "time" : {
          "start" : 1701182178882,
          "stop" : 1701182190587,
          "duration" : 11705
        }
      }, {
        "uid" : "295ea06a10d6541d",
        "status" : "passed",
        "time" : {
          "start" : 1701178529634,
          "stop" : 1701178541151,
          "duration" : 11517
        }
      }, {
        "uid" : "6eb8710e8e1a2cd2",
        "status" : "passed",
        "time" : {
          "start" : 1701175784052,
          "stop" : 1701175796831,
          "duration" : 12779
        }
      }, {
        "uid" : "7b19e5ccd0f12023",
        "status" : "passed",
        "time" : {
          "start" : 1701106529612,
          "stop" : 1701106542487,
          "duration" : 12875
        }
      }, {
        "uid" : "9be70d56adc371d2",
        "status" : "broken",
        "statusDetails" : "selenium.common.exceptions.TimeoutException: Message:",
        "time" : {
          "start" : 1701103196286,
          "stop" : 1701103216561,
          "duration" : 20275
        }
      }, {
        "uid" : "678db7e7c7e3d9ae",
        "status" : "passed",
        "time" : {
          "start" : 1701099353152,
          "stop" : 1701099364840,
          "duration" : 11688
        }
      }, {
        "uid" : "b58bb917bc1b1b84",
        "status" : "passed",
        "time" : {
          "start" : 1701095795252,
          "stop" : 1701095808077,
          "duration" : 12825
        }
      }, {
        "uid" : "e6f063cfeb9a215b",
        "status" : "broken",
        "statusDetails" : "selenium.common.exceptions.ElementClickInterceptedException: Message: element click intercepted: Element <button type=\"submit\" class=\"oxd-button oxd-button--medium oxd-button--secondary orangehrm-left-space\" data-v-10d463b7=\"\" data-v-b6d78ace=\"\">...</button> is not clickable at point (1789, 976). Other element would receive the click: <div class=\"oxd-form-loader\" data-v-d5bfe35b=\"\">...</div>\n  (Session info: headless chrome=112.0.5615.165)",
        "time" : {
          "start" : 1701092126758,
          "stop" : 1701092169863,
          "duration" : 43105
        }
      }, {
        "uid" : "8374046f30dc420e",
        "status" : "passed",
        "time" : {
          "start" : 1701089500902,
          "stop" : 1701089513277,
          "duration" : 12375
        }
      }, {
        "uid" : "39734c0d542279a5",
        "status" : "passed",
        "time" : {
          "start" : 1700847321161,
          "stop" : 1700847332808,
          "duration" : 11647
        }
      } ]
    },
    "tags" : [ ]
  },
  "source" : "c46fccbbe9e65d3b.json",
  "parameterValues" : [ ]
}