{
  "uid" : "ca7115bade9deb1c",
  "name" : "Change profile name",
  "fullName" : "tests.feature_profile_test.TestProfileFeature#test_change_profile_name",
  "historyId" : "42b4a115007c35c622675a0baedb491a",
  "time" : {
    "start" : 1709037924665,
    "stop" : 1709037945075,
    "duration" : 20410
  },
  "status" : "broken",
  "statusMessage" : "selenium.common.exceptions.TimeoutException: Message:",
  "statusTrace" : "self = <feature_profile_test.TestProfileFeature object at 0x7efff3c9d5b0>\n\n    @allure.title(\"Change profile name\")\n    @allure.severity(\"Critical\")\n    # @pytest.mark.smoke\n    def test_change_profile_name(self):\n        self.login_page.open()\n        self.login_page.enter_login(self.data.LOGIN)\n        self.login_page.enter_password(self.data.PASSWORD)\n        self.login_page.click_submit_button()\n        self.dashboard_page.is_opened()\n        self.dashboard_page.click_my_info()\n        self.personal_page.is_opened()\n        self.personal_page.change_name(f\"Test {random.randint(1,100)}\")\n        self.personal_page.save_changes()\n>       self.personal_page.is_changes_saved()\n\ntests/feature_profile_test.py:27: \n_ _ _ _ _ _ _ _ _ _ _ _ _ _ _ _ _ _ _ _ _ _ _ _ _ _ _ _ _ _ _ _ _ _ _ _ _ _ _ _ \npages/personal_page.py:34: in is_changes_saved\n    self.wait.until(EC.text_to_be_present_in_element_value(self.FIRST_NAME_FIELD,self.name))\n_ _ _ _ _ _ _ _ _ _ _ _ _ _ _ _ _ _ _ _ _ _ _ _ _ _ _ _ _ _ _ _ _ _ _ _ _ _ _ _ \n\nself = <selenium.webdriver.support.wait.WebDriverWait (session=\"8a3ebbf4e77e6429ed36f87d4485fe1e\")>\nmethod = <function text_to_be_present_in_element_value.<locals>._predicate at 0x7efff32c00e0>\nmessage = ''\n\n    def until(self, method: Callable[[WebDriver], Union[Literal[False], T]], message: str = \"\") -> T:\n        \"\"\"Calls the method provided with the driver as an argument until the \\\n        return value does not evaluate to ``False``.\n    \n        :param method: callable(WebDriver)\n        :param message: optional message for :exc:`TimeoutException`\n        :returns: the result of the last call to `method`\n        :raises: :exc:`selenium.common.exceptions.TimeoutException` if timeout occurs\n        \"\"\"\n        screen = None\n        stacktrace = None\n    \n        end_time = time.monotonic() + self._timeout\n        while True:\n            try:\n                value = method(self._driver)\n                if value:\n                    return value\n            except self._ignored_exceptions as exc:\n                screen = getattr(exc, \"screen\", None)\n                stacktrace = getattr(exc, \"stacktrace\", None)\n            time.sleep(self._poll)\n            if time.monotonic() > end_time:\n                break\n>       raise TimeoutException(message, screen, stacktrace)\nE       selenium.common.exceptions.TimeoutException: Message:\n\n../local/lib/python3.12/site-packages/selenium/webdriver/support/wait.py:101: TimeoutException",
  "flaky" : false,
  "newFailed" : false,
  "beforeStages" : [ {
    "name" : "setup",
    "time" : {
      "start" : 1709037924665,
      "stop" : 1709037924665,
      "duration" : 0
    },
    "status" : "passed",
    "steps" : [ ],
    "attachments" : [ ],
    "parameters" : [ ],
    "attachmentsCount" : 0,
    "shouldDisplayMessage" : false,
    "stepsCount" : 0,
    "hasContent" : false
  }, {
    "name" : "driver",
    "time" : {
      "start" : 1709037923782,
      "stop" : 1709037924665,
      "duration" : 883
    },
    "status" : "passed",
    "steps" : [ ],
    "attachments" : [ ],
    "parameters" : [ ],
    "attachmentsCount" : 0,
    "shouldDisplayMessage" : false,
    "stepsCount" : 0,
    "hasContent" : false
  } ],
  "testStage" : {
    "status" : "broken",
    "statusMessage" : "selenium.common.exceptions.TimeoutException: Message:",
    "statusTrace" : "self = <feature_profile_test.TestProfileFeature object at 0x7efff3c9d5b0>\n\n    @allure.title(\"Change profile name\")\n    @allure.severity(\"Critical\")\n    # @pytest.mark.smoke\n    def test_change_profile_name(self):\n        self.login_page.open()\n        self.login_page.enter_login(self.data.LOGIN)\n        self.login_page.enter_password(self.data.PASSWORD)\n        self.login_page.click_submit_button()\n        self.dashboard_page.is_opened()\n        self.dashboard_page.click_my_info()\n        self.personal_page.is_opened()\n        self.personal_page.change_name(f\"Test {random.randint(1,100)}\")\n        self.personal_page.save_changes()\n>       self.personal_page.is_changes_saved()\n\ntests/feature_profile_test.py:27: \n_ _ _ _ _ _ _ _ _ _ _ _ _ _ _ _ _ _ _ _ _ _ _ _ _ _ _ _ _ _ _ _ _ _ _ _ _ _ _ _ \npages/personal_page.py:34: in is_changes_saved\n    self.wait.until(EC.text_to_be_present_in_element_value(self.FIRST_NAME_FIELD,self.name))\n_ _ _ _ _ _ _ _ _ _ _ _ _ _ _ _ _ _ _ _ _ _ _ _ _ _ _ _ _ _ _ _ _ _ _ _ _ _ _ _ \n\nself = <selenium.webdriver.support.wait.WebDriverWait (session=\"8a3ebbf4e77e6429ed36f87d4485fe1e\")>\nmethod = <function text_to_be_present_in_element_value.<locals>._predicate at 0x7efff32c00e0>\nmessage = ''\n\n    def until(self, method: Callable[[WebDriver], Union[Literal[False], T]], message: str = \"\") -> T:\n        \"\"\"Calls the method provided with the driver as an argument until the \\\n        return value does not evaluate to ``False``.\n    \n        :param method: callable(WebDriver)\n        :param message: optional message for :exc:`TimeoutException`\n        :returns: the result of the last call to `method`\n        :raises: :exc:`selenium.common.exceptions.TimeoutException` if timeout occurs\n        \"\"\"\n        screen = None\n        stacktrace = None\n    \n        end_time = time.monotonic() + self._timeout\n        while True:\n            try:\n                value = method(self._driver)\n                if value:\n                    return value\n            except self._ignored_exceptions as exc:\n                screen = getattr(exc, \"screen\", None)\n                stacktrace = getattr(exc, \"stacktrace\", None)\n            time.sleep(self._poll)\n            if time.monotonic() > end_time:\n                break\n>       raise TimeoutException(message, screen, stacktrace)\nE       selenium.common.exceptions.TimeoutException: Message:\n\n../local/lib/python3.12/site-packages/selenium/webdriver/support/wait.py:101: TimeoutException",
    "steps" : [ {
      "name" : "Open https://opensource-demo.orangehrmlive.com/web/index.php/auth/login page",
      "time" : {
        "start" : 1709037924665,
        "stop" : 1709037926068,
        "duration" : 1403
      },
      "status" : "passed",
      "steps" : [ ],
      "attachments" : [ ],
      "parameters" : [ ],
      "attachmentsCount" : 0,
      "shouldDisplayMessage" : false,
      "stepsCount" : 0,
      "hasContent" : false
    }, {
      "name" : "Enter login",
      "time" : {
        "start" : 1709037926068,
        "stop" : 1709037927123,
        "duration" : 1055
      },
      "status" : "passed",
      "steps" : [ ],
      "attachments" : [ ],
      "parameters" : [ {
        "name" : "login",
        "value" : "'Admin'"
      } ],
      "attachmentsCount" : 0,
      "shouldDisplayMessage" : false,
      "stepsCount" : 0,
      "hasContent" : true
    }, {
      "name" : "Enter password",
      "time" : {
        "start" : 1709037927123,
        "stop" : 1709037927192,
        "duration" : 69
      },
      "status" : "passed",
      "steps" : [ ],
      "attachments" : [ ],
      "parameters" : [ {
        "name" : "password",
        "value" : "'admin123'"
      } ],
      "attachmentsCount" : 0,
      "shouldDisplayMessage" : false,
      "stepsCount" : 0,
      "hasContent" : true
    }, {
      "name" : "Click submit",
      "time" : {
        "start" : 1709037927193,
        "stop" : 1709037927235,
        "duration" : 42
      },
      "status" : "passed",
      "steps" : [ ],
      "attachments" : [ ],
      "parameters" : [ ],
      "attachmentsCount" : 0,
      "shouldDisplayMessage" : false,
      "stepsCount" : 0,
      "hasContent" : false
    }, {
      "name" : "Open https://opensource-demo.orangehrmlive.com/web/index.php/dashboard/index is opened",
      "time" : {
        "start" : 1709037927235,
        "stop" : 1709037928228,
        "duration" : 993
      },
      "status" : "passed",
      "steps" : [ ],
      "attachments" : [ ],
      "parameters" : [ ],
      "attachmentsCount" : 0,
      "shouldDisplayMessage" : false,
      "stepsCount" : 0,
      "hasContent" : false
    }, {
      "name" : "Click on 'My info' link",
      "time" : {
        "start" : 1709037928228,
        "stop" : 1709037930290,
        "duration" : 2062
      },
      "status" : "passed",
      "steps" : [ ],
      "attachments" : [ ],
      "parameters" : [ ],
      "attachmentsCount" : 0,
      "shouldDisplayMessage" : false,
      "stepsCount" : 0,
      "hasContent" : false
    }, {
      "name" : "Open https://opensource-demo.orangehrmlive.com/web/index.php/pim/viewPersonalDetails/empNumber/7 is opened",
      "time" : {
        "start" : 1709037930290,
        "stop" : 1709037930293,
        "duration" : 3
      },
      "status" : "passed",
      "steps" : [ ],
      "attachments" : [ ],
      "parameters" : [ ],
      "attachmentsCount" : 0,
      "shouldDisplayMessage" : false,
      "stepsCount" : 0,
      "hasContent" : false
    }, {
      "name" : "Change name",
      "time" : {
        "start" : 1709037930293,
        "stop" : 1709037931377,
        "duration" : 1084
      },
      "status" : "passed",
      "steps" : [ {
        "name" : "Change name on 'Test 51'",
        "time" : {
          "start" : 1709037930293,
          "stop" : 1709037931377,
          "duration" : 1084
        },
        "status" : "passed",
        "steps" : [ ],
        "attachments" : [ ],
        "parameters" : [ ],
        "attachmentsCount" : 0,
        "shouldDisplayMessage" : false,
        "stepsCount" : 0,
        "hasContent" : false
      } ],
      "attachments" : [ ],
      "parameters" : [ {
        "name" : "new_name",
        "value" : "'Test 51'"
      } ],
      "attachmentsCount" : 0,
      "shouldDisplayMessage" : false,
      "stepsCount" : 1,
      "hasContent" : true
    }, {
      "name" : "Save name",
      "time" : {
        "start" : 1709037931377,
        "stop" : 1709037931909,
        "duration" : 532
      },
      "status" : "passed",
      "steps" : [ ],
      "attachments" : [ ],
      "parameters" : [ ],
      "attachmentsCount" : 0,
      "shouldDisplayMessage" : false,
      "stepsCount" : 0,
      "hasContent" : false
    }, {
      "name" : "Check changes",
      "time" : {
        "start" : 1709037931909,
        "stop" : 1709037945074,
        "duration" : 13165
      },
      "status" : "broken",
      "statusMessage" : "selenium.common.exceptions.TimeoutException: Message: \n\n",
      "statusTrace" : "  File \"/usr/local/lib/python3.12/site-packages/allure_commons/_allure.py\", line 192, in impl\n    return func(*a, **kw)\n           ^^^^^^^^^^^^^^\n  File \"/usr/workspace/pages/personal_page.py\", line 34, in is_changes_saved\n    self.wait.until(EC.text_to_be_present_in_element_value(self.FIRST_NAME_FIELD,self.name))\n  File \"/usr/local/lib/python3.12/site-packages/selenium/webdriver/support/wait.py\", line 101, in until\n    raise TimeoutException(message, screen, stacktrace)\n",
      "steps" : [ ],
      "attachments" : [ ],
      "parameters" : [ ],
      "attachmentsCount" : 0,
      "shouldDisplayMessage" : true,
      "stepsCount" : 0,
      "hasContent" : true
    } ],
    "attachments" : [ ],
    "parameters" : [ ],
    "attachmentsCount" : 0,
    "shouldDisplayMessage" : true,
    "stepsCount" : 11,
    "hasContent" : true
  },
  "afterStages" : [ {
    "name" : "driver::0",
    "time" : {
      "start" : 1709037945104,
      "stop" : 1709037945190,
      "duration" : 86
    },
    "status" : "passed",
    "steps" : [ ],
    "attachments" : [ ],
    "parameters" : [ ],
    "attachmentsCount" : 0,
    "shouldDisplayMessage" : false,
    "stepsCount" : 0,
    "hasContent" : false
  } ],
  "labels" : [ {
    "name" : "feature",
    "value" : "Profile Functionaloty"
  }, {
    "name" : "severity",
    "value" : "Critical"
  }, {
    "name" : "parentSuite",
    "value" : "tests"
  }, {
    "name" : "suite",
    "value" : "feature_profile_test"
  }, {
    "name" : "subSuite",
    "value" : "TestProfileFeature"
  }, {
    "name" : "host",
    "value" : "2f4a0c4bf6ea"
  }, {
    "name" : "thread",
    "value" : "1-MainThread"
  }, {
    "name" : "framework",
    "value" : "pytest"
  }, {
    "name" : "language",
    "value" : "cpython3"
  }, {
    "name" : "package",
    "value" : "tests.feature_profile_test"
  }, {
    "name" : "resultFormat",
    "value" : "allure2"
  } ],
  "parameters" : [ ],
  "links" : [ ],
  "hidden" : false,
  "retry" : false,
  "extra" : {
    "severity" : "critical",
    "retries" : [ ],
    "categories" : [ {
      "name" : "Test defects",
      "matchedStatuses" : [ ],
      "flaky" : false
    } ],
    "history" : {
      "statistic" : {
        "failed" : 0,
        "broken" : 66,
        "skipped" : 0,
        "passed" : 383,
        "unknown" : 0,
        "total" : 449
      },
      "items" : [ {
        "uid" : "76023055e24a97c9",
        "status" : "passed",
        "time" : {
          "start" : 1708968911797,
          "stop" : 1708968923420,
          "duration" : 11623
        }
      }, {
        "uid" : "7dabc3e7c3e26ef",
        "status" : "passed",
        "time" : {
          "start" : 1708965421764,
          "stop" : 1708965433697,
          "duration" : 11933
        }
      }, {
        "uid" : "1def024da62b795d",
        "status" : "passed",
        "time" : {
          "start" : 1708961746163,
          "stop" : 1708961757968,
          "duration" : 11805
        }
      }, {
        "uid" : "76b18a6752310ab4",
        "status" : "passed",
        "time" : {
          "start" : 1708958093784,
          "stop" : 1708958106213,
          "duration" : 12429
        }
      }, {
        "uid" : "141cff56699f94b7",
        "status" : "passed",
        "time" : {
          "start" : 1708954524915,
          "stop" : 1708954536947,
          "duration" : 12032
        }
      }, {
        "uid" : "31feb92f561cc670",
        "status" : "passed",
        "time" : {
          "start" : 1708951557480,
          "stop" : 1708951570878,
          "duration" : 13398
        }
      }, {
        "uid" : "c40fd63d4d607bf7",
        "status" : "broken",
        "statusDetails" : "selenium.common.exceptions.TimeoutException: Message:",
        "time" : {
          "start" : 1708709700709,
          "stop" : 1708709711243,
          "duration" : 10534
        }
      }, {
        "uid" : "874298ae181b28f2",
        "status" : "broken",
        "statusDetails" : "selenium.common.exceptions.TimeoutException: Message:",
        "time" : {
          "start" : 1708706155416,
          "stop" : 1708706166112,
          "duration" : 10696
        }
      }, {
        "uid" : "5b14fe29e23c4146",
        "status" : "broken",
        "statusDetails" : "selenium.common.exceptions.TimeoutException: Message:",
        "time" : {
          "start" : 1708702528982,
          "stop" : 1708702539770,
          "duration" : 10788
        }
      }, {
        "uid" : "8120d8802e832c50",
        "status" : "broken",
        "statusDetails" : "selenium.common.exceptions.TimeoutException: Message:",
        "time" : {
          "start" : 1708698909087,
          "stop" : 1708698919647,
          "duration" : 10560
        }
      }, {
        "uid" : "e1bece43986fdf22",
        "status" : "broken",
        "statusDetails" : "selenium.common.exceptions.TimeoutException: Message:",
        "time" : {
          "start" : 1708695310724,
          "stop" : 1708695321344,
          "duration" : 10620
        }
      }, {
        "uid" : "22aa82d6b5e21d74",
        "status" : "broken",
        "statusDetails" : "selenium.common.exceptions.TimeoutException: Message:",
        "time" : {
          "start" : 1708692302265,
          "stop" : 1708692313148,
          "duration" : 10883
        }
      }, {
        "uid" : "fff53e5215def41",
        "status" : "broken",
        "statusDetails" : "selenium.common.exceptions.TimeoutException: Message:",
        "time" : {
          "start" : 1708623303307,
          "stop" : 1708623313778,
          "duration" : 10471
        }
      }, {
        "uid" : "f164259f2b2f97d4",
        "status" : "broken",
        "statusDetails" : "selenium.common.exceptions.TimeoutException: Message:",
        "time" : {
          "start" : 1708619824404,
          "stop" : 1708619834902,
          "duration" : 10498
        }
      }, {
        "uid" : "e6dc6ccf6b68851d",
        "status" : "broken",
        "statusDetails" : "selenium.common.exceptions.TimeoutException: Message:",
        "time" : {
          "start" : 1708616137527,
          "stop" : 1708616148196,
          "duration" : 10669
        }
      }, {
        "uid" : "152e313134114a3d",
        "status" : "broken",
        "statusDetails" : "selenium.common.exceptions.TimeoutException: Message:",
        "time" : {
          "start" : 1708612499554,
          "stop" : 1708612510015,
          "duration" : 10461
        }
      }, {
        "uid" : "7a3a79d2e6eee3ff",
        "status" : "broken",
        "statusDetails" : "selenium.common.exceptions.TimeoutException: Message:",
        "time" : {
          "start" : 1708608945965,
          "stop" : 1708608956718,
          "duration" : 10753
        }
      }, {
        "uid" : "d01a3f9f5c2a179b",
        "status" : "broken",
        "statusDetails" : "selenium.common.exceptions.TimeoutException: Message:",
        "time" : {
          "start" : 1708605941979,
          "stop" : 1708605952501,
          "duration" : 10522
        }
      }, {
        "uid" : "f6823bbdb99b1087",
        "status" : "passed",
        "time" : {
          "start" : 1708536923864,
          "stop" : 1708536936184,
          "duration" : 12320
        }
      }, {
        "uid" : "1047044d51ee3e2c",
        "status" : "passed",
        "time" : {
          "start" : 1708533423334,
          "stop" : 1708533435463,
          "duration" : 12129
        }
      } ]
    },
    "tags" : [ ]
  },
  "source" : "ca7115bade9deb1c.json",
  "parameterValues" : [ ]
}