{
  "uid" : "fb117f508feda138",
  "name" : "Search assistant",
  "fullName" : "tests.feature_profile_test.TestProfileFeature#test_search_assistant",
  "historyId" : "5072212cbe0f70fbe444f2ea8b1ce8c7",
  "time" : {
    "start" : 1710862562295,
    "stop" : 1710862578259,
    "duration" : 15964
  },
  "status" : "broken",
  "statusMessage" : "selenium.common.exceptions.TimeoutException: Message:",
  "statusTrace" : "self = <feature_profile_test.TestProfileFeature object at 0x769dd418ce00>\n\n    @allure.title(\"Search assistant\")\n    @allure.severity(\"Critical\")\n    def test_search_assistant(self):\n        self.login_page.open()\n        self.login_page.enter_login(self.data.LOGIN)\n        self.login_page.enter_password(self.data.PASSWORD)\n        self.login_page.click_submit_button()\n        self.dashboard_page.is_opened()\n        self.dashboard_page.click_directory()\n        self.directory_page.is_opened()\n>       self.directory_page.add_field_employee(f\"Luis\")\n\ntests/feature_profile_test.py:87: \n_ _ _ _ _ _ _ _ _ _ _ _ _ _ _ _ _ _ _ _ _ _ _ _ _ _ _ _ _ _ _ _ _ _ _ _ _ _ _ _ \npages/directory_page.py:29: in add_field_employee\n    self.wait.until(EC.element_to_be_clickable(self.FIRST_NAME)).click()\n_ _ _ _ _ _ _ _ _ _ _ _ _ _ _ _ _ _ _ _ _ _ _ _ _ _ _ _ _ _ _ _ _ _ _ _ _ _ _ _ \n\nself = <selenium.webdriver.support.wait.WebDriverWait (session=\"6a4a0f78ab12fd86180fcb827879a41b\")>\nmethod = <function element_to_be_clickable.<locals>._predicate at 0x769dd41d6160>\nmessage = ''\n\n    def until(self, method: Callable[[WebDriver], Union[Literal[False], T]], message: str = \"\") -> T:\n        \"\"\"Calls the method provided with the driver as an argument until the \\\n        return value does not evaluate to ``False``.\n    \n        :param method: callable(WebDriver)\n        :param message: optional message for :exc:`TimeoutException`\n        :returns: the result of the last call to `method`\n        :raises: :exc:`selenium.common.exceptions.TimeoutException` if timeout occurs\n        \"\"\"\n        screen = None\n        stacktrace = None\n    \n        end_time = time.monotonic() + self._timeout\n        while True:\n            try:\n                value = method(self._driver)\n                if value:\n                    return value\n            except self._ignored_exceptions as exc:\n                screen = getattr(exc, \"screen\", None)\n                stacktrace = getattr(exc, \"stacktrace\", None)\n            time.sleep(self._poll)\n            if time.monotonic() > end_time:\n                break\n>       raise TimeoutException(message, screen, stacktrace)\nE       selenium.common.exceptions.TimeoutException: Message:\n\n../local/lib/python3.12/site-packages/selenium/webdriver/support/wait.py:101: TimeoutException",
  "flaky" : false,
  "newFailed" : false,
  "beforeStages" : [ {
    "name" : "setup",
    "time" : {
      "start" : 1710862562295,
      "stop" : 1710862562295,
      "duration" : 0
    },
    "status" : "passed",
    "steps" : [ ],
    "attachments" : [ ],
    "parameters" : [ ],
    "attachmentsCount" : 0,
    "shouldDisplayMessage" : false,
    "stepsCount" : 0,
    "hasContent" : false
  }, {
    "name" : "driver",
    "time" : {
      "start" : 1710862561479,
      "stop" : 1710862562295,
      "duration" : 816
    },
    "status" : "passed",
    "steps" : [ ],
    "attachments" : [ ],
    "parameters" : [ ],
    "attachmentsCount" : 0,
    "shouldDisplayMessage" : false,
    "stepsCount" : 0,
    "hasContent" : false
  } ],
  "testStage" : {
    "status" : "broken",
    "statusMessage" : "selenium.common.exceptions.TimeoutException: Message:",
    "statusTrace" : "self = <feature_profile_test.TestProfileFeature object at 0x769dd418ce00>\n\n    @allure.title(\"Search assistant\")\n    @allure.severity(\"Critical\")\n    def test_search_assistant(self):\n        self.login_page.open()\n        self.login_page.enter_login(self.data.LOGIN)\n        self.login_page.enter_password(self.data.PASSWORD)\n        self.login_page.click_submit_button()\n        self.dashboard_page.is_opened()\n        self.dashboard_page.click_directory()\n        self.directory_page.is_opened()\n>       self.directory_page.add_field_employee(f\"Luis\")\n\ntests/feature_profile_test.py:87: \n_ _ _ _ _ _ _ _ _ _ _ _ _ _ _ _ _ _ _ _ _ _ _ _ _ _ _ _ _ _ _ _ _ _ _ _ _ _ _ _ \npages/directory_page.py:29: in add_field_employee\n    self.wait.until(EC.element_to_be_clickable(self.FIRST_NAME)).click()\n_ _ _ _ _ _ _ _ _ _ _ _ _ _ _ _ _ _ _ _ _ _ _ _ _ _ _ _ _ _ _ _ _ _ _ _ _ _ _ _ \n\nself = <selenium.webdriver.support.wait.WebDriverWait (session=\"6a4a0f78ab12fd86180fcb827879a41b\")>\nmethod = <function element_to_be_clickable.<locals>._predicate at 0x769dd41d6160>\nmessage = ''\n\n    def until(self, method: Callable[[WebDriver], Union[Literal[False], T]], message: str = \"\") -> T:\n        \"\"\"Calls the method provided with the driver as an argument until the \\\n        return value does not evaluate to ``False``.\n    \n        :param method: callable(WebDriver)\n        :param message: optional message for :exc:`TimeoutException`\n        :returns: the result of the last call to `method`\n        :raises: :exc:`selenium.common.exceptions.TimeoutException` if timeout occurs\n        \"\"\"\n        screen = None\n        stacktrace = None\n    \n        end_time = time.monotonic() + self._timeout\n        while True:\n            try:\n                value = method(self._driver)\n                if value:\n                    return value\n            except self._ignored_exceptions as exc:\n                screen = getattr(exc, \"screen\", None)\n                stacktrace = getattr(exc, \"stacktrace\", None)\n            time.sleep(self._poll)\n            if time.monotonic() > end_time:\n                break\n>       raise TimeoutException(message, screen, stacktrace)\nE       selenium.common.exceptions.TimeoutException: Message:\n\n../local/lib/python3.12/site-packages/selenium/webdriver/support/wait.py:101: TimeoutException",
    "steps" : [ {
      "name" : "Open https://opensource-demo.orangehrmlive.com/web/index.php/auth/login page",
      "time" : {
        "start" : 1710862562296,
        "stop" : 1710862563635,
        "duration" : 1339
      },
      "status" : "passed",
      "steps" : [ ],
      "attachments" : [ ],
      "parameters" : [ ],
      "attachmentsCount" : 0,
      "shouldDisplayMessage" : false,
      "stepsCount" : 0,
      "hasContent" : false
    }, {
      "name" : "Enter login",
      "time" : {
        "start" : 1710862563636,
        "stop" : 1710862564691,
        "duration" : 1055
      },
      "status" : "passed",
      "steps" : [ ],
      "attachments" : [ ],
      "parameters" : [ {
        "name" : "login",
        "value" : "'Admin'"
      } ],
      "attachmentsCount" : 0,
      "shouldDisplayMessage" : false,
      "stepsCount" : 0,
      "hasContent" : true
    }, {
      "name" : "Enter password",
      "time" : {
        "start" : 1710862564691,
        "stop" : 1710862564759,
        "duration" : 68
      },
      "status" : "passed",
      "steps" : [ ],
      "attachments" : [ ],
      "parameters" : [ {
        "name" : "password",
        "value" : "'admin123'"
      } ],
      "attachmentsCount" : 0,
      "shouldDisplayMessage" : false,
      "stepsCount" : 0,
      "hasContent" : true
    }, {
      "name" : "Click submit",
      "time" : {
        "start" : 1710862564759,
        "stop" : 1710862564801,
        "duration" : 42
      },
      "status" : "passed",
      "steps" : [ ],
      "attachments" : [ ],
      "parameters" : [ ],
      "attachmentsCount" : 0,
      "shouldDisplayMessage" : false,
      "stepsCount" : 0,
      "hasContent" : false
    }, {
      "name" : "Open https://opensource-demo.orangehrmlive.com/web/index.php/dashboard/index is opened",
      "time" : {
        "start" : 1710862564801,
        "stop" : 1710862565710,
        "duration" : 909
      },
      "status" : "passed",
      "steps" : [ ],
      "attachments" : [ ],
      "parameters" : [ ],
      "attachmentsCount" : 0,
      "shouldDisplayMessage" : false,
      "stepsCount" : 0,
      "hasContent" : false
    }, {
      "name" : "Click on 'Directory' link",
      "time" : {
        "start" : 1710862565710,
        "stop" : 1710862567137,
        "duration" : 1427
      },
      "status" : "passed",
      "steps" : [ ],
      "attachments" : [ ],
      "parameters" : [ ],
      "attachmentsCount" : 0,
      "shouldDisplayMessage" : false,
      "stepsCount" : 0,
      "hasContent" : false
    }, {
      "name" : "Open https://opensource-demo.orangehrmlive.com/web/index.php/directory/viewDirectory is opened",
      "time" : {
        "start" : 1710862567137,
        "stop" : 1710862567139,
        "duration" : 2
      },
      "status" : "passed",
      "steps" : [ ],
      "attachments" : [ ],
      "parameters" : [ ],
      "attachmentsCount" : 0,
      "shouldDisplayMessage" : false,
      "stepsCount" : 0,
      "hasContent" : false
    }, {
      "name" : "Add fields",
      "time" : {
        "start" : 1710862567139,
        "stop" : 1710862578258,
        "duration" : 11119
      },
      "status" : "broken",
      "statusMessage" : "selenium.common.exceptions.TimeoutException: Message: \n\n",
      "statusTrace" : "  File \"/usr/local/lib/python3.12/site-packages/allure_commons/_allure.py\", line 192, in impl\n    return func(*a, **kw)\n           ^^^^^^^^^^^^^^\n  File \"/usr/workspace/pages/directory_page.py\", line 29, in add_field_employee\n    self.wait.until(EC.element_to_be_clickable(self.FIRST_NAME)).click()\n    ^^^^^^^^^^^^^^^^^^^^^^^^^^^^^^^^^^^^^^^^^^^^^^^^^^^^^^^^^^^^\n  File \"/usr/local/lib/python3.12/site-packages/selenium/webdriver/support/wait.py\", line 101, in until\n    raise TimeoutException(message, screen, stacktrace)\n",
      "steps" : [ ],
      "attachments" : [ ],
      "parameters" : [ {
        "name" : "new_employee",
        "value" : "'Luis'"
      } ],
      "attachmentsCount" : 0,
      "shouldDisplayMessage" : true,
      "stepsCount" : 0,
      "hasContent" : true
    } ],
    "attachments" : [ ],
    "parameters" : [ ],
    "attachmentsCount" : 0,
    "shouldDisplayMessage" : true,
    "stepsCount" : 8,
    "hasContent" : true
  },
  "afterStages" : [ {
    "name" : "driver::0",
    "time" : {
      "start" : 1710862578288,
      "stop" : 1710862578346,
      "duration" : 58
    },
    "status" : "passed",
    "steps" : [ ],
    "attachments" : [ ],
    "parameters" : [ ],
    "attachmentsCount" : 0,
    "shouldDisplayMessage" : false,
    "stepsCount" : 0,
    "hasContent" : false
  } ],
  "labels" : [ {
    "name" : "severity",
    "value" : "Critical"
  }, {
    "name" : "feature",
    "value" : "Profile Functionaloty"
  }, {
    "name" : "parentSuite",
    "value" : "tests"
  }, {
    "name" : "suite",
    "value" : "feature_profile_test"
  }, {
    "name" : "subSuite",
    "value" : "TestProfileFeature"
  }, {
    "name" : "host",
    "value" : "d3c6a611ced0"
  }, {
    "name" : "thread",
    "value" : "1-MainThread"
  }, {
    "name" : "framework",
    "value" : "pytest"
  }, {
    "name" : "language",
    "value" : "cpython3"
  }, {
    "name" : "package",
    "value" : "tests.feature_profile_test"
  }, {
    "name" : "resultFormat",
    "value" : "allure2"
  } ],
  "parameters" : [ ],
  "links" : [ ],
  "hidden" : false,
  "retry" : false,
  "extra" : {
    "severity" : "critical",
    "retries" : [ ],
    "categories" : [ {
      "name" : "Test defects",
      "matchedStatuses" : [ ],
      "flaky" : false
    } ],
    "history" : {
      "statistic" : {
        "failed" : 0,
        "broken" : 57,
        "skipped" : 0,
        "passed" : 485,
        "unknown" : 0,
        "total" : 542
      },
      "items" : [ {
        "uid" : "9b12ae13e5f5293",
        "status" : "passed",
        "time" : {
          "start" : 1710858960655,
          "stop" : 1710858972141,
          "duration" : 11486
        }
      }, {
        "uid" : "edf3f5c501d13189",
        "status" : "broken",
        "statusDetails" : "selenium.common.exceptions.TimeoutException: Message:",
        "time" : {
          "start" : 1710855395090,
          "stop" : 1710855413489,
          "duration" : 18399
        }
      }, {
        "uid" : "b099554fa8ed02f5",
        "status" : "passed",
        "time" : {
          "start" : 1710852434484,
          "stop" : 1710852445743,
          "duration" : 11259
        }
      }, {
        "uid" : "1f54b5d4e69ed705",
        "status" : "passed",
        "time" : {
          "start" : 1710783428406,
          "stop" : 1710783438908,
          "duration" : 10502
        }
      }, {
        "uid" : "ab68fed8f1c37071",
        "status" : "passed",
        "time" : {
          "start" : 1710779962405,
          "stop" : 1710779972976,
          "duration" : 10571
        }
      }, {
        "uid" : "591f214bdcb37b05",
        "status" : "passed",
        "time" : {
          "start" : 1710776228029,
          "stop" : 1710776238397,
          "duration" : 10368
        }
      }, {
        "uid" : "913afa05e4099bfa",
        "status" : "passed",
        "time" : {
          "start" : 1710772578998,
          "stop" : 1710772589374,
          "duration" : 10376
        }
      }, {
        "uid" : "3055b7ccd22bb7a3",
        "status" : "passed",
        "time" : {
          "start" : 1710768943867,
          "stop" : 1710768954278,
          "duration" : 10411
        }
      }, {
        "uid" : "223c0b923b726e76",
        "status" : "passed",
        "time" : {
          "start" : 1710766154948,
          "stop" : 1710766166268,
          "duration" : 11320
        }
      }, {
        "uid" : "52a7bb12de737740",
        "status" : "passed",
        "time" : {
          "start" : 1710524162608,
          "stop" : 1710524173109,
          "duration" : 10501
        }
      }, {
        "uid" : "52f59dac90a67630",
        "status" : "broken",
        "statusDetails" : "selenium.common.exceptions.TimeoutException: Message:",
        "time" : {
          "start" : 1710520655182,
          "stop" : 1710520671379,
          "duration" : 16197
        }
      }, {
        "uid" : "146727d6e49fe436",
        "status" : "passed",
        "time" : {
          "start" : 1710516965991,
          "stop" : 1710516976258,
          "duration" : 10267
        }
      }, {
        "uid" : "8eff177354729ee6",
        "status" : "passed",
        "time" : {
          "start" : 1710513530713,
          "stop" : 1710513541069,
          "duration" : 10356
        }
      }, {
        "uid" : "147d989dfbe6fcbd",
        "status" : "passed",
        "time" : {
          "start" : 1710509749188,
          "stop" : 1710509759394,
          "duration" : 10206
        }
      }, {
        "uid" : "68efa82eaaad6e0f",
        "status" : "passed",
        "time" : {
          "start" : 1710506792927,
          "stop" : 1710506803199,
          "duration" : 10272
        }
      }, {
        "uid" : "f81a1638584e4ed",
        "status" : "passed",
        "time" : {
          "start" : 1710437773400,
          "stop" : 1710437785257,
          "duration" : 11857
        }
      }, {
        "uid" : "f9338163ef4d2205",
        "status" : "broken",
        "statusDetails" : "selenium.common.exceptions.TimeoutException: Message:",
        "time" : {
          "start" : 1710434273711,
          "stop" : 1710434290897,
          "duration" : 17186
        }
      }, {
        "uid" : "b524198d05bfd087",
        "status" : "passed",
        "time" : {
          "start" : 1710430568077,
          "stop" : 1710430578188,
          "duration" : 10111
        }
      }, {
        "uid" : "91bf3f845d0db31c",
        "status" : "passed",
        "time" : {
          "start" : 1710427017542,
          "stop" : 1710427028338,
          "duration" : 10796
        }
      }, {
        "uid" : "dd08570e7d41ef65",
        "status" : "passed",
        "time" : {
          "start" : 1710423375040,
          "stop" : 1710423385615,
          "duration" : 10575
        }
      } ]
    },
    "tags" : [ ]
  },
  "source" : "fb117f508feda138.json",
  "parameterValues" : [ ]
}